2019-03-01T10:30:05.9106683+01:00 0HLKTJI5SG9UQ:00000001 [INF] Request starting HTTP/1.1 GET http://localhost:5000/CarouselTest   (ca22a1cb)
2019-03-01T10:30:05.9347919+01:00 0HLKTJI5SG9UQ:00000001 [INF] Route matched with "{page = \"/CarouselTest\", action = \"\", controller = \"\"}". Executing page "/CarouselTest" (547e620f)
2019-03-01T10:30:05.9387238+01:00 0HLKTJI5SG9UQ:00000001 [INF] Executing an implicit handler method - ModelState is Valid (232a55d1)
2019-03-01T10:30:05.9429722+01:00 0HLKTJI5SG9UQ:00000001 [INF] Executed an implicit handler method, returned result "Microsoft.AspNetCore.Mvc.RazorPages.PageResult". (f857da66)
2019-03-01T10:30:06.3873960+01:00 0HLKTJI5SG9UQ:00000001 [INF] Executed page "/CarouselTest" in 449.9475ms (02e01280)
2019-03-01T10:30:06.4923371+01:00 0HLKTJI5SG9UQ:00000001 [ERR] An unhandled exception has occurred while executing the request. (48a46595)
Microsoft.AspNetCore.Mvc.Razor.Compilation.CompilationFailedException: One or more compilation failures occurred:
C:\dev\temp\hysite\Hysite\Pages\_Layout.cshtml(3,2): Error RZ1034: Found a malformed 'head' tag helper. Tag helpers must have a start and end tag or be self closing.
   at Microsoft.AspNetCore.Mvc.Razor.Internal.RazorViewCompiler.CompileAndEmit(String relativePath)
   at Microsoft.AspNetCore.Mvc.Razor.Internal.RazorViewCompiler.OnCacheMiss(String normalizedPath)
--- End of stack trace from previous location where exception was thrown ---
   at Microsoft.AspNetCore.Mvc.Razor.Internal.DefaultRazorPageFactoryProvider.CreateFactory(String relativePath)
   at Microsoft.AspNetCore.Mvc.Razor.RazorViewEngine.CreateCacheResult(HashSet`1 expirationTokens, String relativePath, Boolean isMainPage)
   at Microsoft.AspNetCore.Mvc.Razor.RazorViewEngine.OnCacheMiss(ViewLocationExpanderContext expanderContext, ViewLocationCacheKey cacheKey)
   at Microsoft.AspNetCore.Mvc.Razor.RazorViewEngine.LocatePageFromViewLocations(ActionContext actionContext, String pageName, Boolean isMainPage)
   at Microsoft.AspNetCore.Mvc.Razor.RazorViewEngine.FindPage(ActionContext context, String pageName)
   at Microsoft.AspNetCore.Mvc.Razor.RazorView.GetLayoutPage(ViewContext context, String executingFilePath, String layoutPath)
   at Microsoft.AspNetCore.Mvc.Razor.RazorView.RenderLayoutAsync(ViewContext context, ViewBufferTextWriter bodyWriter)
   at Microsoft.AspNetCore.Mvc.Razor.RazorView.RenderAsync(ViewContext context)
   at Microsoft.AspNetCore.Mvc.ViewFeatures.ViewExecutor.ExecuteAsync(ViewContext viewContext, String contentType, Nullable`1 statusCode)
   at Microsoft.AspNetCore.Mvc.Internal.ResourceInvoker.InvokeResultAsync(IActionResult result)
   at Microsoft.AspNetCore.Mvc.Internal.ResourceInvoker.InvokeNextResultFilterAsync[TFilter,TFilterAsync]()
   at Microsoft.AspNetCore.Mvc.Internal.ResourceInvoker.Rethrow(ResultExecutedContext context)
   at Microsoft.AspNetCore.Mvc.Internal.ResourceInvoker.ResultNext[TFilter,TFilterAsync](State& next, Scope& scope, Object& state, Boolean& isCompleted)
   at Microsoft.AspNetCore.Mvc.Internal.ResourceInvoker.InvokeResultFilters()
   at Microsoft.AspNetCore.Mvc.Internal.ResourceInvoker.InvokeNextResourceFilter()
   at Microsoft.AspNetCore.Mvc.Internal.ResourceInvoker.Rethrow(ResourceExecutedContext context)
   at Microsoft.AspNetCore.Mvc.Internal.ResourceInvoker.Next(State& next, Scope& scope, Object& state, Boolean& isCompleted)
   at Microsoft.AspNetCore.Mvc.Internal.ResourceInvoker.InvokeFilterPipelineAsync()
   at Microsoft.AspNetCore.Mvc.Internal.ResourceInvoker.InvokeAsync()
   at Microsoft.AspNetCore.Builder.RouterMiddleware.Invoke(HttpContext httpContext)
   at Microsoft.AspNetCore.StaticFiles.StaticFileMiddleware.Invoke(HttpContext context)
   at Microsoft.AspNetCore.StaticFiles.StaticFileMiddleware.Invoke(HttpContext context)
   at Microsoft.AspNetCore.StaticFiles.StaticFileMiddleware.Invoke(HttpContext context)
   at Microsoft.AspNetCore.Diagnostics.DeveloperExceptionPageMiddleware.Invoke(HttpContext context)
2019-03-01T10:30:06.5088825+01:00 0HLKTJI5SG9UQ:00000001 [INF] Request finished in 603.5976ms 500 text/html; charset=utf-8 (791a596a)
2019-03-01T10:30:06.7021864+01:00 0HLKTJI5SG9UQ:00000002 [INF] Request starting HTTP/1.1 GET http://localhost:5000/favicon.ico   (ca22a1cb)
2019-03-01T10:30:06.7174571+01:00 0HLKTJI5SG9UQ:00000002 [INF] Route matched with "{page = \"/Post\", action = \"\", controller = \"\"}". Executing page "/Post" (547e620f)
2019-03-01T10:30:06.7230631+01:00 0HLKTJI5SG9UQ:00000002 [INF] Executing handler method "hySite.PostPageModel.OnGet" with arguments (["favicon.ico"]) - ModelState is Valid (d4ff7456)
2019-03-01T10:30:06.7338115+01:00 0HLKTJI5SG9UQ:00000002 [INF] Entity Framework Core "2.2.2-servicing-10034" initialized '"AppDbContext"' using provider '"Microsoft.EntityFrameworkCore.InMemory"' with options: "StoreName=db " (9958f5bb)
2019-03-01T10:30:06.7421583+01:00 0HLKTJI5SG9UQ:00000002 [INF] Executed handler method "OnGet", returned result "Microsoft.AspNetCore.Mvc.RedirectToPageResult". (90fdc39c)
2019-03-01T10:30:06.7476956+01:00 0HLKTJI5SG9UQ:00000002 [INF] Executing RedirectToPageResult, redirecting to "/LostAndNotFound". (07cf2c9f)
2019-03-01T10:30:06.7510758+01:00 0HLKTJI5SG9UQ:00000002 [INF] Executed page "/Post" in 30.3167ms (02e01280)
2019-03-01T10:30:06.7574657+01:00 0HLKTJI5SG9UQ:00000002 [INF] Request finished in 56.8998ms 302  (791a596a)
2019-03-01T10:30:06.7614720+01:00 0HLKTJI5SG9UQ:00000003 [INF] Request starting HTTP/1.1 GET http://localhost:5000/LostAndNotFound   (ca22a1cb)
2019-03-01T10:30:06.7692857+01:00 0HLKTJI5SG9UQ:00000003 [INF] Route matched with "{page = \"/LostAndNotFound\", action = \"\", controller = \"\"}". Executing page "/LostAndNotFound" (547e620f)
2019-03-01T10:30:06.7730837+01:00 0HLKTJI5SG9UQ:00000003 [INF] Executing an implicit handler method - ModelState is Valid (232a55d1)
2019-03-01T10:30:06.7769583+01:00 0HLKTJI5SG9UQ:00000003 [INF] Executed an implicit handler method, returned result "Microsoft.AspNetCore.Mvc.RazorPages.PageResult". (f857da66)
2019-03-01T10:30:06.7839084+01:00 0HLKTJI5SG9UQ:00000003 [INF] Executed page "/LostAndNotFound" in 10.81ms (02e01280)
2019-03-01T10:30:06.7925322+01:00 0HLKTJI5SG9UQ:00000003 [ERR] An unhandled exception has occurred while executing the request. (48a46595)
Microsoft.AspNetCore.Mvc.Razor.Compilation.CompilationFailedException: One or more compilation failures occurred:
C:\dev\temp\hysite\Hysite\Pages\_Layout.cshtml(3,2): Error RZ1034: Found a malformed 'head' tag helper. Tag helpers must have a start and end tag or be self closing.
   at Microsoft.AspNetCore.Mvc.Razor.Internal.RazorViewCompiler.CompileAndEmit(String relativePath)
   at Microsoft.AspNetCore.Mvc.Razor.Internal.RazorViewCompiler.OnCacheMiss(String normalizedPath)
--- End of stack trace from previous location where exception was thrown ---
   at Microsoft.AspNetCore.Mvc.Razor.Internal.DefaultRazorPageFactoryProvider.CreateFactory(String relativePath)
   at Microsoft.AspNetCore.Mvc.Razor.RazorViewEngine.CreateCacheResult(HashSet`1 expirationTokens, String relativePath, Boolean isMainPage)
   at Microsoft.AspNetCore.Mvc.Razor.RazorViewEngine.OnCacheMiss(ViewLocationExpanderContext expanderContext, ViewLocationCacheKey cacheKey)
   at Microsoft.AspNetCore.Mvc.Razor.RazorViewEngine.LocatePageFromViewLocations(ActionContext actionContext, String pageName, Boolean isMainPage)
   at Microsoft.AspNetCore.Mvc.Razor.RazorViewEngine.FindPage(ActionContext context, String pageName)
   at Microsoft.AspNetCore.Mvc.Razor.RazorView.GetLayoutPage(ViewContext context, String executingFilePath, String layoutPath)
   at Microsoft.AspNetCore.Mvc.Razor.RazorView.RenderLayoutAsync(ViewContext context, ViewBufferTextWriter bodyWriter)
   at Microsoft.AspNetCore.Mvc.Razor.RazorView.RenderAsync(ViewContext context)
   at Microsoft.AspNetCore.Mvc.ViewFeatures.ViewExecutor.ExecuteAsync(ViewContext viewContext, String contentType, Nullable`1 statusCode)
   at Microsoft.AspNetCore.Mvc.Internal.ResourceInvoker.InvokeResultAsync(IActionResult result)
   at Microsoft.AspNetCore.Mvc.Internal.ResourceInvoker.InvokeNextResultFilterAsync[TFilter,TFilterAsync]()
   at Microsoft.AspNetCore.Mvc.Internal.ResourceInvoker.Rethrow(ResultExecutedContext context)
   at Microsoft.AspNetCore.Mvc.Internal.ResourceInvoker.ResultNext[TFilter,TFilterAsync](State& next, Scope& scope, Object& state, Boolean& isCompleted)
   at Microsoft.AspNetCore.Mvc.Internal.ResourceInvoker.InvokeResultFilters()
   at Microsoft.AspNetCore.Mvc.Internal.ResourceInvoker.InvokeNextResourceFilter()
   at Microsoft.AspNetCore.Mvc.Internal.ResourceInvoker.Rethrow(ResourceExecutedContext context)
   at Microsoft.AspNetCore.Mvc.Internal.ResourceInvoker.Next(State& next, Scope& scope, Object& state, Boolean& isCompleted)
   at Microsoft.AspNetCore.Mvc.Internal.ResourceInvoker.InvokeFilterPipelineAsync()
   at Microsoft.AspNetCore.Mvc.Internal.ResourceInvoker.InvokeAsync()
   at Microsoft.AspNetCore.Builder.RouterMiddleware.Invoke(HttpContext httpContext)
   at Microsoft.AspNetCore.StaticFiles.StaticFileMiddleware.Invoke(HttpContext context)
   at Microsoft.AspNetCore.StaticFiles.StaticFileMiddleware.Invoke(HttpContext context)
   at Microsoft.AspNetCore.StaticFiles.StaticFileMiddleware.Invoke(HttpContext context)
   at Microsoft.AspNetCore.Diagnostics.DeveloperExceptionPageMiddleware.Invoke(HttpContext context)
2019-03-01T10:30:06.7976433+01:00 0HLKTJI5SG9UQ:00000003 [INF] Request finished in 35.2645ms 500 text/html; charset=utf-8 (791a596a)
2019-03-01T10:30:35.8838436+01:00 0HLKTJI5SG9UQ:00000004 [INF] Request starting HTTP/1.1 GET http://localhost:5000/CarouselTest   (ca22a1cb)
2019-03-01T10:30:35.8921214+01:00 0HLKTJI5SG9UQ:00000004 [INF] Route matched with "{page = \"/CarouselTest\", action = \"\", controller = \"\"}". Executing page "/CarouselTest" (547e620f)
2019-03-01T10:30:35.8970475+01:00 0HLKTJI5SG9UQ:00000004 [INF] Executing an implicit handler method - ModelState is Valid (232a55d1)
2019-03-01T10:30:35.9008027+01:00 0HLKTJI5SG9UQ:00000004 [INF] Executed an implicit handler method, returned result "Microsoft.AspNetCore.Mvc.RazorPages.PageResult". (f857da66)
2019-03-01T10:30:36.0444428+01:00 0HLKTJI5SG9UQ:00000004 [INF] Executed page "/CarouselTest" in 148.5999ms (02e01280)
2019-03-01T10:30:36.0524578+01:00 0HLKTJI5SG9UQ:00000004 [ERR] An unhandled exception has occurred while executing the request. (48a46595)
Microsoft.AspNetCore.Mvc.Razor.Compilation.CompilationFailedException: One or more compilation failures occurred:
C:\dev\temp\hysite\Hysite\Pages\_Layout.cshtml(3,2): Error RZ1034: Found a malformed 'head' tag helper. Tag helpers must have a start and end tag or be self closing.
   at Microsoft.AspNetCore.Mvc.Razor.Internal.RazorViewCompiler.CompileAndEmit(String relativePath)
   at Microsoft.AspNetCore.Mvc.Razor.Internal.RazorViewCompiler.OnCacheMiss(String normalizedPath)
--- End of stack trace from previous location where exception was thrown ---
   at Microsoft.AspNetCore.Mvc.Razor.Internal.DefaultRazorPageFactoryProvider.CreateFactory(String relativePath)
   at Microsoft.AspNetCore.Mvc.Razor.RazorViewEngine.CreateCacheResult(HashSet`1 expirationTokens, String relativePath, Boolean isMainPage)
   at Microsoft.AspNetCore.Mvc.Razor.RazorViewEngine.OnCacheMiss(ViewLocationExpanderContext expanderContext, ViewLocationCacheKey cacheKey)
   at Microsoft.AspNetCore.Mvc.Razor.RazorViewEngine.LocatePageFromViewLocations(ActionContext actionContext, String pageName, Boolean isMainPage)
   at Microsoft.AspNetCore.Mvc.Razor.RazorViewEngine.FindPage(ActionContext context, String pageName)
   at Microsoft.AspNetCore.Mvc.Razor.RazorView.GetLayoutPage(ViewContext context, String executingFilePath, String layoutPath)
   at Microsoft.AspNetCore.Mvc.Razor.RazorView.RenderLayoutAsync(ViewContext context, ViewBufferTextWriter bodyWriter)
   at Microsoft.AspNetCore.Mvc.Razor.RazorView.RenderAsync(ViewContext context)
   at Microsoft.AspNetCore.Mvc.ViewFeatures.ViewExecutor.ExecuteAsync(ViewContext viewContext, String contentType, Nullable`1 statusCode)
   at Microsoft.AspNetCore.Mvc.Internal.ResourceInvoker.InvokeResultAsync(IActionResult result)
   at Microsoft.AspNetCore.Mvc.Internal.ResourceInvoker.InvokeNextResultFilterAsync[TFilter,TFilterAsync]()
   at Microsoft.AspNetCore.Mvc.Internal.ResourceInvoker.Rethrow(ResultExecutedContext context)
   at Microsoft.AspNetCore.Mvc.Internal.ResourceInvoker.ResultNext[TFilter,TFilterAsync](State& next, Scope& scope, Object& state, Boolean& isCompleted)
   at Microsoft.AspNetCore.Mvc.Internal.ResourceInvoker.InvokeResultFilters()
   at Microsoft.AspNetCore.Mvc.Internal.ResourceInvoker.InvokeNextResourceFilter()
   at Microsoft.AspNetCore.Mvc.Internal.ResourceInvoker.Rethrow(ResourceExecutedContext context)
   at Microsoft.AspNetCore.Mvc.Internal.ResourceInvoker.Next(State& next, Scope& scope, Object& state, Boolean& isCompleted)
   at Microsoft.AspNetCore.Mvc.Internal.ResourceInvoker.InvokeFilterPipelineAsync()
   at Microsoft.AspNetCore.Mvc.Internal.ResourceInvoker.InvokeAsync()
   at Microsoft.AspNetCore.Builder.RouterMiddleware.Invoke(HttpContext httpContext)
   at Microsoft.AspNetCore.StaticFiles.StaticFileMiddleware.Invoke(HttpContext context)
   at Microsoft.AspNetCore.StaticFiles.StaticFileMiddleware.Invoke(HttpContext context)
   at Microsoft.AspNetCore.StaticFiles.StaticFileMiddleware.Invoke(HttpContext context)
   at Microsoft.AspNetCore.Diagnostics.DeveloperExceptionPageMiddleware.Invoke(HttpContext context)
2019-03-01T10:30:36.0560145+01:00 0HLKTJI5SG9UQ:00000004 [INF] Request finished in 172.9581ms 500 text/html; charset=utf-8 (791a596a)
2019-03-01T10:30:36.0894813+01:00 0HLKTJI5SG9UQ:00000005 [INF] Request starting HTTP/1.1 GET http://localhost:5000/favicon.ico   (ca22a1cb)
2019-03-01T10:30:36.1062270+01:00 0HLKTJI5SG9UQ:00000005 [INF] Route matched with "{page = \"/Post\", action = \"\", controller = \"\"}". Executing page "/Post" (547e620f)
2019-03-01T10:30:36.1112092+01:00 0HLKTJI5SG9UQ:00000005 [INF] Executing handler method "hySite.PostPageModel.OnGet" with arguments (["favicon.ico"]) - ModelState is Valid (d4ff7456)
2019-03-01T10:30:36.1158715+01:00 0HLKTJI5SG9UQ:00000005 [INF] Entity Framework Core "2.2.2-servicing-10034" initialized '"AppDbContext"' using provider '"Microsoft.EntityFrameworkCore.InMemory"' with options: "StoreName=db " (9958f5bb)
2019-03-01T10:30:36.1189726+01:00 0HLKTJI5SG9UQ:00000005 [INF] Executed handler method "OnGet", returned result "Microsoft.AspNetCore.Mvc.RedirectToPageResult". (90fdc39c)
2019-03-01T10:30:36.1215184+01:00 0HLKTJI5SG9UQ:00000005 [INF] Executing RedirectToPageResult, redirecting to "/LostAndNotFound". (07cf2c9f)
2019-03-01T10:30:36.1245270+01:00 0HLKTJI5SG9UQ:00000005 [INF] Executed page "/Post" in 15.287ms (02e01280)
2019-03-01T10:30:36.1286677+01:00 0HLKTJI5SG9UQ:00000005 [INF] Request finished in 39.315ms 302  (791a596a)
2019-03-01T10:30:36.1320702+01:00 0HLKTJI5SG9UQ:00000006 [INF] Request starting HTTP/1.1 GET http://localhost:5000/LostAndNotFound   (ca22a1cb)
2019-03-01T10:30:36.1373034+01:00 0HLKTJI5SG9UQ:00000006 [INF] Route matched with "{page = \"/LostAndNotFound\", action = \"\", controller = \"\"}". Executing page "/LostAndNotFound" (547e620f)
2019-03-01T10:30:36.1405741+01:00 0HLKTJI5SG9UQ:00000006 [INF] Executing an implicit handler method - ModelState is Valid (232a55d1)
2019-03-01T10:30:36.1458395+01:00 0HLKTJI5SG9UQ:00000006 [INF] Executed an implicit handler method, returned result "Microsoft.AspNetCore.Mvc.RazorPages.PageResult". (f857da66)
2019-03-01T10:30:36.1518891+01:00 0HLKTJI5SG9UQ:00000006 [INF] Executed page "/LostAndNotFound" in 11.0036ms (02e01280)
2019-03-01T10:30:36.1597405+01:00 0HLKTJI5SG9UQ:00000006 [ERR] An unhandled exception has occurred while executing the request. (48a46595)
Microsoft.AspNetCore.Mvc.Razor.Compilation.CompilationFailedException: One or more compilation failures occurred:
C:\dev\temp\hysite\Hysite\Pages\_Layout.cshtml(3,2): Error RZ1034: Found a malformed 'head' tag helper. Tag helpers must have a start and end tag or be self closing.
   at Microsoft.AspNetCore.Mvc.Razor.Internal.RazorViewCompiler.CompileAndEmit(String relativePath)
   at Microsoft.AspNetCore.Mvc.Razor.Internal.RazorViewCompiler.OnCacheMiss(String normalizedPath)
--- End of stack trace from previous location where exception was thrown ---
   at Microsoft.AspNetCore.Mvc.Razor.Internal.DefaultRazorPageFactoryProvider.CreateFactory(String relativePath)
   at Microsoft.AspNetCore.Mvc.Razor.RazorViewEngine.CreateCacheResult(HashSet`1 expirationTokens, String relativePath, Boolean isMainPage)
   at Microsoft.AspNetCore.Mvc.Razor.RazorViewEngine.OnCacheMiss(ViewLocationExpanderContext expanderContext, ViewLocationCacheKey cacheKey)
   at Microsoft.AspNetCore.Mvc.Razor.RazorViewEngine.LocatePageFromViewLocations(ActionContext actionContext, String pageName, Boolean isMainPage)
   at Microsoft.AspNetCore.Mvc.Razor.RazorViewEngine.FindPage(ActionContext context, String pageName)
   at Microsoft.AspNetCore.Mvc.Razor.RazorView.GetLayoutPage(ViewContext context, String executingFilePath, String layoutPath)
   at Microsoft.AspNetCore.Mvc.Razor.RazorView.RenderLayoutAsync(ViewContext context, ViewBufferTextWriter bodyWriter)
   at Microsoft.AspNetCore.Mvc.Razor.RazorView.RenderAsync(ViewContext context)
   at Microsoft.AspNetCore.Mvc.ViewFeatures.ViewExecutor.ExecuteAsync(ViewContext viewContext, String contentType, Nullable`1 statusCode)
   at Microsoft.AspNetCore.Mvc.Internal.ResourceInvoker.InvokeResultAsync(IActionResult result)
   at Microsoft.AspNetCore.Mvc.Internal.ResourceInvoker.InvokeNextResultFilterAsync[TFilter,TFilterAsync]()
   at Microsoft.AspNetCore.Mvc.Internal.ResourceInvoker.Rethrow(ResultExecutedContext context)
   at Microsoft.AspNetCore.Mvc.Internal.ResourceInvoker.ResultNext[TFilter,TFilterAsync](State& next, Scope& scope, Object& state, Boolean& isCompleted)
   at Microsoft.AspNetCore.Mvc.Internal.ResourceInvoker.InvokeResultFilters()
   at Microsoft.AspNetCore.Mvc.Internal.ResourceInvoker.InvokeNextResourceFilter()
   at Microsoft.AspNetCore.Mvc.Internal.ResourceInvoker.Rethrow(ResourceExecutedContext context)
   at Microsoft.AspNetCore.Mvc.Internal.ResourceInvoker.Next(State& next, Scope& scope, Object& state, Boolean& isCompleted)
   at Microsoft.AspNetCore.Mvc.Internal.ResourceInvoker.InvokeFilterPipelineAsync()
   at Microsoft.AspNetCore.Mvc.Internal.ResourceInvoker.InvokeAsync()
   at Microsoft.AspNetCore.Builder.RouterMiddleware.Invoke(HttpContext httpContext)
   at Microsoft.AspNetCore.StaticFiles.StaticFileMiddleware.Invoke(HttpContext context)
   at Microsoft.AspNetCore.StaticFiles.StaticFileMiddleware.Invoke(HttpContext context)
   at Microsoft.AspNetCore.StaticFiles.StaticFileMiddleware.Invoke(HttpContext context)
   at Microsoft.AspNetCore.Diagnostics.DeveloperExceptionPageMiddleware.Invoke(HttpContext context)
2019-03-01T10:30:36.1635366+01:00 0HLKTJI5SG9UQ:00000006 [INF] Request finished in 30.9983ms 500 text/html; charset=utf-8 (791a596a)
2019-03-01T10:30:41.9442160+01:00 0HLKTJI5SG9UQ:00000007 [INF] Request starting HTTP/1.1 GET http://localhost:5000/CarouselTest   (ca22a1cb)
2019-03-01T10:30:41.9478187+01:00 0HLKTJI5SG9UQ:00000007 [INF] Route matched with "{page = \"/CarouselTest\", action = \"\", controller = \"\"}". Executing page "/CarouselTest" (547e620f)
2019-03-01T10:30:41.9520212+01:00 0HLKTJI5SG9UQ:00000007 [INF] Executing an implicit handler method - ModelState is Valid (232a55d1)
2019-03-01T10:30:41.9555788+01:00 0HLKTJI5SG9UQ:00000007 [INF] Executed an implicit handler method, returned result "Microsoft.AspNetCore.Mvc.RazorPages.PageResult". (f857da66)
2019-03-01T10:30:41.9648309+01:00 0HLKTJI5SG9UQ:00000007 [INF] Executed page "/CarouselTest" in 13.7802ms (02e01280)
2019-03-01T10:30:41.9764366+01:00 0HLKTJI5SG9UQ:00000007 [ERR] An unhandled exception has occurred while executing the request. (48a46595)
Microsoft.AspNetCore.Mvc.Razor.Compilation.CompilationFailedException: One or more compilation failures occurred:
C:\dev\temp\hysite\Hysite\Pages\_Layout.cshtml(3,2): Error RZ1034: Found a malformed 'head' tag helper. Tag helpers must have a start and end tag or be self closing.
   at Microsoft.AspNetCore.Mvc.Razor.Internal.RazorViewCompiler.CompileAndEmit(String relativePath)
   at Microsoft.AspNetCore.Mvc.Razor.Internal.RazorViewCompiler.OnCacheMiss(String normalizedPath)
--- End of stack trace from previous location where exception was thrown ---
   at Microsoft.AspNetCore.Mvc.Razor.Internal.DefaultRazorPageFactoryProvider.CreateFactory(String relativePath)
   at Microsoft.AspNetCore.Mvc.Razor.RazorViewEngine.CreateCacheResult(HashSet`1 expirationTokens, String relativePath, Boolean isMainPage)
   at Microsoft.AspNetCore.Mvc.Razor.RazorViewEngine.OnCacheMiss(ViewLocationExpanderContext expanderContext, ViewLocationCacheKey cacheKey)
   at Microsoft.AspNetCore.Mvc.Razor.RazorViewEngine.LocatePageFromViewLocations(ActionContext actionContext, String pageName, Boolean isMainPage)
   at Microsoft.AspNetCore.Mvc.Razor.RazorViewEngine.FindPage(ActionContext context, String pageName)
   at Microsoft.AspNetCore.Mvc.Razor.RazorView.GetLayoutPage(ViewContext context, String executingFilePath, String layoutPath)
   at Microsoft.AspNetCore.Mvc.Razor.RazorView.RenderLayoutAsync(ViewContext context, ViewBufferTextWriter bodyWriter)
   at Microsoft.AspNetCore.Mvc.Razor.RazorView.RenderAsync(ViewContext context)
   at Microsoft.AspNetCore.Mvc.ViewFeatures.ViewExecutor.ExecuteAsync(ViewContext viewContext, String contentType, Nullable`1 statusCode)
   at Microsoft.AspNetCore.Mvc.Internal.ResourceInvoker.InvokeResultAsync(IActionResult result)
   at Microsoft.AspNetCore.Mvc.Internal.ResourceInvoker.InvokeNextResultFilterAsync[TFilter,TFilterAsync]()
   at Microsoft.AspNetCore.Mvc.Internal.ResourceInvoker.Rethrow(ResultExecutedContext context)
   at Microsoft.AspNetCore.Mvc.Internal.ResourceInvoker.ResultNext[TFilter,TFilterAsync](State& next, Scope& scope, Object& state, Boolean& isCompleted)
   at Microsoft.AspNetCore.Mvc.Internal.ResourceInvoker.InvokeResultFilters()
   at Microsoft.AspNetCore.Mvc.Internal.ResourceInvoker.InvokeNextResourceFilter()
   at Microsoft.AspNetCore.Mvc.Internal.ResourceInvoker.Rethrow(ResourceExecutedContext context)
   at Microsoft.AspNetCore.Mvc.Internal.ResourceInvoker.Next(State& next, Scope& scope, Object& state, Boolean& isCompleted)
   at Microsoft.AspNetCore.Mvc.Internal.ResourceInvoker.InvokeFilterPipelineAsync()
   at Microsoft.AspNetCore.Mvc.Internal.ResourceInvoker.InvokeAsync()
   at Microsoft.AspNetCore.Builder.RouterMiddleware.Invoke(HttpContext httpContext)
   at Microsoft.AspNetCore.StaticFiles.StaticFileMiddleware.Invoke(HttpContext context)
   at Microsoft.AspNetCore.StaticFiles.StaticFileMiddleware.Invoke(HttpContext context)
   at Microsoft.AspNetCore.StaticFiles.StaticFileMiddleware.Invoke(HttpContext context)
   at Microsoft.AspNetCore.Diagnostics.DeveloperExceptionPageMiddleware.Invoke(HttpContext context)
2019-03-01T10:30:41.9812825+01:00 0HLKTJI5SG9UQ:00000007 [INF] Request finished in 39.5684ms 500 text/html; charset=utf-8 (791a596a)
2019-03-01T10:30:42.1113860+01:00 0HLKTJI5SG9UQ:00000008 [INF] Request starting HTTP/1.1 GET http://localhost:5000/favicon.ico   (ca22a1cb)
2019-03-01T10:30:42.1887672+01:00 0HLKTJI5SG9UQ:00000008 [INF] Route matched with "{page = \"/Post\", action = \"\", controller = \"\"}". Executing page "/Post" (547e620f)
2019-03-01T10:30:42.2039366+01:00 0HLKTJI5SG9UQ:00000008 [INF] Executing handler method "hySite.PostPageModel.OnGet" with arguments (["favicon.ico"]) - ModelState is Valid (d4ff7456)
2019-03-01T10:30:42.2103246+01:00 0HLKTJI5SG9UQ:00000008 [INF] Entity Framework Core "2.2.2-servicing-10034" initialized '"AppDbContext"' using provider '"Microsoft.EntityFrameworkCore.InMemory"' with options: "StoreName=db " (9958f5bb)
2019-03-01T10:30:42.2158719+01:00 0HLKTJI5SG9UQ:00000008 [INF] Executed handler method "OnGet", returned result "Microsoft.AspNetCore.Mvc.RedirectToPageResult". (90fdc39c)
2019-03-01T10:30:42.2194347+01:00 0HLKTJI5SG9UQ:00000008 [INF] Executing RedirectToPageResult, redirecting to "/LostAndNotFound". (07cf2c9f)
2019-03-01T10:30:42.2260559+01:00 0HLKTJI5SG9UQ:00000008 [INF] Executed page "/Post" in 30.7813ms (02e01280)
2019-03-01T10:30:42.2321348+01:00 0HLKTJI5SG9UQ:00000008 [INF] Request finished in 137.532ms 302  (791a596a)
2019-03-01T10:30:42.2363265+01:00 0HLKTJI5SG9UQ:00000009 [INF] Request starting HTTP/1.1 GET http://localhost:5000/LostAndNotFound   (ca22a1cb)
2019-03-01T10:30:42.2451644+01:00 0HLKTJI5SG9UQ:00000009 [INF] Route matched with "{page = \"/LostAndNotFound\", action = \"\", controller = \"\"}". Executing page "/LostAndNotFound" (547e620f)
2019-03-01T10:30:42.2518676+01:00 0HLKTJI5SG9UQ:00000009 [INF] Executing an implicit handler method - ModelState is Valid (232a55d1)
2019-03-01T10:30:42.2702803+01:00 0HLKTJI5SG9UQ:00000009 [INF] Executed an implicit handler method, returned result "Microsoft.AspNetCore.Mvc.RazorPages.PageResult". (f857da66)
2019-03-01T10:30:42.2846711+01:00 0HLKTJI5SG9UQ:00000009 [INF] Executed page "/LostAndNotFound" in 36.236ms (02e01280)
2019-03-01T10:30:42.2958746+01:00 0HLKTJI5SG9UQ:00000009 [ERR] An unhandled exception has occurred while executing the request. (48a46595)
Microsoft.AspNetCore.Mvc.Razor.Compilation.CompilationFailedException: One or more compilation failures occurred:
C:\dev\temp\hysite\Hysite\Pages\_Layout.cshtml(3,2): Error RZ1034: Found a malformed 'head' tag helper. Tag helpers must have a start and end tag or be self closing.
   at Microsoft.AspNetCore.Mvc.Razor.Internal.RazorViewCompiler.CompileAndEmit(String relativePath)
   at Microsoft.AspNetCore.Mvc.Razor.Internal.RazorViewCompiler.OnCacheMiss(String normalizedPath)
--- End of stack trace from previous location where exception was thrown ---
   at Microsoft.AspNetCore.Mvc.Razor.Internal.DefaultRazorPageFactoryProvider.CreateFactory(String relativePath)
   at Microsoft.AspNetCore.Mvc.Razor.RazorViewEngine.CreateCacheResult(HashSet`1 expirationTokens, String relativePath, Boolean isMainPage)
   at Microsoft.AspNetCore.Mvc.Razor.RazorViewEngine.OnCacheMiss(ViewLocationExpanderContext expanderContext, ViewLocationCacheKey cacheKey)
   at Microsoft.AspNetCore.Mvc.Razor.RazorViewEngine.LocatePageFromViewLocations(ActionContext actionContext, String pageName, Boolean isMainPage)
   at Microsoft.AspNetCore.Mvc.Razor.RazorViewEngine.FindPage(ActionContext context, String pageName)
   at Microsoft.AspNetCore.Mvc.Razor.RazorView.GetLayoutPage(ViewContext context, String executingFilePath, String layoutPath)
   at Microsoft.AspNetCore.Mvc.Razor.RazorView.RenderLayoutAsync(ViewContext context, ViewBufferTextWriter bodyWriter)
   at Microsoft.AspNetCore.Mvc.Razor.RazorView.RenderAsync(ViewContext context)
   at Microsoft.AspNetCore.Mvc.ViewFeatures.ViewExecutor.ExecuteAsync(ViewContext viewContext, String contentType, Nullable`1 statusCode)
   at Microsoft.AspNetCore.Mvc.Internal.ResourceInvoker.InvokeResultAsync(IActionResult result)
   at Microsoft.AspNetCore.Mvc.Internal.ResourceInvoker.InvokeNextResultFilterAsync[TFilter,TFilterAsync]()
   at Microsoft.AspNetCore.Mvc.Internal.ResourceInvoker.Rethrow(ResultExecutedContext context)
   at Microsoft.AspNetCore.Mvc.Internal.ResourceInvoker.ResultNext[TFilter,TFilterAsync](State& next, Scope& scope, Object& state, Boolean& isCompleted)
   at Microsoft.AspNetCore.Mvc.Internal.ResourceInvoker.InvokeResultFilters()
   at Microsoft.AspNetCore.Mvc.Internal.ResourceInvoker.InvokeNextResourceFilter()
   at Microsoft.AspNetCore.Mvc.Internal.ResourceInvoker.Rethrow(ResourceExecutedContext context)
   at Microsoft.AspNetCore.Mvc.Internal.ResourceInvoker.Next(State& next, Scope& scope, Object& state, Boolean& isCompleted)
   at Microsoft.AspNetCore.Mvc.Internal.ResourceInvoker.InvokeFilterPipelineAsync()
   at Microsoft.AspNetCore.Mvc.Internal.ResourceInvoker.InvokeAsync()
   at Microsoft.AspNetCore.Builder.RouterMiddleware.Invoke(HttpContext httpContext)
   at Microsoft.AspNetCore.StaticFiles.StaticFileMiddleware.Invoke(HttpContext context)
   at Microsoft.AspNetCore.StaticFiles.StaticFileMiddleware.Invoke(HttpContext context)
   at Microsoft.AspNetCore.StaticFiles.StaticFileMiddleware.Invoke(HttpContext context)
   at Microsoft.AspNetCore.Diagnostics.DeveloperExceptionPageMiddleware.Invoke(HttpContext context)
2019-03-01T10:30:42.3119112+01:00 0HLKTJI5SG9UQ:00000009 [INF] Request finished in 64.0305ms 500 text/html; charset=utf-8 (791a596a)
2019-03-01T10:32:19.8921670+01:00 0HLKTJI5SG9UQ:0000000A [INF] Request starting HTTP/1.1 GET http://localhost:5000/CarouselTest   (ca22a1cb)
2019-03-01T10:32:19.9090983+01:00 0HLKTJI5SG9UQ:0000000A [INF] Route matched with "{page = \"/CarouselTest\", action = \"\", controller = \"\"}". Executing page "/CarouselTest" (547e620f)
2019-03-01T10:32:19.9132781+01:00 0HLKTJI5SG9UQ:0000000A [INF] Executing an implicit handler method - ModelState is Valid (232a55d1)
2019-03-01T10:32:19.9169773+01:00 0HLKTJI5SG9UQ:0000000A [INF] Executed an implicit handler method, returned result "Microsoft.AspNetCore.Mvc.RazorPages.PageResult". (f857da66)
2019-03-01T10:32:20.3256308+01:00 0HLKTJI5SG9UQ:0000000A [INF] Executed page "/CarouselTest" in 412.0439ms (02e01280)
2019-03-01T10:32:20.3298175+01:00 0HLKTJI5SG9UQ:0000000A [INF] Request finished in 437.7924ms 200 text/html; charset=utf-8 (791a596a)
2019-03-01T10:32:20.3510614+01:00 0HLKTJI5SG9UQ:0000000B [INF] Request starting HTTP/1.1 GET http://localhost:5000/css/retro.css   (ca22a1cb)
2019-03-01T10:32:20.3515510+01:00 0HLKTJI5SG9UT:00000001 [INF] Request starting HTTP/1.1 GET http://localhost:5000/css/hyston.blog.css   (ca22a1cb)
2019-03-01T10:32:20.3584214+01:00 0HLKTJI5SG9UU:00000001 [INF] Request starting HTTP/1.1 GET http://localhost:5000/css/bootstrap.min.css   (ca22a1cb)
2019-03-01T10:32:20.3707144+01:00 0HLKTJI5SG9UT:00000001 [INF] Sending file. Request path: '"/css/hyston.blog.css"'. Physical path: '"C:\dev\temp\hysite\Hysite\wwwroot\css\hyston.blog.css"' (27b0a520)
2019-03-01T10:32:20.3733915+01:00 0HLKTJI5SG9UV:00000001 [INF] Request starting HTTP/1.1 GET http://localhost:5000/js/jquery-3.3.1.min.js   (ca22a1cb)
2019-03-01T10:32:20.3811774+01:00 0HLKTJI5SG9UQ:0000000B [INF] Sending file. Request path: '"/css/retro.css"'. Physical path: '"C:\dev\temp\hysite\Hysite\wwwroot\css\retro.css"' (27b0a520)
2019-03-01T10:32:20.3897905+01:00 0HLKTJI5SG9UT:00000001 [INF] Request finished in 25.2143ms 200 text/css (791a596a)
2019-03-01T10:32:20.4099469+01:00 0HLKTJI5SG9UQ:0000000B [INF] Request finished in 38.7471ms 200 text/css (791a596a)
2019-03-01T10:32:20.4266830+01:00 0HLKTJI5SG9UQ:0000000C [INF] Request starting HTTP/1.1 GET http://localhost:5000/pic2.png   (ca22a1cb)
2019-03-01T10:32:20.4314937+01:00 0HLKTJI5SG9V0:00000001 [INF] Request starting HTTP/1.1 GET http://localhost:5000/js/bootstrap.bundle.min.js   (ca22a1cb)
2019-03-01T10:32:20.4383666+01:00 0HLKTJI5SG9UU:00000001 [INF] Sending file. Request path: '"/css/bootstrap.min.css"'. Physical path: '"C:\dev\temp\hysite\Hysite\wwwroot\css\bootstrap.min.css"' (27b0a520)
2019-03-01T10:32:20.4455129+01:00 0HLKTJI5SG9UV:00000001 [INF] Sending file. Request path: '"/js/jquery-3.3.1.min.js"'. Physical path: '"C:\dev\temp\hysite\Hysite\wwwroot\js\jquery-3.3.1.min.js"' (27b0a520)
2019-03-01T10:32:20.4490665+01:00 0HLKTJI5SG9UU:00000001 [INF] Request finished in 86.3914ms 200 text/css (791a596a)
2019-03-01T10:32:20.4527805+01:00 0HLKTJI5SG9UV:00000001 [INF] Request finished in 79.9386ms 200 application/javascript (791a596a)
2019-03-01T10:32:20.4594013+01:00 0HLKTJI5SG9V1:00000001 [INF] Request starting HTTP/1.1 GET http://localhost:5000/pic1.png   (ca22a1cb)
2019-03-01T10:32:20.4648771+01:00 0HLKTJI5SG9V0:00000001 [INF] Sending file. Request path: '"/js/bootstrap.bundle.min.js"'. Physical path: '"C:\dev\temp\hysite\Hysite\wwwroot\js\bootstrap.bundle.min.js"' (27b0a520)
2019-03-01T10:32:20.4667403+01:00 0HLKTJI5SG9UQ:0000000C [INF] Sending file. Request path: '"/pic2.png"'. Physical path: '"C:\dev\temp\hysite\Hysite\posts\img\pic2.png"' (27b0a520)
2019-03-01T10:32:20.4715382+01:00 0HLKTJI5SG9V0:00000001 [INF] Request finished in 77.6509ms 200 application/javascript (791a596a)
2019-03-01T10:32:20.4771678+01:00 0HLKTJI5SG9UQ:0000000C [INF] Request finished in 56.9266ms 200 image/png (791a596a)
2019-03-01T10:32:20.4790367+01:00 0HLKTJI5SG9V1:00000001 [INF] Sending file. Request path: '"/pic1.png"'. Physical path: '"C:\dev\temp\hysite\Hysite\posts\img\pic1.png"' (27b0a520)
2019-03-01T10:32:20.4818596+01:00 0HLKTJI5SG9V1:00000001 [INF] Request finished in 40.6028ms 200 image/png (791a596a)
2019-03-01T10:32:20.4980936+01:00 0HLKTJI5SG9V1:00000002 [INF] Request starting HTTP/1.1 GET http://localhost:5000/css/bootstrap.min.css.map   (ca22a1cb)
2019-03-01T10:32:20.5311942+01:00 0HLKTJI5SG9V1:00000002 [INF] Sending file. Request path: '"/css/bootstrap.min.css.map"'. Physical path: '"C:\dev\temp\hysite\Hysite\wwwroot\css\bootstrap.min.css.map"' (27b0a520)
2019-03-01T10:32:20.5364870+01:00 0HLKTJI5SG9V1:00000002 [INF] Request finished in 36.2531ms 200 text/plain (791a596a)
2019-03-01T10:32:20.5435177+01:00 0HLKTJI5SG9V1:00000003 [INF] Request starting HTTP/1.1 GET http://localhost:5000/js/bootstrap.bundle.min.js.map   (ca22a1cb)
2019-03-01T10:32:20.5468159+01:00 0HLKTJI5SG9V0:00000002 [INF] Request starting HTTP/1.1 GET http://localhost:5000/favicon.ico   (ca22a1cb)
2019-03-01T10:32:20.5887881+01:00 0HLKTJI5SG9V1:00000003 [INF] Sending file. Request path: '"/js/bootstrap.bundle.min.js.map"'. Physical path: '"C:\dev\temp\hysite\Hysite\wwwroot\js\bootstrap.bundle.min.js.map"' (27b0a520)
2019-03-01T10:32:20.5942875+01:00 0HLKTJI5SG9V1:00000003 [INF] Request finished in 52.2063ms 200 text/plain (791a596a)
2019-03-01T10:32:20.6027694+01:00 0HLKTJI5SG9V0:00000002 [INF] Route matched with "{page = \"/Post\", action = \"\", controller = \"\"}". Executing page "/Post" (547e620f)
2019-03-01T10:32:20.6058526+01:00 0HLKTJI5SG9V0:00000002 [INF] Executing handler method "hySite.PostPageModel.OnGet" with arguments (["favicon.ico"]) - ModelState is Valid (d4ff7456)
2019-03-01T10:32:20.6112888+01:00 0HLKTJI5SG9V0:00000002 [INF] Entity Framework Core "2.2.2-servicing-10034" initialized '"AppDbContext"' using provider '"Microsoft.EntityFrameworkCore.InMemory"' with options: "StoreName=db " (9958f5bb)
2019-03-01T10:32:20.6146810+01:00 0HLKTJI5SG9V0:00000002 [INF] Executed handler method "OnGet", returned result "Microsoft.AspNetCore.Mvc.RedirectToPageResult". (90fdc39c)
2019-03-01T10:32:20.6172587+01:00 0HLKTJI5SG9V0:00000002 [INF] Executing RedirectToPageResult, redirecting to "/LostAndNotFound". (07cf2c9f)
2019-03-01T10:32:20.6195595+01:00 0HLKTJI5SG9V0:00000002 [INF] Executed page "/Post" in 14.5109ms (02e01280)
2019-03-01T10:32:20.6224647+01:00 0HLKTJI5SG9V0:00000002 [INF] Request finished in 76.1143ms 302  (791a596a)
2019-03-01T10:32:20.6288943+01:00 0HLKTJI5SG9V0:00000003 [INF] Request starting HTTP/1.1 GET http://localhost:5000/LostAndNotFound   (ca22a1cb)
2019-03-01T10:32:20.6356293+01:00 0HLKTJI5SG9V0:00000003 [INF] Route matched with "{page = \"/LostAndNotFound\", action = \"\", controller = \"\"}". Executing page "/LostAndNotFound" (547e620f)
2019-03-01T10:32:20.6390497+01:00 0HLKTJI5SG9V0:00000003 [INF] Executing an implicit handler method - ModelState is Valid (232a55d1)
2019-03-01T10:32:20.6447259+01:00 0HLKTJI5SG9V0:00000003 [INF] Executed an implicit handler method, returned result "Microsoft.AspNetCore.Mvc.RazorPages.PageResult". (f857da66)
2019-03-01T10:32:20.6500538+01:00 0HLKTJI5SG9V0:00000003 [INF] Executed page "/LostAndNotFound" in 10.4667ms (02e01280)
2019-03-01T10:32:20.6538480+01:00 0HLKTJI5SG9V0:00000003 [INF] Request finished in 27.2614ms 200 text/html; charset=utf-8 (791a596a)
2019-03-01T12:11:24.8011681+01:00  [INF] Entity Framework Core "2.2.2-servicing-10034" initialized '"AppDbContext"' using provider '"Microsoft.EntityFrameworkCore.InMemory"' with options: "StoreName=db " (9958f5bb)
2019-03-01T12:11:24.9949778+01:00  [INF] Saved 2 entities to in-memory store. (a24023e4)
2019-03-01T12:11:25.0362789+01:00  [INF] Parsing 2 posts, took 00:00:00.6059674 time (0fba84f9)
2019-03-01T12:11:25.9400340+01:00 0HLKU6QIIVM5S:00000001 [INF] Request starting HTTP/1.1 GET http://localhost:5000/   (ca22a1cb)
2019-03-01T12:11:26.3970501+01:00 0HLKU6QIIVM5S:00000001 [INF] Route matched with "{page = \"/Index\", action = \"\", controller = \"\"}". Executing page "/Index" (547e620f)
2019-03-01T12:11:26.4428681+01:00 0HLKU6QIIVM5S:00000001 [INF] Executing handler method "hySite.IndexModel.OnGet" with arguments (["0"]) - ModelState is Valid (d4ff7456)
2019-03-01T12:11:26.4611443+01:00 0HLKU6QIIVM5S:00000001 [INF] Entity Framework Core "2.2.2-servicing-10034" initialized '"AppDbContext"' using provider '"Microsoft.EntityFrameworkCore.InMemory"' with options: "StoreName=db " (9958f5bb)
2019-03-01T12:11:26.5302245+01:00 0HLKU6QIIVM5S:00000001 [INF] Saved 1 entities to in-memory store. (a24023e4)
2019-03-01T12:11:26.5332841+01:00 0HLKU6QIIVM5S:00000001 [INF] Executed handler method "OnGet", returned result "Microsoft.AspNetCore.Mvc.RazorPages.PageResult". (90fdc39c)
2019-03-01T12:11:26.6697915+01:00 0HLKU6QIIVM5S:00000001 [INF] Executed page "/Index" in 258.4868ms (02e01280)
2019-03-01T12:11:26.6996444+01:00 0HLKU6QIIVM5S:00000001 [INF] Request finished in 751.7421ms 200 text/html; charset=utf-8 (791a596a)
2019-03-01T12:11:26.7072167+01:00 0HLKU6QIIVM5S:00000002 [INF] Request starting HTTP/1.1 GET http://localhost:5000/ipad.jpeg   (ca22a1cb)
2019-03-01T12:11:26.7500735+01:00 0HLKU6QIIVM5S:00000002 [INF] Route matched with "{page = \"/Post\", action = \"\", controller = \"\"}". Executing page "/Post" (547e620f)
2019-03-01T12:11:26.7644094+01:00 0HLKU6QIIVM5S:00000002 [INF] Executing handler method "hySite.PostPageModel.OnGet" with arguments (["ipad.jpeg"]) - ModelState is Valid (d4ff7456)
2019-03-01T12:11:26.7693022+01:00 0HLKU6QIIVM5S:00000002 [INF] Entity Framework Core "2.2.2-servicing-10034" initialized '"AppDbContext"' using provider '"Microsoft.EntityFrameworkCore.InMemory"' with options: "StoreName=db " (9958f5bb)
2019-03-01T12:11:26.7843872+01:00 0HLKU6QIIVM5S:00000002 [INF] Executed handler method "OnGet", returned result "Microsoft.AspNetCore.Mvc.RedirectToPageResult". (90fdc39c)
2019-03-01T12:11:26.7967691+01:00 0HLKU6QIIVM5S:00000002 [INF] Executing RedirectToPageResult, redirecting to "/LostAndNotFound". (07cf2c9f)
2019-03-01T12:11:26.7999311+01:00 0HLKU6QIIVM5S:00000002 [INF] Executed page "/Post" in 47.0134ms (02e01280)
2019-03-01T12:11:26.8068560+01:00 0HLKU6QIIVM5S:00000002 [INF] Request finished in 98.0882ms 302  (791a596a)
2019-03-01T12:11:26.9335755+01:00 0HLKU6QIIVM5S:00000003 [INF] Request starting HTTP/1.1 GET http://localhost:5000/LostAndNotFound   (ca22a1cb)
2019-03-01T12:11:26.9553909+01:00 0HLKU6QIIVM5S:00000003 [INF] Route matched with "{page = \"/LostAndNotFound\", action = \"\", controller = \"\"}". Executing page "/LostAndNotFound" (547e620f)
2019-03-01T12:11:26.9651962+01:00 0HLKU6QIIVM5S:00000003 [INF] Executing an implicit handler method - ModelState is Valid (232a55d1)
2019-03-01T12:11:26.9682111+01:00 0HLKU6QIIVM5S:00000003 [INF] Executed an implicit handler method, returned result "Microsoft.AspNetCore.Mvc.RazorPages.PageResult". (f857da66)
2019-03-01T12:11:26.9791880+01:00 0HLKU6QIIVM5S:00000003 [INF] Executed page "/LostAndNotFound" in 16.0496ms (02e01280)
2019-03-01T12:11:26.9839875+01:00 0HLKU6QIIVM5S:00000003 [INF] Request finished in 48.9911ms 200 text/html; charset=utf-8 (791a596a)
2019-03-01T12:11:26.9891860+01:00 0HLKU6QIIVM5T:00000001 [INF] Request starting HTTP/1.1 GET http://localhost:5000/favicon.ico   (ca22a1cb)
2019-03-01T12:11:27.0006389+01:00 0HLKU6QIIVM5T:00000001 [INF] Route matched with "{page = \"/Post\", action = \"\", controller = \"\"}". Executing page "/Post" (547e620f)
2019-03-01T12:11:27.0048973+01:00 0HLKU6QIIVM5T:00000001 [INF] Executing handler method "hySite.PostPageModel.OnGet" with arguments (["favicon.ico"]) - ModelState is Valid (d4ff7456)
2019-03-01T12:11:27.0118358+01:00 0HLKU6QIIVM5T:00000001 [INF] Entity Framework Core "2.2.2-servicing-10034" initialized '"AppDbContext"' using provider '"Microsoft.EntityFrameworkCore.InMemory"' with options: "StoreName=db " (9958f5bb)
2019-03-01T12:11:27.0178262+01:00 0HLKU6QIIVM5T:00000001 [INF] Executed handler method "OnGet", returned result "Microsoft.AspNetCore.Mvc.RedirectToPageResult". (90fdc39c)
2019-03-01T12:11:27.0218432+01:00 0HLKU6QIIVM5T:00000001 [INF] Executing RedirectToPageResult, redirecting to "/LostAndNotFound". (07cf2c9f)
2019-03-01T12:11:27.0290642+01:00 0HLKU6QIIVM5T:00000001 [INF] Executed page "/Post" in 21.3155ms (02e01280)
2019-03-01T12:11:27.0337674+01:00 0HLKU6QIIVM5T:00000001 [INF] Request finished in 45.3585ms 302  (791a596a)
2019-03-01T12:11:27.0418544+01:00 0HLKU6QIIVM5T:00000002 [INF] Request starting HTTP/1.1 GET http://localhost:5000/LostAndNotFound   (ca22a1cb)
2019-03-01T12:11:27.0486769+01:00 0HLKU6QIIVM5T:00000002 [INF] Route matched with "{page = \"/LostAndNotFound\", action = \"\", controller = \"\"}". Executing page "/LostAndNotFound" (547e620f)
2019-03-01T12:11:27.0539800+01:00 0HLKU6QIIVM5T:00000002 [INF] Executing an implicit handler method - ModelState is Valid (232a55d1)
2019-03-01T12:11:27.0582625+01:00 0HLKU6QIIVM5T:00000002 [INF] Executed an implicit handler method, returned result "Microsoft.AspNetCore.Mvc.RazorPages.PageResult". (f857da66)
2019-03-01T12:11:27.0676409+01:00 0HLKU6QIIVM5T:00000002 [INF] Executed page "/LostAndNotFound" in 10.1175ms (02e01280)
2019-03-01T12:11:27.0709439+01:00 0HLKU6QIIVM5T:00000002 [INF] Request finished in 31.9369ms 200 text/html; charset=utf-8 (791a596a)
2019-03-01T12:11:30.8452509+01:00 0HLKU6QIIVM5T:00000003 [INF] Request starting HTTP/1.1 GET http://localhost:5000/other   (ca22a1cb)
2019-03-01T12:11:30.8475629+01:00 0HLKU6QIIVM5T:00000003 [INF] Route matched with "{page = \"/Post\", action = \"\", controller = \"\"}". Executing page "/Post" (547e620f)
2019-03-01T12:11:30.8539964+01:00 0HLKU6QIIVM5T:00000003 [INF] Executing handler method "hySite.PostPageModel.OnGet" with arguments (["other"]) - ModelState is Valid (d4ff7456)
2019-03-01T12:11:30.8585387+01:00 0HLKU6QIIVM5T:00000003 [INF] Entity Framework Core "2.2.2-servicing-10034" initialized '"AppDbContext"' using provider '"Microsoft.EntityFrameworkCore.InMemory"' with options: "StoreName=db " (9958f5bb)
2019-03-01T12:11:30.8681178+01:00 0HLKU6QIIVM5T:00000003 [INF] Saved 1 entities to in-memory store. (a24023e4)
2019-03-01T12:11:30.8991116+01:00 0HLKU6QIIVM5T:00000003 [INF] Executed handler method "OnGet", returned result "Microsoft.AspNetCore.Mvc.RazorPages.PageResult". (90fdc39c)
2019-03-01T12:11:30.9070907+01:00 0HLKU6QIIVM5T:00000003 [INF] Executed page "/Post" in 56.6077ms (02e01280)
2019-03-01T12:11:30.9102402+01:00 0HLKU6QIIVM5T:00000003 [INF] Request finished in 65.1272ms 200 text/html; charset=utf-8 (791a596a)
2019-03-01T12:11:30.9258961+01:00 0HLKU6QIIVM5T:00000004 [INF] Request starting HTTP/1.1 GET http://localhost:5000/ipad.jpeg   (ca22a1cb)
2019-03-01T12:11:30.9339119+01:00 0HLKU6QIIVM5T:00000004 [INF] Route matched with "{page = \"/Post\", action = \"\", controller = \"\"}". Executing page "/Post" (547e620f)
2019-03-01T12:11:30.9369406+01:00 0HLKU6QIIVM5T:00000004 [INF] Executing handler method "hySite.PostPageModel.OnGet" with arguments (["ipad.jpeg"]) - ModelState is Valid (d4ff7456)
2019-03-01T12:11:30.9399475+01:00 0HLKU6QIIVM5T:00000004 [INF] Entity Framework Core "2.2.2-servicing-10034" initialized '"AppDbContext"' using provider '"Microsoft.EntityFrameworkCore.InMemory"' with options: "StoreName=db " (9958f5bb)
2019-03-01T12:11:30.9443614+01:00 0HLKU6QIIVM5T:00000004 [INF] Executed handler method "OnGet", returned result "Microsoft.AspNetCore.Mvc.RedirectToPageResult". (90fdc39c)
2019-03-01T12:11:30.9483406+01:00 0HLKU6QIIVM5T:00000004 [INF] Executing RedirectToPageResult, redirecting to "/LostAndNotFound". (07cf2c9f)
2019-03-01T12:11:30.9508224+01:00 0HLKU6QIIVM5T:00000004 [INF] Executed page "/Post" in 14.3907ms (02e01280)
2019-03-01T12:11:30.9535319+01:00 0HLKU6QIIVM5T:00000004 [INF] Request finished in 29.2447ms 302  (791a596a)
2019-03-01T12:11:30.9828442+01:00 0HLKU6QIIVM5T:00000005 [INF] Request starting HTTP/1.1 GET http://localhost:5000/LostAndNotFound   (ca22a1cb)
2019-03-01T12:11:30.9855738+01:00 0HLKU6QIIVM5T:00000005 [INF] Route matched with "{page = \"/LostAndNotFound\", action = \"\", controller = \"\"}". Executing page "/LostAndNotFound" (547e620f)
2019-03-01T12:11:30.9885250+01:00 0HLKU6QIIVM5T:00000005 [INF] Executing an implicit handler method - ModelState is Valid (232a55d1)
2019-03-01T12:11:30.9926308+01:00 0HLKU6QIIVM5T:00000005 [INF] Executed an implicit handler method, returned result "Microsoft.AspNetCore.Mvc.RazorPages.PageResult". (f857da66)
2019-03-01T12:11:30.9982860+01:00 0HLKU6QIIVM5T:00000005 [INF] Executed page "/LostAndNotFound" in 7.7882ms (02e01280)
2019-03-01T12:11:31.0052995+01:00 0HLKU6QIIVM5T:00000005 [INF] Request finished in 24.5347ms 200 text/html; charset=utf-8 (791a596a)
2019-03-01T12:11:31.0133394+01:00 0HLKU6QIIVM5U:00000001 [INF] Request starting HTTP/1.1 GET http://localhost:5000/favicon.ico   (ca22a1cb)
2019-03-01T12:11:31.0202350+01:00 0HLKU6QIIVM5U:00000001 [INF] Route matched with "{page = \"/Post\", action = \"\", controller = \"\"}". Executing page "/Post" (547e620f)
2019-03-01T12:11:31.0327221+01:00 0HLKU6QIIVM5U:00000001 [INF] Executing handler method "hySite.PostPageModel.OnGet" with arguments (["favicon.ico"]) - ModelState is Valid (d4ff7456)
2019-03-01T12:11:31.0371045+01:00 0HLKU6QIIVM5U:00000001 [INF] Entity Framework Core "2.2.2-servicing-10034" initialized '"AppDbContext"' using provider '"Microsoft.EntityFrameworkCore.InMemory"' with options: "StoreName=db " (9958f5bb)
2019-03-01T12:11:31.0408037+01:00 0HLKU6QIIVM5U:00000001 [INF] Executed handler method "OnGet", returned result "Microsoft.AspNetCore.Mvc.RedirectToPageResult". (90fdc39c)
2019-03-01T12:11:31.0434718+01:00 0HLKU6QIIVM5U:00000001 [INF] Executing RedirectToPageResult, redirecting to "/LostAndNotFound". (07cf2c9f)
2019-03-01T12:11:31.0464353+01:00 0HLKU6QIIVM5U:00000001 [INF] Executed page "/Post" in 23.1475ms (02e01280)
2019-03-01T12:11:31.0493254+01:00 0HLKU6QIIVM5U:00000001 [INF] Request finished in 39.178ms 302  (791a596a)
2019-03-01T12:11:31.0516962+01:00 0HLKU6QIIVM5U:00000002 [INF] Request starting HTTP/1.1 GET http://localhost:5000/LostAndNotFound   (ca22a1cb)
2019-03-01T12:11:31.0540912+01:00 0HLKU6QIIVM5U:00000002 [INF] Route matched with "{page = \"/LostAndNotFound\", action = \"\", controller = \"\"}". Executing page "/LostAndNotFound" (547e620f)
2019-03-01T12:11:31.0562986+01:00 0HLKU6QIIVM5U:00000002 [INF] Executing an implicit handler method - ModelState is Valid (232a55d1)
2019-03-01T12:11:31.0583100+01:00 0HLKU6QIIVM5U:00000002 [INF] Executed an implicit handler method, returned result "Microsoft.AspNetCore.Mvc.RazorPages.PageResult". (f857da66)
2019-03-01T12:11:31.0631553+01:00 0HLKU6QIIVM5U:00000002 [INF] Executed page "/LostAndNotFound" in 4.6933ms (02e01280)
2019-03-01T12:11:31.0661899+01:00 0HLKU6QIIVM5U:00000002 [INF] Request finished in 13.8058ms 200 text/html; charset=utf-8 (791a596a)
2019-03-01T12:11:32.4283638+01:00 0HLKU6QIIVM5U:00000003 [INF] Request starting HTTP/1.1 GET http://localhost:5000/other   (ca22a1cb)
2019-03-01T12:11:32.4329015+01:00 0HLKU6QIIVM5U:00000003 [INF] Route matched with "{page = \"/Post\", action = \"\", controller = \"\"}". Executing page "/Post" (547e620f)
2019-03-01T12:11:32.4362626+01:00 0HLKU6QIIVM5U:00000003 [INF] Executing handler method "hySite.PostPageModel.OnGet" with arguments (["other"]) - ModelState is Valid (d4ff7456)
2019-03-01T12:11:32.4418515+01:00 0HLKU6QIIVM5U:00000003 [INF] Entity Framework Core "2.2.2-servicing-10034" initialized '"AppDbContext"' using provider '"Microsoft.EntityFrameworkCore.InMemory"' with options: "StoreName=db " (9958f5bb)
2019-03-01T12:11:32.4478842+01:00 0HLKU6QIIVM5U:00000003 [INF] Saved 1 entities to in-memory store. (a24023e4)
2019-03-01T12:11:32.4528212+01:00 0HLKU6QIIVM5U:00000003 [INF] Executed handler method "OnGet", returned result "Microsoft.AspNetCore.Mvc.RazorPages.PageResult". (90fdc39c)
2019-03-01T12:11:32.4561966+01:00 0HLKU6QIIVM5U:00000003 [INF] Executed page "/Post" in 20.4196ms (02e01280)
2019-03-01T12:11:32.4589579+01:00 0HLKU6QIIVM5U:00000003 [INF] Request finished in 31.6132ms 200 text/html; charset=utf-8 (791a596a)
2019-03-01T12:11:32.4720320+01:00 0HLKU6QIIVM5U:00000004 [INF] Request starting HTTP/1.1 GET http://localhost:5000/ipad.jpeg   (ca22a1cb)
2019-03-01T12:11:32.4781207+01:00 0HLKU6QIIVM5U:00000004 [INF] Route matched with "{page = \"/Post\", action = \"\", controller = \"\"}". Executing page "/Post" (547e620f)
2019-03-01T12:11:32.4831169+01:00 0HLKU6QIIVM5U:00000004 [INF] Executing handler method "hySite.PostPageModel.OnGet" with arguments (["ipad.jpeg"]) - ModelState is Valid (d4ff7456)
2019-03-01T12:11:32.4866609+01:00 0HLKU6QIIVM5U:00000004 [INF] Entity Framework Core "2.2.2-servicing-10034" initialized '"AppDbContext"' using provider '"Microsoft.EntityFrameworkCore.InMemory"' with options: "StoreName=db " (9958f5bb)
2019-03-01T12:11:32.4921752+01:00 0HLKU6QIIVM5U:00000004 [INF] Executed handler method "OnGet", returned result "Microsoft.AspNetCore.Mvc.RedirectToPageResult". (90fdc39c)
2019-03-01T12:11:32.4977000+01:00 0HLKU6QIIVM5U:00000004 [INF] Executing RedirectToPageResult, redirecting to "/LostAndNotFound". (07cf2c9f)
2019-03-01T12:11:32.5014931+01:00 0HLKU6QIIVM5U:00000004 [INF] Executed page "/Post" in 19.6774ms (02e01280)
2019-03-01T12:11:32.5050023+01:00 0HLKU6QIIVM5U:00000004 [INF] Request finished in 32.7453ms 302  (791a596a)
2019-03-01T12:11:32.5176580+01:00 0HLKU6QIIVM5U:00000005 [INF] Request starting HTTP/1.1 GET http://localhost:5000/LostAndNotFound   (ca22a1cb)
2019-03-01T12:11:32.5209560+01:00 0HLKU6QIIVM5U:00000005 [INF] Route matched with "{page = \"/LostAndNotFound\", action = \"\", controller = \"\"}". Executing page "/LostAndNotFound" (547e620f)
2019-03-01T12:11:32.5245985+01:00 0HLKU6QIIVM5U:00000005 [INF] Executing an implicit handler method - ModelState is Valid (232a55d1)
2019-03-01T12:11:32.5285168+01:00 0HLKU6QIIVM5U:00000005 [INF] Executed an implicit handler method, returned result "Microsoft.AspNetCore.Mvc.RazorPages.PageResult". (f857da66)
2019-03-01T12:11:32.5332864+01:00 0HLKU6QIIVM5U:00000005 [INF] Executed page "/LostAndNotFound" in 8.1538ms (02e01280)
2019-03-01T12:11:32.5425910+01:00 0HLKU6QIIVM5U:00000005 [INF] Request finished in 18.444ms 200 text/html; charset=utf-8 (791a596a)
2019-03-01T12:11:32.5503958+01:00 0HLKU6QIIVM5V:00000001 [INF] Request starting HTTP/1.1 GET http://localhost:5000/favicon.ico   (ca22a1cb)
2019-03-01T12:11:32.5546021+01:00 0HLKU6QIIVM5V:00000001 [INF] Route matched with "{page = \"/Post\", action = \"\", controller = \"\"}". Executing page "/Post" (547e620f)
2019-03-01T12:11:32.5581661+01:00 0HLKU6QIIVM5V:00000001 [INF] Executing handler method "hySite.PostPageModel.OnGet" with arguments (["favicon.ico"]) - ModelState is Valid (d4ff7456)
2019-03-01T12:11:32.5619609+01:00 0HLKU6QIIVM5V:00000001 [INF] Entity Framework Core "2.2.2-servicing-10034" initialized '"AppDbContext"' using provider '"Microsoft.EntityFrameworkCore.InMemory"' with options: "StoreName=db " (9958f5bb)
2019-03-01T12:11:32.5658008+01:00 0HLKU6QIIVM5V:00000001 [INF] Executed handler method "OnGet", returned result "Microsoft.AspNetCore.Mvc.RedirectToPageResult". (90fdc39c)
2019-03-01T12:11:32.5683025+01:00 0HLKU6QIIVM5V:00000001 [INF] Executing RedirectToPageResult, redirecting to "/LostAndNotFound". (07cf2c9f)
2019-03-01T12:11:32.5707381+01:00 0HLKU6QIIVM5V:00000001 [INF] Executed page "/Post" in 13.692ms (02e01280)
2019-03-01T12:11:32.5736473+01:00 0HLKU6QIIVM5V:00000001 [INF] Request finished in 27.584ms 302  (791a596a)
2019-03-01T12:11:32.5759315+01:00 0HLKU6QIIVM5V:00000002 [INF] Request starting HTTP/1.1 GET http://localhost:5000/LostAndNotFound   (ca22a1cb)
2019-03-01T12:11:32.5789682+01:00 0HLKU6QIIVM5V:00000002 [INF] Route matched with "{page = \"/LostAndNotFound\", action = \"\", controller = \"\"}". Executing page "/LostAndNotFound" (547e620f)
2019-03-01T12:11:32.5815536+01:00 0HLKU6QIIVM5V:00000002 [INF] Executing an implicit handler method - ModelState is Valid (232a55d1)
2019-03-01T12:11:32.5841831+01:00 0HLKU6QIIVM5V:00000002 [INF] Executed an implicit handler method, returned result "Microsoft.AspNetCore.Mvc.RazorPages.PageResult". (f857da66)
2019-03-01T12:11:32.5869277+01:00 0HLKU6QIIVM5V:00000002 [INF] Executed page "/LostAndNotFound" in 5.5471ms (02e01280)
2019-03-01T12:11:32.5900933+01:00 0HLKU6QIIVM5V:00000002 [INF] Request finished in 13.3082ms 200 text/html; charset=utf-8 (791a596a)
2019-03-01T12:11:35.0525016+01:00 0HLKU6QIIVM5V:00000003 [INF] Request starting HTTP/1.1 GET http://localhost:5000/favicon.ico   (ca22a1cb)
2019-03-01T12:11:35.0559034+01:00 0HLKU6QIIVM5V:00000003 [INF] Route matched with "{page = \"/Post\", action = \"\", controller = \"\"}". Executing page "/Post" (547e620f)
2019-03-01T12:11:35.0596584+01:00 0HLKU6QIIVM5V:00000003 [INF] Executing handler method "hySite.PostPageModel.OnGet" with arguments (["favicon.ico"]) - ModelState is Valid (d4ff7456)
2019-03-01T12:11:35.0655001+01:00 0HLKU6QIIVM5V:00000003 [INF] Entity Framework Core "2.2.2-servicing-10034" initialized '"AppDbContext"' using provider '"Microsoft.EntityFrameworkCore.InMemory"' with options: "StoreName=db " (9958f5bb)
2019-03-01T12:11:35.0719914+01:00 0HLKU6QIIVM5V:00000003 [INF] Executed handler method "OnGet", returned result "Microsoft.AspNetCore.Mvc.RedirectToPageResult". (90fdc39c)
2019-03-01T12:11:35.0759166+01:00 0HLKU6QIIVM5V:00000003 [INF] Executing RedirectToPageResult, redirecting to "/LostAndNotFound". (07cf2c9f)
2019-03-01T12:11:35.0815043+01:00 0HLKU6QIIVM5V:00000003 [INF] Executed page "/Post" in 20.1091ms (02e01280)
2019-03-01T12:11:35.0850095+01:00 0HLKU6QIIVM5V:00000003 [INF] Request finished in 32.6241ms 302  (791a596a)
2019-03-01T12:11:35.0884059+01:00 0HLKU6QIIVM5V:00000004 [INF] Request starting HTTP/1.1 GET http://localhost:5000/LostAndNotFound   (ca22a1cb)
2019-03-01T12:11:35.0917002+01:00 0HLKU6QIIVM5V:00000004 [INF] Route matched with "{page = \"/LostAndNotFound\", action = \"\", controller = \"\"}". Executing page "/LostAndNotFound" (547e620f)
2019-03-01T12:11:35.0948730+01:00 0HLKU6QIIVM5V:00000004 [INF] Executing an implicit handler method - ModelState is Valid (232a55d1)
2019-03-01T12:11:35.0979667+01:00 0HLKU6QIIVM5V:00000004 [INF] Executed an implicit handler method, returned result "Microsoft.AspNetCore.Mvc.RazorPages.PageResult". (f857da66)
2019-03-01T12:11:35.1016362+01:00 0HLKU6QIIVM5V:00000004 [INF] Executed page "/LostAndNotFound" in 6.6308ms (02e01280)
2019-03-01T12:11:35.1051412+01:00 0HLKU6QIIVM5V:00000004 [INF] Request finished in 16.7237ms 200 text/html; charset=utf-8 (791a596a)
2019-03-01T12:11:36.1927398+01:00 0HLKU6QIIVM5V:00000005 [INF] Request starting HTTP/1.1 GET http://localhost:5000/   (ca22a1cb)
2019-03-01T12:11:36.1954764+01:00 0HLKU6QIIVM5V:00000005 [INF] Route matched with "{page = \"/Index\", action = \"\", controller = \"\"}". Executing page "/Index" (547e620f)
2019-03-01T12:11:36.1984034+01:00 0HLKU6QIIVM5V:00000005 [INF] Executing handler method "hySite.IndexModel.OnGet" with arguments (["0"]) - ModelState is Valid (d4ff7456)
2019-03-01T12:11:36.2014433+01:00 0HLKU6QIIVM5V:00000005 [INF] Entity Framework Core "2.2.2-servicing-10034" initialized '"AppDbContext"' using provider '"Microsoft.EntityFrameworkCore.InMemory"' with options: "StoreName=db " (9958f5bb)
2019-03-01T12:11:36.2051647+01:00 0HLKU6QIIVM5V:00000005 [INF] Saved 1 entities to in-memory store. (a24023e4)
2019-03-01T12:11:36.2079799+01:00 0HLKU6QIIVM5V:00000005 [INF] Executed handler method "OnGet", returned result "Microsoft.AspNetCore.Mvc.RazorPages.PageResult". (90fdc39c)
2019-03-01T12:11:36.2138207+01:00 0HLKU6QIIVM5V:00000005 [INF] Executed page "/Index" in 13.0965ms (02e01280)
2019-03-01T12:11:36.2180580+01:00 0HLKU6QIIVM5V:00000005 [INF] Request finished in 24.8539ms 200 text/html; charset=utf-8 (791a596a)
2019-03-01T12:11:36.2321011+01:00 0HLKU6QIIVM5V:00000006 [INF] Request starting HTTP/1.1 GET http://localhost:5000/ipad.jpeg   (ca22a1cb)
2019-03-01T12:11:36.2358934+01:00 0HLKU6QIIVM5V:00000006 [INF] Route matched with "{page = \"/Post\", action = \"\", controller = \"\"}". Executing page "/Post" (547e620f)
2019-03-01T12:11:36.2393725+01:00 0HLKU6QIIVM5V:00000006 [INF] Executing handler method "hySite.PostPageModel.OnGet" with arguments (["ipad.jpeg"]) - ModelState is Valid (d4ff7456)
2019-03-01T12:11:36.2488143+01:00 0HLKU6QIIVM5V:00000006 [INF] Entity Framework Core "2.2.2-servicing-10034" initialized '"AppDbContext"' using provider '"Microsoft.EntityFrameworkCore.InMemory"' with options: "StoreName=db " (9958f5bb)
2019-03-01T12:11:36.2526693+01:00 0HLKU6QIIVM5V:00000006 [INF] Executed handler method "OnGet", returned result "Microsoft.AspNetCore.Mvc.RedirectToPageResult". (90fdc39c)
2019-03-01T12:11:36.2562834+01:00 0HLKU6QIIVM5V:00000006 [INF] Executing RedirectToPageResult, redirecting to "/LostAndNotFound". (07cf2c9f)
2019-03-01T12:11:36.2599001+01:00 0HLKU6QIIVM5V:00000006 [INF] Executed page "/Post" in 20.6745ms (02e01280)
2019-03-01T12:11:36.2638254+01:00 0HLKU6QIIVM5V:00000006 [INF] Request finished in 32.8136ms 302  (791a596a)
2019-03-01T12:11:36.2735331+01:00 0HLKU6QIIVM5V:00000007 [INF] Request starting HTTP/1.1 GET http://localhost:5000/LostAndNotFound   (ca22a1cb)
2019-03-01T12:11:36.2795361+01:00 0HLKU6QIIVM5V:00000007 [INF] Route matched with "{page = \"/LostAndNotFound\", action = \"\", controller = \"\"}". Executing page "/LostAndNotFound" (547e620f)
2019-03-01T12:11:36.2851159+01:00 0HLKU6QIIVM5V:00000007 [INF] Executing an implicit handler method - ModelState is Valid (232a55d1)
2019-03-01T12:11:36.2879626+01:00 0HLKU6QIIVM5V:00000007 [INF] Executed an implicit handler method, returned result "Microsoft.AspNetCore.Mvc.RazorPages.PageResult". (f857da66)
2019-03-01T12:11:36.2917549+01:00 0HLKU6QIIVM5V:00000007 [INF] Executed page "/LostAndNotFound" in 8.8397ms (02e01280)
2019-03-01T12:11:36.3024037+01:00 0HLKU6QIIVM5V:00000007 [INF] Request finished in 22.2949ms 200 text/html; charset=utf-8 (791a596a)
2019-03-01T12:11:36.3078904+01:00 0HLKU6QIIVM60:00000001 [INF] Request starting HTTP/1.1 GET http://localhost:5000/favicon.ico   (ca22a1cb)
2019-03-01T12:11:36.3218118+01:00 0HLKU6QIIVM60:00000001 [INF] Route matched with "{page = \"/Post\", action = \"\", controller = \"\"}". Executing page "/Post" (547e620f)
2019-03-01T12:11:36.3252367+01:00 0HLKU6QIIVM60:00000001 [INF] Executing handler method "hySite.PostPageModel.OnGet" with arguments (["favicon.ico"]) - ModelState is Valid (d4ff7456)
2019-03-01T12:11:36.3315823+01:00 0HLKU6QIIVM60:00000001 [INF] Entity Framework Core "2.2.2-servicing-10034" initialized '"AppDbContext"' using provider '"Microsoft.EntityFrameworkCore.InMemory"' with options: "StoreName=db " (9958f5bb)
2019-03-01T12:11:36.3354215+01:00 0HLKU6QIIVM60:00000001 [INF] Executed handler method "OnGet", returned result "Microsoft.AspNetCore.Mvc.RedirectToPageResult". (90fdc39c)
2019-03-01T12:11:36.3387729+01:00 0HLKU6QIIVM60:00000001 [INF] Executing RedirectToPageResult, redirecting to "/LostAndNotFound". (07cf2c9f)
2019-03-01T12:11:36.3414857+01:00 0HLKU6QIIVM60:00000001 [INF] Executed page "/Post" in 17.0786ms (02e01280)
2019-03-01T12:11:36.3445393+01:00 0HLKU6QIIVM60:00000001 [INF] Request finished in 39.1718ms 302  (791a596a)
2019-03-01T12:11:36.3472844+01:00 0HLKU6QIIVM60:00000002 [INF] Request starting HTTP/1.1 GET http://localhost:5000/LostAndNotFound   (ca22a1cb)
2019-03-01T12:11:36.3502550+01:00 0HLKU6QIIVM60:00000002 [INF] Route matched with "{page = \"/LostAndNotFound\", action = \"\", controller = \"\"}". Executing page "/LostAndNotFound" (547e620f)
2019-03-01T12:11:36.3530839+01:00 0HLKU6QIIVM60:00000002 [INF] Executing an implicit handler method - ModelState is Valid (232a55d1)
2019-03-01T12:11:36.3557231+01:00 0HLKU6QIIVM60:00000002 [INF] Executed an implicit handler method, returned result "Microsoft.AspNetCore.Mvc.RazorPages.PageResult". (f857da66)
2019-03-01T12:11:36.3588961+01:00 0HLKU6QIIVM60:00000002 [INF] Executed page "/LostAndNotFound" in 5.8623ms (02e01280)
2019-03-01T12:11:36.3646303+01:00 0HLKU6QIIVM60:00000002 [INF] Request finished in 14.3944ms 200 text/html; charset=utf-8 (791a596a)
2019-03-01T12:11:45.4545436+01:00 0HLKU6QIIVM60:00000003 [INF] Request starting HTTP/1.1 GET http://localhost:5000/   (ca22a1cb)
2019-03-01T12:11:45.4585631+01:00 0HLKU6QIIVM60:00000003 [INF] Route matched with "{page = \"/Index\", action = \"\", controller = \"\"}". Executing page "/Index" (547e620f)
2019-03-01T12:11:45.4640300+01:00 0HLKU6QIIVM60:00000003 [INF] Executing handler method "hySite.IndexModel.OnGet" with arguments (["0"]) - ModelState is Valid (d4ff7456)
2019-03-01T12:11:45.4673705+01:00 0HLKU6QIIVM60:00000003 [INF] Entity Framework Core "2.2.2-servicing-10034" initialized '"AppDbContext"' using provider '"Microsoft.EntityFrameworkCore.InMemory"' with options: "StoreName=db " (9958f5bb)
2019-03-01T12:11:45.4709458+01:00 0HLKU6QIIVM60:00000003 [INF] Saved 1 entities to in-memory store. (a24023e4)
2019-03-01T12:11:45.4739682+01:00 0HLKU6QIIVM60:00000003 [INF] Executed handler method "OnGet", returned result "Microsoft.AspNetCore.Mvc.RazorPages.PageResult". (90fdc39c)
2019-03-01T12:11:45.4781172+01:00 0HLKU6QIIVM60:00000003 [INF] Executed page "/Index" in 15.6828ms (02e01280)
2019-03-01T12:11:45.4828332+01:00 0HLKU6QIIVM60:00000003 [INF] Request finished in 31.7392ms 200 text/html; charset=utf-8 (791a596a)
2019-03-01T12:11:45.4962242+01:00 0HLKU6QIIVM60:00000004 [INF] Request starting HTTP/1.1 GET http://localhost:5000/ipad.jpeg   (ca22a1cb)
2019-03-01T12:11:45.5012844+01:00 0HLKU6QIIVM60:00000004 [INF] Route matched with "{page = \"/Post\", action = \"\", controller = \"\"}". Executing page "/Post" (547e620f)
2019-03-01T12:11:45.5050988+01:00 0HLKU6QIIVM60:00000004 [INF] Executing handler method "hySite.PostPageModel.OnGet" with arguments (["ipad.jpeg"]) - ModelState is Valid (d4ff7456)
2019-03-01T12:11:45.5092718+01:00 0HLKU6QIIVM60:00000004 [INF] Entity Framework Core "2.2.2-servicing-10034" initialized '"AppDbContext"' using provider '"Microsoft.EntityFrameworkCore.InMemory"' with options: "StoreName=db " (9958f5bb)
2019-03-01T12:11:45.5142443+01:00 0HLKU6QIIVM60:00000004 [INF] Executed handler method "OnGet", returned result "Microsoft.AspNetCore.Mvc.RedirectToPageResult". (90fdc39c)
2019-03-01T12:11:45.5176494+01:00 0HLKU6QIIVM60:00000004 [INF] Executing RedirectToPageResult, redirecting to "/LostAndNotFound". (07cf2c9f)
2019-03-01T12:11:45.5211551+01:00 0HLKU6QIIVM60:00000004 [INF] Executed page "/Post" in 16.4186ms (02e01280)
2019-03-01T12:11:45.5245566+01:00 0HLKU6QIIVM60:00000004 [INF] Request finished in 29.5853ms 302  (791a596a)
2019-03-01T12:11:45.5348528+01:00 0HLKU6QIIVM60:00000005 [INF] Request starting HTTP/1.1 GET http://localhost:5000/LostAndNotFound   (ca22a1cb)
2019-03-01T12:11:45.5387147+01:00 0HLKU6QIIVM60:00000005 [INF] Route matched with "{page = \"/LostAndNotFound\", action = \"\", controller = \"\"}". Executing page "/LostAndNotFound" (547e620f)
2019-03-01T12:11:45.5424021+01:00 0HLKU6QIIVM60:00000005 [INF] Executing an implicit handler method - ModelState is Valid (232a55d1)
2019-03-01T12:11:45.5463663+01:00 0HLKU6QIIVM60:00000005 [INF] Executed an implicit handler method, returned result "Microsoft.AspNetCore.Mvc.RazorPages.PageResult". (f857da66)
2019-03-01T12:11:45.5501642+01:00 0HLKU6QIIVM60:00000005 [INF] Executed page "/LostAndNotFound" in 8.0301ms (02e01280)
2019-03-01T12:11:45.5533214+01:00 0HLKU6QIIVM60:00000005 [INF] Request finished in 19.1454ms 200 text/html; charset=utf-8 (791a596a)
2019-03-01T12:11:45.5792988+01:00 0HLKU6QIIVM60:00000006 [INF] Request starting HTTP/1.1 GET http://localhost:5000/favicon.ico   (ca22a1cb)
2019-03-01T12:11:45.5831922+01:00 0HLKU6QIIVM60:00000006 [INF] Route matched with "{page = \"/Post\", action = \"\", controller = \"\"}". Executing page "/Post" (547e620f)
2019-03-01T12:11:45.5890596+01:00 0HLKU6QIIVM60:00000006 [INF] Executing handler method "hySite.PostPageModel.OnGet" with arguments (["favicon.ico"]) - ModelState is Valid (d4ff7456)
2019-03-01T12:11:45.5927322+01:00 0HLKU6QIIVM60:00000006 [INF] Entity Framework Core "2.2.2-servicing-10034" initialized '"AppDbContext"' using provider '"Microsoft.EntityFrameworkCore.InMemory"' with options: "StoreName=db " (9958f5bb)
2019-03-01T12:11:45.5984370+01:00 0HLKU6QIIVM60:00000006 [INF] Executed handler method "OnGet", returned result "Microsoft.AspNetCore.Mvc.RedirectToPageResult". (90fdc39c)
2019-03-01T12:11:45.6012228+01:00 0HLKU6QIIVM60:00000006 [INF] Executing RedirectToPageResult, redirecting to "/LostAndNotFound". (07cf2c9f)
2019-03-01T12:11:45.6039235+01:00 0HLKU6QIIVM60:00000006 [INF] Executed page "/Post" in 18.0635ms (02e01280)
2019-03-01T12:11:45.6072401+01:00 0HLKU6QIIVM60:00000006 [INF] Request finished in 28.3882ms 302  (791a596a)
2019-03-01T12:11:45.6104006+01:00 0HLKU6QIIVM60:00000007 [INF] Request starting HTTP/1.1 GET http://localhost:5000/LostAndNotFound   (ca22a1cb)
2019-03-01T12:11:45.6153177+01:00 0HLKU6QIIVM60:00000007 [INF] Route matched with "{page = \"/LostAndNotFound\", action = \"\", controller = \"\"}". Executing page "/LostAndNotFound" (547e620f)
2019-03-01T12:11:45.6185862+01:00 0HLKU6QIIVM60:00000007 [INF] Executing an implicit handler method - ModelState is Valid (232a55d1)
2019-03-01T12:11:45.6216997+01:00 0HLKU6QIIVM60:00000007 [INF] Executed an implicit handler method, returned result "Microsoft.AspNetCore.Mvc.RazorPages.PageResult". (f857da66)
2019-03-01T12:11:45.6264862+01:00 0HLKU6QIIVM60:00000007 [INF] Executed page "/LostAndNotFound" in 6.9897ms (02e01280)
2019-03-01T12:11:45.6316108+01:00 0HLKU6QIIVM60:00000007 [INF] Request finished in 19.9975ms 200 text/html; charset=utf-8 (791a596a)
2019-03-01T12:15:49.6913862+01:00 0HLKU6QIIVM60:00000008 [INF] Request starting HTTP/1.1 GET http://localhost:5000/About   (ca22a1cb)
2019-03-01T12:15:49.7200897+01:00 0HLKU6QIIVM60:00000008 [INF] Route matched with "{page = \"/About\", action = \"\", controller = \"\"}". Executing page "/About" (547e620f)
2019-03-01T12:15:49.7235467+01:00 0HLKU6QIIVM60:00000008 [INF] Executing an implicit handler method - ModelState is Valid (232a55d1)
2019-03-01T12:15:49.7256972+01:00 0HLKU6QIIVM60:00000008 [INF] Executed an implicit handler method, returned result "Microsoft.AspNetCore.Mvc.RazorPages.PageResult". (f857da66)
2019-03-01T12:15:49.7322627+01:00 0HLKU6QIIVM60:00000008 [INF] Executed page "/About" in 9.6384ms (02e01280)
2019-03-01T12:15:49.7348936+01:00 0HLKU6QIIVM60:00000008 [INF] Request finished in 43.5967ms 200 text/html; charset=utf-8 (791a596a)
2019-03-01T12:15:49.7472229+01:00 0HLKU6QIIVM60:00000009 [INF] Request starting HTTP/1.1 GET http://localhost:5000/js/jquery-3.3.1.min.js   (ca22a1cb)
2019-03-01T12:15:49.7587889+01:00 0HLKU6QIIVM60:00000009 [INF] The file "/js/jquery-3.3.1.min.js" was not modified (f1f8d725)
2019-03-01T12:15:49.7663388+01:00 0HLKU6QIIVM60:00000009 [INF] Request finished in 16.951ms 304 application/javascript (791a596a)
2019-03-01T12:15:49.9247108+01:00 0HLKU6QIIVM60:0000000A [INF] Request starting HTTP/1.1 GET http://localhost:5000/favicon.ico   (ca22a1cb)
2019-03-01T12:15:49.9462269+01:00 0HLKU6QIIVM60:0000000A [INF] Route matched with "{page = \"/Post\", action = \"\", controller = \"\"}". Executing page "/Post" (547e620f)
2019-03-01T12:15:49.9534401+01:00 0HLKU6QIIVM60:0000000A [INF] Executing handler method "hySite.PostPageModel.OnGet" with arguments (["favicon.ico"]) - ModelState is Valid (d4ff7456)
2019-03-01T12:15:49.9644067+01:00 0HLKU6QIIVM60:0000000A [INF] Entity Framework Core "2.2.2-servicing-10034" initialized '"AppDbContext"' using provider '"Microsoft.EntityFrameworkCore.InMemory"' with options: "StoreName=db " (9958f5bb)
2019-03-01T12:15:49.9854017+01:00 0HLKU6QIIVM60:0000000A [INF] Executed handler method "OnGet", returned result "Microsoft.AspNetCore.Mvc.RedirectToPageResult". (90fdc39c)
2019-03-01T12:15:50.0007847+01:00 0HLKU6QIIVM60:0000000A [INF] Executing RedirectToPageResult, redirecting to "/LostAndNotFound". (07cf2c9f)
2019-03-01T12:15:50.0047342+01:00 0HLKU6QIIVM60:0000000A [INF] Executed page "/Post" in 54.6026ms (02e01280)
2019-03-01T12:15:50.0078783+01:00 0HLKU6QIIVM60:0000000A [INF] Request finished in 130.3121ms 302  (791a596a)
2019-03-01T12:15:50.0246338+01:00 0HLKU6QIIVM60:0000000B [INF] Request starting HTTP/1.1 GET http://localhost:5000/LostAndNotFound   (ca22a1cb)
2019-03-01T12:15:50.0278943+01:00 0HLKU6QIIVM60:0000000B [INF] Route matched with "{page = \"/LostAndNotFound\", action = \"\", controller = \"\"}". Executing page "/LostAndNotFound" (547e620f)
2019-03-01T12:15:50.0312199+01:00 0HLKU6QIIVM60:0000000B [INF] Executing an implicit handler method - ModelState is Valid (232a55d1)
2019-03-01T12:15:50.0347712+01:00 0HLKU6QIIVM60:0000000B [INF] Executed an implicit handler method, returned result "Microsoft.AspNetCore.Mvc.RazorPages.PageResult". (f857da66)
2019-03-01T12:15:50.0386255+01:00 0HLKU6QIIVM60:0000000B [INF] Executed page "/LostAndNotFound" in 7.1332ms (02e01280)
2019-03-01T12:15:50.0415385+01:00 0HLKU6QIIVM60:0000000B [INF] Request finished in 16.7527ms 200 text/html; charset=utf-8 (791a596a)
2019-03-01T12:15:51.4792138+01:00 0HLKU6QIIVM60:0000000C [INF] Request starting HTTP/1.1 GET http://localhost:5000/favicon.ico   (ca22a1cb)
2019-03-01T12:15:51.4851712+01:00 0HLKU6QIIVM60:0000000C [INF] Route matched with "{page = \"/Post\", action = \"\", controller = \"\"}". Executing page "/Post" (547e620f)
2019-03-01T12:15:51.4891413+01:00 0HLKU6QIIVM60:0000000C [INF] Executing handler method "hySite.PostPageModel.OnGet" with arguments (["favicon.ico"]) - ModelState is Valid (d4ff7456)
2019-03-01T12:15:51.5004829+01:00 0HLKU6QIIVM60:0000000C [INF] Entity Framework Core "2.2.2-servicing-10034" initialized '"AppDbContext"' using provider '"Microsoft.EntityFrameworkCore.InMemory"' with options: "StoreName=db " (9958f5bb)
2019-03-01T12:15:51.5064110+01:00 0HLKU6QIIVM60:0000000C [INF] Executed handler method "OnGet", returned result "Microsoft.AspNetCore.Mvc.RedirectToPageResult". (90fdc39c)
2019-03-01T12:15:51.5157049+01:00 0HLKU6QIIVM60:0000000C [INF] Executing RedirectToPageResult, redirecting to "/LostAndNotFound". (07cf2c9f)
2019-03-01T12:15:51.5208686+01:00 0HLKU6QIIVM60:0000000C [INF] Executed page "/Post" in 30.5652ms (02e01280)
2019-03-01T12:15:51.5281370+01:00 0HLKU6QIIVM60:0000000C [INF] Request finished in 48.0264ms 302  (791a596a)
2019-03-01T12:15:51.5319014+01:00 0HLKU6QIIVM60:0000000D [INF] Request starting HTTP/1.1 GET http://localhost:5000/LostAndNotFound   (ca22a1cb)
2019-03-01T12:15:51.5345069+01:00 0HLKU6QIIVM60:0000000D [INF] Route matched with "{page = \"/LostAndNotFound\", action = \"\", controller = \"\"}". Executing page "/LostAndNotFound" (547e620f)
2019-03-01T12:15:51.5389078+01:00 0HLKU6QIIVM60:0000000D [INF] Executing an implicit handler method - ModelState is Valid (232a55d1)
2019-03-01T12:15:51.5422530+01:00 0HLKU6QIIVM60:0000000D [INF] Executed an implicit handler method, returned result "Microsoft.AspNetCore.Mvc.RazorPages.PageResult". (f857da66)
2019-03-01T12:15:51.5485818+01:00 0HLKU6QIIVM60:0000000D [INF] Executed page "/LostAndNotFound" in 8.1903ms (02e01280)
2019-03-01T12:15:51.5561448+01:00 0HLKU6QIIVM60:0000000D [INF] Request finished in 20.2609ms 200 text/html; charset=utf-8 (791a596a)
2019-03-01T13:01:20.3422939+01:00 0HLKU6QIIVM63:00000001 [INF] Request starting HTTP/1.1 GET http://localhost:5000/   (ca22a1cb)
2019-03-01T13:01:20.3529566+01:00 0HLKU6QIIVM63:00000001 [INF] Route matched with "{page = \"/Index\", action = \"\", controller = \"\"}". Executing page "/Index" (547e620f)
2019-03-01T13:01:20.3562905+01:00 0HLKU6QIIVM63:00000001 [INF] Executing handler method "hySite.IndexModel.OnGet" with arguments (["0"]) - ModelState is Valid (d4ff7456)
2019-03-01T13:01:20.3595183+01:00 0HLKU6QIIVM63:00000001 [INF] Entity Framework Core "2.2.2-servicing-10034" initialized '"AppDbContext"' using provider '"Microsoft.EntityFrameworkCore.InMemory"' with options: "StoreName=db " (9958f5bb)
2019-03-01T13:01:20.3645294+01:00 0HLKU6QIIVM63:00000001 [INF] Saved 1 entities to in-memory store. (a24023e4)
2019-03-01T13:01:20.3682887+01:00 0HLKU6QIIVM63:00000001 [INF] Executed handler method "OnGet", returned result "Microsoft.AspNetCore.Mvc.RazorPages.PageResult". (90fdc39c)
2019-03-01T13:01:22.4118182+01:00 0HLKU6QIIVM63:00000001 [INF] Executed page "/Index" in 2054.8809ms (02e01280)
2019-03-01T13:01:22.4159824+01:00 0HLKU6QIIVM63:00000001 [INF] Request finished in 2073.4198ms 200 text/html; charset=utf-8 (791a596a)
2019-03-01T13:01:22.4293344+01:00 0HLKU6QIIVM63:00000002 [INF] Request starting HTTP/1.1 GET http://localhost:5000/css/bootstrap.min.css   (ca22a1cb)
2019-03-01T13:01:22.4351683+01:00 0HLKU6QIIVM65:00000001 [INF] Request starting HTTP/1.1 GET http://localhost:5000/ipad.jpeg   (ca22a1cb)
2019-03-01T13:01:22.4401397+01:00 0HLKU6QIIVM64:00000001 [INF] Request starting HTTP/1.1 GET http://localhost:5000/js/bootstrap.bundle.min.js   (ca22a1cb)
2019-03-01T13:01:22.4475975+01:00 0HLKU6QIIVM63:00000002 [INF] The file "/css/bootstrap.min.css" was not modified (f1f8d725)
2019-03-01T13:01:22.4508110+01:00 0HLKU6QIIVM64:00000001 [INF] The file "/js/bootstrap.bundle.min.js" was not modified (f1f8d725)
2019-03-01T13:01:22.4556333+01:00 0HLKU6QIIVM63:00000002 [INF] Request finished in 23.6516ms 304 text/css (791a596a)
2019-03-01T13:01:22.4586228+01:00 0HLKU6QIIVM64:00000001 [INF] Request finished in 20.4293ms 304 application/javascript (791a596a)
2019-03-01T13:01:22.4684314+01:00 0HLKU6QIIVM65:00000001 [INF] Route matched with "{page = \"/Post\", action = \"\", controller = \"\"}". Executing page "/Post" (547e620f)
2019-03-01T13:01:22.4724665+01:00 0HLKU6QIIVM65:00000001 [INF] Executing handler method "hySite.PostPageModel.OnGet" with arguments (["ipad.jpeg"]) - ModelState is Valid (d4ff7456)
2019-03-01T13:01:22.4770526+01:00 0HLKU6QIIVM65:00000001 [INF] Entity Framework Core "2.2.2-servicing-10034" initialized '"AppDbContext"' using provider '"Microsoft.EntityFrameworkCore.InMemory"' with options: "StoreName=db " (9958f5bb)
2019-03-01T13:01:22.4828074+01:00 0HLKU6QIIVM65:00000001 [INF] Executed handler method "OnGet", returned result "Microsoft.AspNetCore.Mvc.RedirectToPageResult". (90fdc39c)
2019-03-01T13:01:22.4873563+01:00 0HLKU6QIIVM65:00000001 [INF] Executing RedirectToPageResult, redirecting to "/LostAndNotFound". (07cf2c9f)
2019-03-01T13:01:22.4913498+01:00 0HLKU6QIIVM65:00000001 [INF] Executed page "/Post" in 18.9797ms (02e01280)
2019-03-01T13:01:22.4996255+01:00 0HLKU6QIIVM65:00000001 [INF] Request finished in 62.6716ms 302  (791a596a)
2019-03-01T13:01:22.5227919+01:00 0HLKU6QIIVM65:00000002 [INF] Request starting HTTP/1.1 GET http://localhost:5000/css/bootstrap.min.css.map   (ca22a1cb)
2019-03-01T13:01:22.5262797+01:00 0HLKU6QIIVM65:00000002 [INF] The file "/css/bootstrap.min.css.map" was not modified (f1f8d725)
2019-03-01T13:01:22.5309253+01:00 0HLKU6QIIVM65:00000002 [INF] Request finished in 7.5835ms 304 text/plain (791a596a)
2019-03-01T13:01:22.5789909+01:00 0HLKU6QIIVM65:00000003 [INF] Request starting HTTP/1.1 GET http://localhost:5000/LostAndNotFound   (ca22a1cb)
2019-03-01T13:01:22.5832147+01:00 0HLKU6QIIVM64:00000002 [INF] Request starting HTTP/1.1 GET http://localhost:5000/js/bootstrap.bundle.min.js.map   (ca22a1cb)
2019-03-01T13:01:22.5883872+01:00 0HLKU6QIIVM64:00000002 [INF] The file "/js/bootstrap.bundle.min.js.map" was not modified (f1f8d725)
2019-03-01T13:01:22.5921792+01:00 0HLKU6QIIVM64:00000002 [INF] Request finished in 9.2724ms 304 text/plain (791a596a)
2019-03-01T13:01:22.6010381+01:00 0HLKU6QIIVM65:00000003 [INF] Route matched with "{page = \"/LostAndNotFound\", action = \"\", controller = \"\"}". Executing page "/LostAndNotFound" (547e620f)
2019-03-01T13:01:22.6059169+01:00 0HLKU6QIIVM65:00000003 [INF] Executing an implicit handler method - ModelState is Valid (232a55d1)
2019-03-01T13:01:22.6084090+01:00 0HLKU6QIIVM65:00000003 [INF] Executed an implicit handler method, returned result "Microsoft.AspNetCore.Mvc.RazorPages.PageResult". (f857da66)
2019-03-01T13:01:22.6173395+01:00 0HLKU6QIIVM65:00000003 [INF] Executed page "/LostAndNotFound" in 8.3665ms (02e01280)
2019-03-01T13:01:22.6214737+01:00 0HLKU6QIIVM65:00000003 [INF] Request finished in 50.8438ms 200 text/html; charset=utf-8 (791a596a)
2019-03-01T13:01:22.6836832+01:00 0HLKU6QIIVM65:00000004 [INF] Request starting HTTP/1.1 GET http://localhost:5000/favicon.ico   (ca22a1cb)
2019-03-01T13:01:22.6871559+01:00 0HLKU6QIIVM65:00000004 [INF] Route matched with "{page = \"/Post\", action = \"\", controller = \"\"}". Executing page "/Post" (547e620f)
2019-03-01T13:01:22.6910177+01:00 0HLKU6QIIVM65:00000004 [INF] Executing handler method "hySite.PostPageModel.OnGet" with arguments (["favicon.ico"]) - ModelState is Valid (d4ff7456)
2019-03-01T13:01:22.6953837+01:00 0HLKU6QIIVM65:00000004 [INF] Entity Framework Core "2.2.2-servicing-10034" initialized '"AppDbContext"' using provider '"Microsoft.EntityFrameworkCore.InMemory"' with options: "StoreName=db " (9958f5bb)
2019-03-01T13:01:22.7010963+01:00 0HLKU6QIIVM65:00000004 [INF] Executed handler method "OnGet", returned result "Microsoft.AspNetCore.Mvc.RedirectToPageResult". (90fdc39c)
2019-03-01T13:01:22.7043281+01:00 0HLKU6QIIVM65:00000004 [INF] Executing RedirectToPageResult, redirecting to "/LostAndNotFound". (07cf2c9f)
2019-03-01T13:01:22.7073287+01:00 0HLKU6QIIVM65:00000004 [INF] Executed page "/Post" in 17.182ms (02e01280)
2019-03-01T13:01:22.7114589+01:00 0HLKU6QIIVM65:00000004 [INF] Request finished in 27.7587ms 302  (791a596a)
2019-03-01T13:01:22.7165401+01:00 0HLKU6QIIVM65:00000005 [INF] Request starting HTTP/1.1 GET http://localhost:5000/LostAndNotFound   (ca22a1cb)
2019-03-01T13:01:22.7202398+01:00 0HLKU6QIIVM65:00000005 [INF] Route matched with "{page = \"/LostAndNotFound\", action = \"\", controller = \"\"}". Executing page "/LostAndNotFound" (547e620f)
2019-03-01T13:01:22.7232766+01:00 0HLKU6QIIVM65:00000005 [INF] Executing an implicit handler method - ModelState is Valid (232a55d1)
2019-03-01T13:01:22.7267190+01:00 0HLKU6QIIVM65:00000005 [INF] Executed an implicit handler method, returned result "Microsoft.AspNetCore.Mvc.RazorPages.PageResult". (f857da66)
2019-03-01T13:01:22.7335537+01:00 0HLKU6QIIVM65:00000005 [INF] Executed page "/LostAndNotFound" in 7.2757ms (02e01280)
2019-03-01T13:01:22.7366934+01:00 0HLKU6QIIVM65:00000005 [INF] Request finished in 22.1028ms 200 text/html; charset=utf-8 (791a596a)
2019-03-01T13:01:27.6713055+01:00 0HLKU6QIIVM65:00000006 [INF] Request starting HTTP/1.1 GET http://localhost:5000/About   (ca22a1cb)
2019-03-01T13:01:27.6786547+01:00 0HLKU6QIIVM65:00000006 [INF] Route matched with "{page = \"/About\", action = \"\", controller = \"\"}". Executing page "/About" (547e620f)
2019-03-01T13:01:27.6841078+01:00 0HLKU6QIIVM65:00000006 [INF] Executing an implicit handler method - ModelState is Valid (232a55d1)
2019-03-01T13:01:27.6873410+01:00 0HLKU6QIIVM65:00000006 [INF] Executed an implicit handler method, returned result "Microsoft.AspNetCore.Mvc.RazorPages.PageResult". (f857da66)
2019-03-01T13:01:27.6915279+01:00 0HLKU6QIIVM65:00000006 [INF] Executed page "/About" in 9.5579ms (02e01280)
2019-03-01T13:01:27.6975899+01:00 0HLKU6QIIVM65:00000006 [INF] Request finished in 23.5641ms 200 text/html; charset=utf-8 (791a596a)
2019-03-01T13:01:27.8012736+01:00 0HLKU6QIIVM65:00000007 [INF] Request starting HTTP/1.1 GET http://localhost:5000/favicon.ico   (ca22a1cb)
2019-03-01T13:01:27.8057854+01:00 0HLKU6QIIVM65:00000007 [INF] Route matched with "{page = \"/Post\", action = \"\", controller = \"\"}". Executing page "/Post" (547e620f)
2019-03-01T13:01:27.8112982+01:00 0HLKU6QIIVM65:00000007 [INF] Executing handler method "hySite.PostPageModel.OnGet" with arguments (["favicon.ico"]) - ModelState is Valid (d4ff7456)
2019-03-01T13:01:27.8170186+01:00 0HLKU6QIIVM65:00000007 [INF] Entity Framework Core "2.2.2-servicing-10034" initialized '"AppDbContext"' using provider '"Microsoft.EntityFrameworkCore.InMemory"' with options: "StoreName=db " (9958f5bb)
2019-03-01T13:01:27.8210599+01:00 0HLKU6QIIVM65:00000007 [INF] Executed handler method "OnGet", returned result "Microsoft.AspNetCore.Mvc.RedirectToPageResult". (90fdc39c)
2019-03-01T13:01:27.8249270+01:00 0HLKU6QIIVM65:00000007 [INF] Executing RedirectToPageResult, redirecting to "/LostAndNotFound". (07cf2c9f)
2019-03-01T13:01:27.8290045+01:00 0HLKU6QIIVM65:00000007 [INF] Executed page "/Post" in 19.1589ms (02e01280)
2019-03-01T13:01:27.8331973+01:00 0HLKU6QIIVM65:00000007 [INF] Request finished in 30.8715ms 302  (791a596a)
2019-03-01T13:01:27.8363721+01:00 0HLKU6QIIVM65:00000008 [INF] Request starting HTTP/1.1 GET http://localhost:5000/LostAndNotFound   (ca22a1cb)
2019-03-01T13:01:27.8398902+01:00 0HLKU6QIIVM65:00000008 [INF] Route matched with "{page = \"/LostAndNotFound\", action = \"\", controller = \"\"}". Executing page "/LostAndNotFound" (547e620f)
2019-03-01T13:01:27.8439057+01:00 0HLKU6QIIVM65:00000008 [INF] Executing an implicit handler method - ModelState is Valid (232a55d1)
2019-03-01T13:01:27.8486730+01:00 0HLKU6QIIVM65:00000008 [INF] Executed an implicit handler method, returned result "Microsoft.AspNetCore.Mvc.RazorPages.PageResult". (f857da66)
2019-03-01T13:01:27.8532143+01:00 0HLKU6QIIVM65:00000008 [INF] Executed page "/LostAndNotFound" in 9.3635ms (02e01280)
2019-03-01T13:01:27.8586083+01:00 0HLKU6QIIVM65:00000008 [INF] Request finished in 19.9453ms 200 text/html; charset=utf-8 (791a596a)
2019-03-01T13:01:36.1304054+01:00 0HLKU6QIIVM65:00000009 [INF] Request starting HTTP/1.1 GET http://localhost:5000/CarouselTest   (ca22a1cb)
2019-03-01T13:01:36.1473715+01:00 0HLKU6QIIVM65:00000009 [INF] Route matched with "{page = \"/CarouselTest\", action = \"\", controller = \"\"}". Executing page "/CarouselTest" (547e620f)
2019-03-01T13:01:36.1522298+01:00 0HLKU6QIIVM65:00000009 [INF] Executing an implicit handler method - ModelState is Valid (232a55d1)
2019-03-01T13:01:36.1554471+01:00 0HLKU6QIIVM65:00000009 [INF] Executed an implicit handler method, returned result "Microsoft.AspNetCore.Mvc.RazorPages.PageResult". (f857da66)
2019-03-01T13:01:36.1631010+01:00 0HLKU6QIIVM65:00000009 [INF] Executed page "/CarouselTest" in 10.6638ms (02e01280)
2019-03-01T13:01:36.1696047+01:00 0HLKU6QIIVM65:00000009 [INF] Request finished in 36.9112ms 200 text/html; charset=utf-8 (791a596a)
2019-03-01T13:01:36.1909203+01:00 0HLKU6QIIVM64:00000003 [INF] Request starting HTTP/1.1 GET http://localhost:5000/pic2.png   (ca22a1cb)
2019-03-01T13:01:36.1997289+01:00 0HLKU6QIIVM65:0000000A [INF] Request starting HTTP/1.1 GET http://localhost:5000/pic1.png   (ca22a1cb)
2019-03-01T13:01:36.2024143+01:00 0HLKU6QIIVM64:00000003 [INF] The file "/pic2.png" was not modified (f1f8d725)
2019-03-01T13:01:36.2058788+01:00 0HLKU6QIIVM64:00000003 [INF] Request finished in 19.2509ms 304 image/png (791a596a)
2019-03-01T13:01:36.2095569+01:00 0HLKU6QIIVM65:0000000A [INF] The file "/pic1.png" was not modified (f1f8d725)
2019-03-01T13:01:36.2131835+01:00 0HLKU6QIIVM65:0000000A [INF] Request finished in 26.3196ms 304 image/png (791a596a)
2019-03-01T13:01:36.3190089+01:00 0HLKU6QIIVM65:0000000B [INF] Request starting HTTP/1.1 GET http://localhost:5000/favicon.ico   (ca22a1cb)
2019-03-01T13:01:36.3229981+01:00 0HLKU6QIIVM65:0000000B [INF] Route matched with "{page = \"/Post\", action = \"\", controller = \"\"}". Executing page "/Post" (547e620f)
2019-03-01T13:01:36.3277428+01:00 0HLKU6QIIVM65:0000000B [INF] Executing handler method "hySite.PostPageModel.OnGet" with arguments (["favicon.ico"]) - ModelState is Valid (d4ff7456)
2019-03-01T13:01:36.3322805+01:00 0HLKU6QIIVM65:0000000B [INF] Entity Framework Core "2.2.2-servicing-10034" initialized '"AppDbContext"' using provider '"Microsoft.EntityFrameworkCore.InMemory"' with options: "StoreName=db " (9958f5bb)
2019-03-01T13:01:36.3362971+01:00 0HLKU6QIIVM65:0000000B [INF] Executed handler method "OnGet", returned result "Microsoft.AspNetCore.Mvc.RedirectToPageResult". (90fdc39c)
2019-03-01T13:01:36.3396978+01:00 0HLKU6QIIVM65:0000000B [INF] Executing RedirectToPageResult, redirecting to "/LostAndNotFound". (07cf2c9f)
2019-03-01T13:01:36.3445673+01:00 0HLKU6QIIVM65:0000000B [INF] Executed page "/Post" in 16.7201ms (02e01280)
2019-03-01T13:01:36.3486341+01:00 0HLKU6QIIVM65:0000000B [INF] Request finished in 29.0144ms 302  (791a596a)
2019-03-01T13:01:36.3553068+01:00 0HLKU6QIIVM65:0000000C [INF] Request starting HTTP/1.1 GET http://localhost:5000/LostAndNotFound   (ca22a1cb)
2019-03-01T13:01:36.3598598+01:00 0HLKU6QIIVM65:0000000C [INF] Route matched with "{page = \"/LostAndNotFound\", action = \"\", controller = \"\"}". Executing page "/LostAndNotFound" (547e620f)
2019-03-01T13:01:36.3675934+01:00 0HLKU6QIIVM65:0000000C [INF] Executing an implicit handler method - ModelState is Valid (232a55d1)
2019-03-01T13:01:36.3716008+01:00 0HLKU6QIIVM65:0000000C [INF] Executed an implicit handler method, returned result "Microsoft.AspNetCore.Mvc.RazorPages.PageResult". (f857da66)
2019-03-01T13:01:36.3775593+01:00 0HLKU6QIIVM65:0000000C [INF] Executed page "/LostAndNotFound" in 12.0394ms (02e01280)
2019-03-01T13:01:36.3835241+01:00 0HLKU6QIIVM65:0000000C [INF] Request finished in 27.8241ms 200 text/html; charset=utf-8 (791a596a)
2019-03-01T13:09:57.5074551+01:00  [INF] Entity Framework Core "2.2.2-servicing-10034" initialized '"AppDbContext"' using provider '"Microsoft.EntityFrameworkCore.InMemory"' with options: "StoreName=db " (9958f5bb)
2019-03-01T13:09:57.6590474+01:00  [INF] Saved 3 entities to in-memory store. (a24023e4)
2019-03-01T13:09:57.6905212+01:00  [INF] Parsing 3 posts, took 00:00:00.6153197 time (1dd83806)
2019-03-01T13:09:58.4025877+01:00 0HLKU7R9D9DLH:00000001 [INF] Request starting HTTP/1.1 GET http://localhost:5000/   (ca22a1cb)
2019-03-01T13:09:58.7979881+01:00 0HLKU7R9D9DLH:00000001 [INF] Route matched with "{page = \"/Index\", action = \"\", controller = \"\"}". Executing page "/Index" (547e620f)
2019-03-01T13:09:58.8402142+01:00 0HLKU7R9D9DLH:00000001 [INF] Executing handler method "hySite.IndexModel.OnGet" with arguments (["0"]) - ModelState is Valid (d4ff7456)
2019-03-01T13:09:58.8549251+01:00 0HLKU7R9D9DLH:00000001 [INF] Entity Framework Core "2.2.2-servicing-10034" initialized '"AppDbContext"' using provider '"Microsoft.EntityFrameworkCore.InMemory"' with options: "StoreName=db " (9958f5bb)
2019-03-01T13:09:58.9428198+01:00 0HLKU7R9D9DLH:00000001 [INF] Saved 1 entities to in-memory store. (a24023e4)
2019-03-01T13:09:58.9468465+01:00 0HLKU7R9D9DLH:00000001 [INF] Executed handler method "OnGet", returned result "Microsoft.AspNetCore.Mvc.RazorPages.PageResult". (90fdc39c)
2019-03-01T13:09:59.0766258+01:00 0HLKU7R9D9DLH:00000001 [INF] Executed page "/Index" in 269.6586ms (02e01280)
2019-03-01T13:09:59.0972006+01:00 0HLKU7R9D9DLH:00000001 [INF] Request finished in 696.4632ms 200 text/html; charset=utf-8 (791a596a)
2019-03-01T13:09:59.1123995+01:00 0HLKU7R9D9DLH:00000002 [INF] Request starting HTTP/1.1 GET http://localhost:5000/ipad.jpeg   (ca22a1cb)
2019-03-01T13:09:59.1479296+01:00 0HLKU7R9D9DLH:00000002 [INF] Route matched with "{page = \"/Post\", action = \"\", controller = \"\"}". Executing page "/Post" (547e620f)
2019-03-01T13:09:59.1741370+01:00 0HLKU7R9D9DLH:00000002 [INF] Executing handler method "hySite.PostPageModel.OnGet" with arguments (["ipad.jpeg"]) - ModelState is Valid (d4ff7456)
2019-03-01T13:09:59.1787507+01:00 0HLKU7R9D9DLH:00000002 [INF] Entity Framework Core "2.2.2-servicing-10034" initialized '"AppDbContext"' using provider '"Microsoft.EntityFrameworkCore.InMemory"' with options: "StoreName=db " (9958f5bb)
2019-03-01T13:09:59.1947136+01:00 0HLKU7R9D9DLH:00000002 [INF] Executed handler method "OnGet", returned result "Microsoft.AspNetCore.Mvc.RedirectToPageResult". (90fdc39c)
2019-03-01T13:09:59.2075000+01:00 0HLKU7R9D9DLH:00000002 [INF] Executing RedirectToPageResult, redirecting to "/LostAndNotFound". (07cf2c9f)
2019-03-01T13:09:59.2117424+01:00 0HLKU7R9D9DLH:00000002 [INF] Executed page "/Post" in 59.8461ms (02e01280)
2019-03-01T13:09:59.2170212+01:00 0HLKU7R9D9DLH:00000002 [INF] Request finished in 108.1512ms 302  (791a596a)
2019-03-01T13:09:59.2546577+01:00 0HLKU7R9D9DLH:00000003 [INF] Request starting HTTP/1.1 GET http://localhost:5000/LostAndNotFound   (ca22a1cb)
2019-03-01T13:09:59.2793840+01:00 0HLKU7R9D9DLH:00000003 [INF] Route matched with "{page = \"/LostAndNotFound\", action = \"\", controller = \"\"}". Executing page "/LostAndNotFound" (547e620f)
2019-03-01T13:09:59.2862712+01:00 0HLKU7R9D9DLH:00000003 [INF] Executing an implicit handler method - ModelState is Valid (232a55d1)
2019-03-01T13:09:59.2894555+01:00 0HLKU7R9D9DLH:00000003 [INF] Executed an implicit handler method, returned result "Microsoft.AspNetCore.Mvc.RazorPages.PageResult". (f857da66)
2019-03-01T13:09:59.2983347+01:00 0HLKU7R9D9DLH:00000003 [INF] Executed page "/LostAndNotFound" in 14.1992ms (02e01280)
2019-03-01T13:09:59.3019174+01:00 0HLKU7R9D9DLH:00000003 [INF] Request finished in 46.5525ms 200 text/html; charset=utf-8 (791a596a)
2019-03-01T13:09:59.3529159+01:00 0HLKU7R9D9DLH:00000004 [INF] Request starting HTTP/1.1 GET http://localhost:5000/favicon.ico   (ca22a1cb)
2019-03-01T13:09:59.3574566+01:00 0HLKU7R9D9DLH:00000004 [INF] Route matched with "{page = \"/Post\", action = \"\", controller = \"\"}". Executing page "/Post" (547e620f)
2019-03-01T13:09:59.3620591+01:00 0HLKU7R9D9DLH:00000004 [INF] Executing handler method "hySite.PostPageModel.OnGet" with arguments (["favicon.ico"]) - ModelState is Valid (d4ff7456)
2019-03-01T13:09:59.3656306+01:00 0HLKU7R9D9DLH:00000004 [INF] Entity Framework Core "2.2.2-servicing-10034" initialized '"AppDbContext"' using provider '"Microsoft.EntityFrameworkCore.InMemory"' with options: "StoreName=db " (9958f5bb)
2019-03-01T13:09:59.3701517+01:00 0HLKU7R9D9DLH:00000004 [INF] Executed handler method "OnGet", returned result "Microsoft.AspNetCore.Mvc.RedirectToPageResult". (90fdc39c)
2019-03-01T13:09:59.3736421+01:00 0HLKU7R9D9DLH:00000004 [INF] Executing RedirectToPageResult, redirecting to "/LostAndNotFound". (07cf2c9f)
2019-03-01T13:09:59.3774003+01:00 0HLKU7R9D9DLH:00000004 [INF] Executed page "/Post" in 15.572ms (02e01280)
2019-03-01T13:09:59.3807355+01:00 0HLKU7R9D9DLH:00000004 [INF] Request finished in 28.821ms 302  (791a596a)
2019-03-01T13:09:59.3849981+01:00 0HLKU7R9D9DLH:00000005 [INF] Request starting HTTP/1.1 GET http://localhost:5000/LostAndNotFound   (ca22a1cb)
2019-03-01T13:09:59.3881034+01:00 0HLKU7R9D9DLH:00000005 [INF] Route matched with "{page = \"/LostAndNotFound\", action = \"\", controller = \"\"}". Executing page "/LostAndNotFound" (547e620f)
2019-03-01T13:09:59.3919976+01:00 0HLKU7R9D9DLH:00000005 [INF] Executing an implicit handler method - ModelState is Valid (232a55d1)
2019-03-01T13:09:59.3981226+01:00 0HLKU7R9D9DLH:00000005 [INF] Executed an implicit handler method, returned result "Microsoft.AspNetCore.Mvc.RazorPages.PageResult". (f857da66)
2019-03-01T13:09:59.4046256+01:00 0HLKU7R9D9DLH:00000005 [INF] Executed page "/LostAndNotFound" in 11.4014ms (02e01280)
2019-03-01T13:09:59.4097125+01:00 0HLKU7R9D9DLH:00000005 [INF] Request finished in 23.0806ms 200 text/html; charset=utf-8 (791a596a)
