2019-02-28T17:16:47.1479591+01:00  [FTL] Application startup exception (6c57a5ba)
System.NullReferenceException: Object reference not set to an instance of an object.
   at hySite.Startup.Configure(IApplicationBuilder app, IHostingEnvironment env, IServiceProvider serviceProvider, ILoggerFactory loggerFactory, IGitRepository gitRepository, IConfiguration configuration) in /mnt/c/dev/temp/hysite/Hysite/Startup.cs:line 84
--- End of stack trace from previous location where exception was thrown ---
   at Microsoft.AspNetCore.Hosting.ConventionBasedStartup.Configure(IApplicationBuilder app)
   at Microsoft.AspNetCore.Mvc.Internal.MiddlewareFilterBuilderStartupFilter.<>c__DisplayClass0_0.<Configure>g__MiddlewareFilterBuilder|0(IApplicationBuilder builder)
   at Microsoft.AspNetCore.HostFilteringStartupFilter.<>c__DisplayClass0_0.<Configure>b__0(IApplicationBuilder app)
   at Microsoft.AspNetCore.Hosting.Internal.AutoRequestServicesStartupFilter.<>c__DisplayClass0_0.<Configure>b__0(IApplicationBuilder builder)
   at Microsoft.AspNetCore.Hosting.Internal.WebHost.BuildApplication()
   at Microsoft.AspNetCore.Hosting.Internal.WebHost.StartAsync(CancellationToken cancellationToken)
   at Microsoft.AspNetCore.Hosting.WebHostExtensions.RunAsync(IWebHost host, CancellationToken token, String shutdownMessage)
2019-02-28T17:48:19.7024969+01:00  [INF] Entity Framework Core "2.2.2-servicing-10034" initialized '"AppDbContext"' using provider '"Microsoft.EntityFrameworkCore.InMemory"' with options: "StoreName=db " (9958f5bb)
2019-02-28T17:48:19.9136185+01:00  [INF] Saved 2 entities to in-memory store. (a24023e4)
2019-02-28T17:48:19.9503319+01:00  [INF] Parsing 2 posts, took 00:00:00.5013933 time (db668e09)
2019-02-28T17:48:20.7879378+01:00 0HLKTJI5SG9UK:00000001 [INF] Request starting HTTP/1.1 GET http://localhost:5000/   (ca22a1cb)
2019-02-28T17:48:21.2837946+01:00 0HLKTJI5SG9UK:00000001 [INF] Route matched with "{page = \"/Index\", action = \"\", controller = \"\"}". Executing page "/Index" (547e620f)
2019-02-28T17:48:21.3287768+01:00 0HLKTJI5SG9UK:00000001 [INF] Executing handler method "hySite.IndexModel.OnGet" with arguments (["0"]) - ModelState is Valid (d4ff7456)
2019-02-28T17:48:21.3405090+01:00 0HLKTJI5SG9UK:00000001 [INF] Entity Framework Core "2.2.2-servicing-10034" initialized '"AppDbContext"' using provider '"Microsoft.EntityFrameworkCore.InMemory"' with options: "StoreName=db " (9958f5bb)
2019-02-28T17:48:21.4487017+01:00 0HLKTJI5SG9UK:00000001 [INF] Saved 1 entities to in-memory store. (a24023e4)
2019-02-28T17:48:21.4532891+01:00 0HLKTJI5SG9UK:00000001 [INF] Executed handler method "OnGet", returned result "Microsoft.AspNetCore.Mvc.RazorPages.PageResult". (90fdc39c)
2019-02-28T17:48:21.5645123+01:00 0HLKTJI5SG9UK:00000001 [INF] Executed page "/Index" in 271.4011ms (02e01280)
2019-02-28T17:48:21.5934263+01:00 0HLKTJI5SG9UL:00000001 [INF] Request starting HTTP/1.1 GET http://localhost:5000/css/hyston.blog.css   (ca22a1cb)
2019-02-28T17:48:21.5935473+01:00 0HLKTJI5SG9UK:00000001 [INF] Request finished in 800.259ms 200 text/html; charset=utf-8 (791a596a)
2019-02-28T17:48:21.5948880+01:00 0HLKTJI5SG9UM:00000001 [INF] Request starting HTTP/1.1 GET http://localhost:5000/ipad.jpeg   (ca22a1cb)
2019-02-28T17:48:21.5999057+01:00 0HLKTJI5SG9UK:00000002 [INF] Request starting HTTP/1.1 GET http://localhost:5000/css/retro.css   (ca22a1cb)
2019-02-28T17:48:21.6574838+01:00 0HLKTJI5SG9UM:00000001 [INF] Route matched with "{page = \"/Post\", action = \"\", controller = \"\"}". Executing page "/Post" (547e620f)
2019-02-28T17:48:21.6727695+01:00 0HLKTJI5SG9UL:00000001 [INF] Sending file. Request path: '"/css/hyston.blog.css"'. Physical path: '"C:\dev\temp\hysite\Hysite\wwwroot\css\hyston.blog.css"' (27b0a520)
2019-02-28T17:48:21.6750973+01:00 0HLKTJI5SG9UK:00000002 [INF] Sending file. Request path: '"/css/retro.css"'. Physical path: '"C:\dev\temp\hysite\Hysite\wwwroot\css\retro.css"' (27b0a520)
2019-02-28T17:48:21.6818150+01:00 0HLKTJI5SG9UK:00000002 [INF] Request finished in 81.376ms 200 text/css (791a596a)
2019-02-28T17:48:21.6843364+01:00 0HLKTJI5SG9UL:00000001 [INF] Request finished in 89.918ms 200 text/css (791a596a)
2019-02-28T17:48:21.6999220+01:00 0HLKTJI5SG9UM:00000001 [INF] Executing handler method "hySite.PostPageModel.OnGet" with arguments (["ipad.jpeg"]) - ModelState is Valid (d4ff7456)
2019-02-28T17:48:21.7134512+01:00 0HLKTJI5SG9UM:00000001 [INF] Entity Framework Core "2.2.2-servicing-10034" initialized '"AppDbContext"' using provider '"Microsoft.EntityFrameworkCore.InMemory"' with options: "StoreName=db " (9958f5bb)
2019-02-28T17:48:21.7425732+01:00 0HLKTJI5SG9UM:00000001 [INF] Executed handler method "OnGet", returned result "Microsoft.AspNetCore.Mvc.RedirectToPageResult". (90fdc39c)
2019-02-28T17:48:21.7663763+01:00 0HLKTJI5SG9UM:00000001 [INF] Executing RedirectToPageResult, redirecting to "/LostAndNotFound". (07cf2c9f)
2019-02-28T17:48:21.7784979+01:00 0HLKTJI5SG9UM:00000001 [INF] Executed page "/Post" in 109.1988ms (02e01280)
2019-02-28T17:48:21.7904318+01:00 0HLKTJI5SG9UM:00000001 [INF] Request finished in 193.7342ms 302  (791a596a)
2019-02-28T17:48:21.7975219+01:00 0HLKTJI5SG9UM:00000002 [INF] Request starting HTTP/1.1 GET http://localhost:5000/LostAndNotFound   (ca22a1cb)
2019-02-28T17:48:21.8218803+01:00 0HLKTJI5SG9UM:00000002 [INF] Route matched with "{page = \"/LostAndNotFound\", action = \"\", controller = \"\"}". Executing page "/LostAndNotFound" (547e620f)
2019-02-28T17:48:21.8330244+01:00 0HLKTJI5SG9UM:00000002 [INF] Executing an implicit handler method - ModelState is Valid (232a55d1)
2019-02-28T17:48:21.8382111+01:00 0HLKTJI5SG9UM:00000002 [INF] Executed an implicit handler method, returned result "Microsoft.AspNetCore.Mvc.RazorPages.PageResult". (f857da66)
2019-02-28T17:48:21.8500130+01:00 0HLKTJI5SG9UM:00000002 [INF] Executed page "/LostAndNotFound" in 21.2224ms (02e01280)
2019-02-28T17:48:21.8618632+01:00 0HLKTJI5SG9UM:00000002 [INF] Request finished in 59.5987ms 200 text/html; charset=utf-8 (791a596a)
2019-02-28T17:48:21.8671891+01:00 0HLKTJI5SG9UK:00000003 [INF] Request starting HTTP/1.1 GET http://localhost:5000/favicon.ico   (ca22a1cb)
2019-02-28T17:48:21.8763288+01:00 0HLKTJI5SG9UK:00000003 [INF] Route matched with "{page = \"/Post\", action = \"\", controller = \"\"}". Executing page "/Post" (547e620f)
2019-02-28T17:48:21.8957515+01:00 0HLKTJI5SG9UK:00000003 [INF] Executing handler method "hySite.PostPageModel.OnGet" with arguments (["favicon.ico"]) - ModelState is Valid (d4ff7456)
2019-02-28T17:48:21.9139734+01:00 0HLKTJI5SG9UK:00000003 [INF] Entity Framework Core "2.2.2-servicing-10034" initialized '"AppDbContext"' using provider '"Microsoft.EntityFrameworkCore.InMemory"' with options: "StoreName=db " (9958f5bb)
2019-02-28T17:48:21.9202774+01:00 0HLKTJI5SG9UK:00000003 [INF] Executed handler method "OnGet", returned result "Microsoft.AspNetCore.Mvc.RedirectToPageResult". (90fdc39c)
2019-02-28T17:48:21.9293917+01:00 0HLKTJI5SG9UK:00000003 [INF] Executing RedirectToPageResult, redirecting to "/LostAndNotFound". (07cf2c9f)
2019-02-28T17:48:21.9366063+01:00 0HLKTJI5SG9UK:00000003 [INF] Executed page "/Post" in 53.1887ms (02e01280)
2019-02-28T17:48:21.9425255+01:00 0HLKTJI5SG9UK:00000003 [INF] Request finished in 75.3565ms 302  (791a596a)
2019-02-28T17:48:21.9457311+01:00 0HLKTJI5SG9UK:00000004 [INF] Request starting HTTP/1.1 GET http://localhost:5000/LostAndNotFound   (ca22a1cb)
2019-02-28T17:48:21.9483879+01:00 0HLKTJI5SG9UK:00000004 [INF] Route matched with "{page = \"/LostAndNotFound\", action = \"\", controller = \"\"}". Executing page "/LostAndNotFound" (547e620f)
2019-02-28T17:48:21.9566602+01:00 0HLKTJI5SG9UK:00000004 [INF] Executing an implicit handler method - ModelState is Valid (232a55d1)
2019-02-28T17:48:21.9604453+01:00 0HLKTJI5SG9UK:00000004 [INF] Executed an implicit handler method, returned result "Microsoft.AspNetCore.Mvc.RazorPages.PageResult". (f857da66)
2019-02-28T17:48:21.9650798+01:00 0HLKTJI5SG9UK:00000004 [INF] Executed page "/LostAndNotFound" in 12.6928ms (02e01280)
2019-02-28T17:48:21.9706478+01:00 0HLKTJI5SG9UK:00000004 [INF] Request finished in 22.625ms 200 text/html; charset=utf-8 (791a596a)
2019-02-28T17:48:24.9885071+01:00 0HLKTJI5SG9UK:00000005 [INF] Request starting HTTP/1.1 GET http://localhost:5000/About   (ca22a1cb)
2019-02-28T17:48:25.0073820+01:00 0HLKTJI5SG9UK:00000005 [INF] Route matched with "{page = \"/About\", action = \"\", controller = \"\"}". Executing page "/About" (547e620f)
2019-02-28T17:48:25.0120651+01:00 0HLKTJI5SG9UK:00000005 [INF] Executing an implicit handler method - ModelState is Valid (232a55d1)
2019-02-28T17:48:25.0154068+01:00 0HLKTJI5SG9UK:00000005 [INF] Executed an implicit handler method, returned result "Microsoft.AspNetCore.Mvc.RazorPages.PageResult". (f857da66)
2019-02-28T17:48:25.0247197+01:00 0HLKTJI5SG9UK:00000005 [INF] Executed page "/About" in 10.4581ms (02e01280)
2019-02-28T17:48:25.0377781+01:00 0HLKTJI5SG9UK:00000005 [INF] Request finished in 40.2899ms 200 text/html; charset=utf-8 (791a596a)
2019-02-28T17:48:25.0637105+01:00 0HLKTJI5SG9UK:00000006 [INF] Request starting HTTP/1.1 GET http://localhost:5000/favicon.ico   (ca22a1cb)
2019-02-28T17:48:25.0666284+01:00 0HLKTJI5SG9UK:00000006 [INF] Route matched with "{page = \"/Post\", action = \"\", controller = \"\"}". Executing page "/Post" (547e620f)
2019-02-28T17:48:25.0736242+01:00 0HLKTJI5SG9UK:00000006 [INF] Executing handler method "hySite.PostPageModel.OnGet" with arguments (["favicon.ico"]) - ModelState is Valid (d4ff7456)
2019-02-28T17:48:25.0773171+01:00 0HLKTJI5SG9UK:00000006 [INF] Entity Framework Core "2.2.2-servicing-10034" initialized '"AppDbContext"' using provider '"Microsoft.EntityFrameworkCore.InMemory"' with options: "StoreName=db " (9958f5bb)
2019-02-28T17:48:25.0805413+01:00 0HLKTJI5SG9UK:00000006 [INF] Executed handler method "OnGet", returned result "Microsoft.AspNetCore.Mvc.RedirectToPageResult". (90fdc39c)
2019-02-28T17:48:25.0836684+01:00 0HLKTJI5SG9UK:00000006 [INF] Executing RedirectToPageResult, redirecting to "/LostAndNotFound". (07cf2c9f)
2019-02-28T17:48:25.0891427+01:00 0HLKTJI5SG9UK:00000006 [INF] Executed page "/Post" in 17.1357ms (02e01280)
2019-02-28T17:48:25.0940272+01:00 0HLKTJI5SG9UK:00000006 [INF] Request finished in 28.0903ms 302  (791a596a)
2019-02-28T17:48:25.0968607+01:00 0HLKTJI5SG9UK:00000007 [INF] Request starting HTTP/1.1 GET http://localhost:5000/LostAndNotFound   (ca22a1cb)
2019-02-28T17:48:25.0999017+01:00 0HLKTJI5SG9UK:00000007 [INF] Route matched with "{page = \"/LostAndNotFound\", action = \"\", controller = \"\"}". Executing page "/LostAndNotFound" (547e620f)
2019-02-28T17:48:25.1054910+01:00 0HLKTJI5SG9UK:00000007 [INF] Executing an implicit handler method - ModelState is Valid (232a55d1)
2019-02-28T17:48:25.1094585+01:00 0HLKTJI5SG9UK:00000007 [INF] Executed an implicit handler method, returned result "Microsoft.AspNetCore.Mvc.RazorPages.PageResult". (f857da66)
2019-02-28T17:48:25.1163385+01:00 0HLKTJI5SG9UK:00000007 [INF] Executed page "/LostAndNotFound" in 10.1389ms (02e01280)
2019-02-28T17:48:25.1229887+01:00 0HLKTJI5SG9UK:00000007 [INF] Request finished in 22.4379ms 200 text/html; charset=utf-8 (791a596a)
2019-02-28T17:48:58.0953193+01:00 0HLKTJI5SG9UK:00000008 [INF] Request starting HTTP/1.1 GET http://localhost:5000/CarouselTest   (ca22a1cb)
2019-02-28T17:48:58.1218627+01:00 0HLKTJI5SG9UK:00000008 [INF] Route matched with "{page = \"/CarouselTest\", action = \"\", controller = \"\"}". Executing page "/CarouselTest" (547e620f)
2019-02-28T17:48:58.1260702+01:00 0HLKTJI5SG9UK:00000008 [INF] Executing an implicit handler method - ModelState is Valid (232a55d1)
2019-02-28T17:48:58.1289448+01:00 0HLKTJI5SG9UK:00000008 [INF] Executed an implicit handler method, returned result "Microsoft.AspNetCore.Mvc.RazorPages.PageResult". (f857da66)
2019-02-28T17:48:58.1343984+01:00 0HLKTJI5SG9UK:00000008 [INF] Executed page "/CarouselTest" in 9.6978ms (02e01280)
2019-02-28T17:48:58.1439537+01:00 0HLKTJI5SG9UK:00000008 [INF] Request finished in 41.8187ms 200 text/html; charset=utf-8 (791a596a)
2019-02-28T17:48:58.1615724+01:00 0HLKTJI5SG9UK:00000009 [INF] Request starting HTTP/1.1 GET http://localhost:5000/pic1.png   (ca22a1cb)
2019-02-28T17:48:58.1654401+01:00 0HLKTJI5SG9UL:00000002 [INF] Request starting HTTP/1.1 GET http://localhost:5000/pic2.png   (ca22a1cb)
2019-02-28T17:48:58.1947610+01:00 0HLKTJI5SG9UK:00000009 [INF] Sending file. Request path: '"/pic1.png"'. Physical path: '"C:\dev\temp\hysite\Hysite\posts\img\pic1.png"' (27b0a520)
2019-02-28T17:48:58.2004739+01:00 0HLKTJI5SG9UL:00000002 [INF] Sending file. Request path: '"/pic2.png"'. Physical path: '"C:\dev\temp\hysite\Hysite\posts\img\pic2.png"' (27b0a520)
2019-02-28T17:48:58.2064814+01:00 0HLKTJI5SG9UK:00000009 [INF] Request finished in 38.985ms 200 image/png (791a596a)
2019-02-28T17:48:58.2126983+01:00 0HLKTJI5SG9UL:00000002 [INF] Request finished in 38.7593ms 200 image/png (791a596a)
2019-02-28T17:48:58.2632507+01:00 0HLKTJI5SG9UL:00000003 [INF] Request starting HTTP/1.1 GET http://localhost:5000/favicon.ico   (ca22a1cb)
2019-02-28T17:48:58.2685852+01:00 0HLKTJI5SG9UL:00000003 [INF] Route matched with "{page = \"/Post\", action = \"\", controller = \"\"}". Executing page "/Post" (547e620f)
2019-02-28T17:48:58.2774255+01:00 0HLKTJI5SG9UL:00000003 [INF] Executing handler method "hySite.PostPageModel.OnGet" with arguments (["favicon.ico"]) - ModelState is Valid (d4ff7456)
2019-02-28T17:48:58.2901233+01:00 0HLKTJI5SG9UL:00000003 [INF] Entity Framework Core "2.2.2-servicing-10034" initialized '"AppDbContext"' using provider '"Microsoft.EntityFrameworkCore.InMemory"' with options: "StoreName=db " (9958f5bb)
2019-02-28T17:48:58.2956013+01:00 0HLKTJI5SG9UL:00000003 [INF] Executed handler method "OnGet", returned result "Microsoft.AspNetCore.Mvc.RedirectToPageResult". (90fdc39c)
2019-02-28T17:48:58.2993772+01:00 0HLKTJI5SG9UL:00000003 [INF] Executing RedirectToPageResult, redirecting to "/LostAndNotFound". (07cf2c9f)
2019-02-28T17:48:58.3071403+01:00 0HLKTJI5SG9UL:00000003 [INF] Executed page "/Post" in 30.7703ms (02e01280)
2019-02-28T17:48:58.3135387+01:00 0HLKTJI5SG9UL:00000003 [INF] Request finished in 48.5042ms 302  (791a596a)
2019-02-28T17:48:58.3208255+01:00 0HLKTJI5SG9UL:00000004 [INF] Request starting HTTP/1.1 GET http://localhost:5000/LostAndNotFound   (ca22a1cb)
2019-02-28T17:48:58.3266647+01:00 0HLKTJI5SG9UL:00000004 [INF] Route matched with "{page = \"/LostAndNotFound\", action = \"\", controller = \"\"}". Executing page "/LostAndNotFound" (547e620f)
2019-02-28T17:48:58.3300143+01:00 0HLKTJI5SG9UL:00000004 [INF] Executing an implicit handler method - ModelState is Valid (232a55d1)
2019-02-28T17:48:58.3329311+01:00 0HLKTJI5SG9UL:00000004 [INF] Executed an implicit handler method, returned result "Microsoft.AspNetCore.Mvc.RazorPages.PageResult". (f857da66)
2019-02-28T17:48:58.3362898+01:00 0HLKTJI5SG9UL:00000004 [INF] Executed page "/LostAndNotFound" in 6.7264ms (02e01280)
2019-02-28T17:48:58.3388913+01:00 0HLKTJI5SG9UL:00000004 [INF] Request finished in 19.594ms 200 text/html; charset=utf-8 (791a596a)
2019-02-28T17:50:19.6442050+01:00 0HLKTJI5SG9UL:00000005 [INF] Request starting HTTP/1.1 GET http://localhost:5000/CarouselTest   (ca22a1cb)
2019-02-28T17:50:19.6514089+01:00 0HLKTJI5SG9UL:00000005 [INF] Route matched with "{page = \"/CarouselTest\", action = \"\", controller = \"\"}". Executing page "/CarouselTest" (547e620f)
2019-02-28T17:50:19.6564613+01:00 0HLKTJI5SG9UL:00000005 [INF] Executing an implicit handler method - ModelState is Valid (232a55d1)
2019-02-28T17:50:19.6611152+01:00 0HLKTJI5SG9UL:00000005 [INF] Executed an implicit handler method, returned result "Microsoft.AspNetCore.Mvc.RazorPages.PageResult". (f857da66)
2019-02-28T17:50:22.0138950+01:00 0HLKTJI5SG9UL:00000005 [INF] Executed page "/CarouselTest" in 2359.2416ms (02e01280)
2019-02-28T17:50:22.0174345+01:00 0HLKTJI5SG9UL:00000005 [INF] Request finished in 2373.2284ms 200 text/html; charset=utf-8 (791a596a)
2019-02-28T17:50:22.0354769+01:00 0HLKTJI5SG9UL:00000006 [INF] Request starting HTTP/1.1 GET http://localhost:5000/css/bootstrap.min.css   (ca22a1cb)
2019-02-28T17:50:22.0393563+01:00 0HLKTJI5SG9UK:0000000A [INF] Request starting HTTP/1.1 GET http://localhost:5000/pic1.png   (ca22a1cb)
2019-02-28T17:50:22.0409881+01:00 0HLKTJI5SG9UN:00000001 [INF] Request starting HTTP/1.1 GET http://localhost:5000/pic2.png   (ca22a1cb)
2019-02-28T17:50:22.0483803+01:00 0HLKTJI5SG9UN:00000001 [INF] The file "/pic2.png" was not modified (f1f8d725)
2019-02-28T17:50:22.0512483+01:00 0HLKTJI5SG9UK:0000000A [INF] The file "/pic1.png" was not modified (f1f8d725)
2019-02-28T17:50:22.0597401+01:00 0HLKTJI5SG9UN:00000001 [INF] Request finished in 18.873ms 304 image/png (791a596a)
2019-02-28T17:50:22.0623446+01:00 0HLKTJI5SG9UK:0000000A [INF] Request finished in 24.4792ms 304 image/png (791a596a)
2019-02-28T17:50:22.0896553+01:00 0HLKTJI5SG9UL:00000006 [INF] Sending file. Request path: '"/css/bootstrap.min.css"'. Physical path: '"C:\dev\temp\hysite\Hysite\wwwroot\css\bootstrap.min.css"' (27b0a520)
2019-02-28T17:50:22.1023244+01:00 0HLKTJI5SG9UL:00000006 [INF] Request finished in 62.2629ms 200 text/css (791a596a)
2019-02-28T17:50:22.2661810+01:00 0HLKTJI5SG9UL:00000007 [INF] Request starting HTTP/1.1 GET http://localhost:5000/css/bootstrap.min.css.map   (ca22a1cb)
2019-02-28T17:50:22.3586554+01:00 0HLKTJI5SG9UL:00000007 [INF] Sending file. Request path: '"/css/bootstrap.min.css.map"'. Physical path: '"C:\dev\temp\hysite\Hysite\wwwroot\css\bootstrap.min.css.map"' (27b0a520)
2019-02-28T17:50:22.3652210+01:00 0HLKTJI5SG9UL:00000007 [INF] Request finished in 102.9009ms 200 text/plain (791a596a)
2019-02-28T17:50:22.3932419+01:00 0HLKTJI5SG9UL:00000008 [INF] Request starting HTTP/1.1 GET http://localhost:5000/favicon.ico   (ca22a1cb)
2019-02-28T17:50:22.4092174+01:00 0HLKTJI5SG9UL:00000008 [INF] Route matched with "{page = \"/Post\", action = \"\", controller = \"\"}". Executing page "/Post" (547e620f)
2019-02-28T17:50:22.4133178+01:00 0HLKTJI5SG9UL:00000008 [INF] Executing handler method "hySite.PostPageModel.OnGet" with arguments (["favicon.ico"]) - ModelState is Valid (d4ff7456)
2019-02-28T17:50:22.4162701+01:00 0HLKTJI5SG9UL:00000008 [INF] Entity Framework Core "2.2.2-servicing-10034" initialized '"AppDbContext"' using provider '"Microsoft.EntityFrameworkCore.InMemory"' with options: "StoreName=db " (9958f5bb)
2019-02-28T17:50:22.4230125+01:00 0HLKTJI5SG9UL:00000008 [INF] Executed handler method "OnGet", returned result "Microsoft.AspNetCore.Mvc.RedirectToPageResult". (90fdc39c)
2019-02-28T17:50:22.4266715+01:00 0HLKTJI5SG9UL:00000008 [INF] Executing RedirectToPageResult, redirecting to "/LostAndNotFound". (07cf2c9f)
2019-02-28T17:50:22.4295231+01:00 0HLKTJI5SG9UL:00000008 [INF] Executed page "/Post" in 17.6023ms (02e01280)
2019-02-28T17:50:22.4330962+01:00 0HLKTJI5SG9UL:00000008 [INF] Request finished in 41.3515ms 302  (791a596a)
2019-02-28T17:50:22.4394401+01:00 0HLKTJI5SG9UL:00000009 [INF] Request starting HTTP/1.1 GET http://localhost:5000/LostAndNotFound   (ca22a1cb)
2019-02-28T17:50:22.4465253+01:00 0HLKTJI5SG9UL:00000009 [INF] Route matched with "{page = \"/LostAndNotFound\", action = \"\", controller = \"\"}". Executing page "/LostAndNotFound" (547e620f)
2019-02-28T17:50:22.4491752+01:00 0HLKTJI5SG9UL:00000009 [INF] Executing an implicit handler method - ModelState is Valid (232a55d1)
2019-02-28T17:50:22.4518648+01:00 0HLKTJI5SG9UL:00000009 [INF] Executed an implicit handler method, returned result "Microsoft.AspNetCore.Mvc.RazorPages.PageResult". (f857da66)
2019-02-28T17:50:22.4591944+01:00 0HLKTJI5SG9UL:00000009 [INF] Executed page "/LostAndNotFound" in 6.2823ms (02e01280)
2019-02-28T17:50:22.4663558+01:00 0HLKTJI5SG9UL:00000009 [INF] Request finished in 25.4363ms 200 text/html; charset=utf-8 (791a596a)
2019-02-28T17:50:23.6511879+01:00 0HLKTJI5SG9UL:0000000A [INF] Request starting HTTP/1.1 GET http://localhost:5000/favicon.ico   (ca22a1cb)
2019-02-28T17:50:23.6568275+01:00 0HLKTJI5SG9UL:0000000A [INF] Route matched with "{page = \"/Post\", action = \"\", controller = \"\"}". Executing page "/Post" (547e620f)
2019-02-28T17:50:23.6620169+01:00 0HLKTJI5SG9UL:0000000A [INF] Executing handler method "hySite.PostPageModel.OnGet" with arguments (["favicon.ico"]) - ModelState is Valid (d4ff7456)
2019-02-28T17:50:23.6659502+01:00 0HLKTJI5SG9UL:0000000A [INF] Entity Framework Core "2.2.2-servicing-10034" initialized '"AppDbContext"' using provider '"Microsoft.EntityFrameworkCore.InMemory"' with options: "StoreName=db " (9958f5bb)
2019-02-28T17:50:23.6696744+01:00 0HLKTJI5SG9UL:0000000A [INF] Executed handler method "OnGet", returned result "Microsoft.AspNetCore.Mvc.RedirectToPageResult". (90fdc39c)
2019-02-28T17:50:23.6738367+01:00 0HLKTJI5SG9UL:0000000A [INF] Executing RedirectToPageResult, redirecting to "/LostAndNotFound". (07cf2c9f)
2019-02-28T17:50:23.6778274+01:00 0HLKTJI5SG9UL:0000000A [INF] Executed page "/Post" in 16.974ms (02e01280)
2019-02-28T17:50:23.6814457+01:00 0HLKTJI5SG9UL:0000000A [INF] Request finished in 30.8157ms 302  (791a596a)
2019-02-28T17:50:23.6852962+01:00 0HLKTJI5SG9UL:0000000B [INF] Request starting HTTP/1.1 GET http://localhost:5000/LostAndNotFound   (ca22a1cb)
2019-02-28T17:50:23.6886585+01:00 0HLKTJI5SG9UL:0000000B [INF] Route matched with "{page = \"/LostAndNotFound\", action = \"\", controller = \"\"}". Executing page "/LostAndNotFound" (547e620f)
2019-02-28T17:50:23.6923572+01:00 0HLKTJI5SG9UL:0000000B [INF] Executing an implicit handler method - ModelState is Valid (232a55d1)
2019-02-28T17:50:23.6959021+01:00 0HLKTJI5SG9UL:0000000B [INF] Executed an implicit handler method, returned result "Microsoft.AspNetCore.Mvc.RazorPages.PageResult". (f857da66)
2019-02-28T17:50:23.6994186+01:00 0HLKTJI5SG9UL:0000000B [INF] Executed page "/LostAndNotFound" in 7.6798ms (02e01280)
2019-02-28T17:50:23.7029213+01:00 0HLKTJI5SG9UL:0000000B [INF] Request finished in 17.8884ms 200 text/html; charset=utf-8 (791a596a)
2019-02-28T17:50:26.3461339+01:00 0HLKTJI5SG9UL:0000000C [INF] Request starting HTTP/1.1 GET http://localhost:5000/favicon.ico   (ca22a1cb)
2019-02-28T17:50:26.3502203+01:00 0HLKTJI5SG9UL:0000000C [INF] Route matched with "{page = \"/Post\", action = \"\", controller = \"\"}". Executing page "/Post" (547e620f)
2019-02-28T17:50:26.3541608+01:00 0HLKTJI5SG9UL:0000000C [INF] Executing handler method "hySite.PostPageModel.OnGet" with arguments (["favicon.ico"]) - ModelState is Valid (d4ff7456)
2019-02-28T17:50:26.3586014+01:00 0HLKTJI5SG9UL:0000000C [INF] Entity Framework Core "2.2.2-servicing-10034" initialized '"AppDbContext"' using provider '"Microsoft.EntityFrameworkCore.InMemory"' with options: "StoreName=db " (9958f5bb)
2019-02-28T17:50:26.3628057+01:00 0HLKTJI5SG9UL:0000000C [INF] Executed handler method "OnGet", returned result "Microsoft.AspNetCore.Mvc.RedirectToPageResult". (90fdc39c)
2019-02-28T17:50:26.3660742+01:00 0HLKTJI5SG9UL:0000000C [INF] Executing RedirectToPageResult, redirecting to "/LostAndNotFound". (07cf2c9f)
2019-02-28T17:50:26.3691370+01:00 0HLKTJI5SG9UL:0000000C [INF] Executed page "/Post" in 15.9035ms (02e01280)
2019-02-28T17:50:26.3729456+01:00 0HLKTJI5SG9UL:0000000C [INF] Request finished in 26.4036ms 302  (791a596a)
2019-02-28T17:50:26.3772662+01:00 0HLKTJI5SG9UL:0000000D [INF] Request starting HTTP/1.1 GET http://localhost:5000/LostAndNotFound   (ca22a1cb)
2019-02-28T17:50:26.3808277+01:00 0HLKTJI5SG9UL:0000000D [INF] Route matched with "{page = \"/LostAndNotFound\", action = \"\", controller = \"\"}". Executing page "/LostAndNotFound" (547e620f)
2019-02-28T17:50:26.3844091+01:00 0HLKTJI5SG9UL:0000000D [INF] Executing an implicit handler method - ModelState is Valid (232a55d1)
2019-02-28T17:50:26.3877201+01:00 0HLKTJI5SG9UL:0000000D [INF] Executed an implicit handler method, returned result "Microsoft.AspNetCore.Mvc.RazorPages.PageResult". (f857da66)
2019-02-28T17:50:26.3912460+01:00 0HLKTJI5SG9UL:0000000D [INF] Executed page "/LostAndNotFound" in 7.3043ms (02e01280)
2019-02-28T17:50:26.3948111+01:00 0HLKTJI5SG9UL:0000000D [INF] Request finished in 18.3079ms 200 text/html; charset=utf-8 (791a596a)
2019-02-28T17:50:27.2868441+01:00 0HLKTJI5SG9UL:0000000E [INF] Request starting HTTP/1.1 GET http://localhost:5000/favicon.ico   (ca22a1cb)
2019-02-28T17:50:27.2914225+01:00 0HLKTJI5SG9UL:0000000E [INF] Route matched with "{page = \"/Post\", action = \"\", controller = \"\"}". Executing page "/Post" (547e620f)
2019-02-28T17:50:27.2951422+01:00 0HLKTJI5SG9UL:0000000E [INF] Executing handler method "hySite.PostPageModel.OnGet" with arguments (["favicon.ico"]) - ModelState is Valid (d4ff7456)
2019-02-28T17:50:27.2990654+01:00 0HLKTJI5SG9UL:0000000E [INF] Entity Framework Core "2.2.2-servicing-10034" initialized '"AppDbContext"' using provider '"Microsoft.EntityFrameworkCore.InMemory"' with options: "StoreName=db " (9958f5bb)
2019-02-28T17:50:27.3031788+01:00 0HLKTJI5SG9UL:0000000E [INF] Executed handler method "OnGet", returned result "Microsoft.AspNetCore.Mvc.RedirectToPageResult". (90fdc39c)
2019-02-28T17:50:27.3069815+01:00 0HLKTJI5SG9UL:0000000E [INF] Executing RedirectToPageResult, redirecting to "/LostAndNotFound". (07cf2c9f)
2019-02-28T17:50:27.3096122+01:00 0HLKTJI5SG9UL:0000000E [INF] Executed page "/Post" in 15.5831ms (02e01280)
2019-02-28T17:50:27.3126759+01:00 0HLKTJI5SG9UL:0000000E [INF] Request finished in 27.7333ms 302  (791a596a)
2019-02-28T17:50:27.3157751+01:00 0HLKTJI5SG9UL:0000000F [INF] Request starting HTTP/1.1 GET http://localhost:5000/LostAndNotFound   (ca22a1cb)
2019-02-28T17:50:27.3191283+01:00 0HLKTJI5SG9UL:0000000F [INF] Route matched with "{page = \"/LostAndNotFound\", action = \"\", controller = \"\"}". Executing page "/LostAndNotFound" (547e620f)
2019-02-28T17:50:27.3228146+01:00 0HLKTJI5SG9UL:0000000F [INF] Executing an implicit handler method - ModelState is Valid (232a55d1)
2019-02-28T17:50:27.3278561+01:00 0HLKTJI5SG9UL:0000000F [INF] Executed an implicit handler method, returned result "Microsoft.AspNetCore.Mvc.RazorPages.PageResult". (f857da66)
2019-02-28T17:50:27.3313856+01:00 0HLKTJI5SG9UL:0000000F [INF] Executed page "/LostAndNotFound" in 9.0815ms (02e01280)
2019-02-28T17:50:27.3344806+01:00 0HLKTJI5SG9UL:0000000F [INF] Request finished in 18.7024ms 200 text/html; charset=utf-8 (791a596a)
2019-02-28T17:50:50.8292447+01:00 0HLKTJI5SG9UL:00000010 [INF] Request starting HTTP/1.1 GET http://localhost:5000/favicon.ico   (ca22a1cb)
2019-02-28T17:50:50.8335823+01:00 0HLKTJI5SG9UL:00000010 [INF] Route matched with "{page = \"/Post\", action = \"\", controller = \"\"}". Executing page "/Post" (547e620f)
2019-02-28T17:50:50.8388588+01:00 0HLKTJI5SG9UL:00000010 [INF] Executing handler method "hySite.PostPageModel.OnGet" with arguments (["favicon.ico"]) - ModelState is Valid (d4ff7456)
2019-02-28T17:50:50.8428910+01:00 0HLKTJI5SG9UL:00000010 [INF] Entity Framework Core "2.2.2-servicing-10034" initialized '"AppDbContext"' using provider '"Microsoft.EntityFrameworkCore.InMemory"' with options: "StoreName=db " (9958f5bb)
2019-02-28T17:50:50.8464972+01:00 0HLKTJI5SG9UL:00000010 [INF] Executed handler method "OnGet", returned result "Microsoft.AspNetCore.Mvc.RedirectToPageResult". (90fdc39c)
2019-02-28T17:50:50.8496943+01:00 0HLKTJI5SG9UL:00000010 [INF] Executing RedirectToPageResult, redirecting to "/LostAndNotFound". (07cf2c9f)
2019-02-28T17:50:50.8532646+01:00 0HLKTJI5SG9UL:00000010 [INF] Executed page "/Post" in 16.1195ms (02e01280)
2019-02-28T17:50:50.8564737+01:00 0HLKTJI5SG9UL:00000010 [INF] Request finished in 28.616ms 302  (791a596a)
2019-02-28T17:50:50.8635942+01:00 0HLKTJI5SG9UL:00000011 [INF] Request starting HTTP/1.1 GET http://localhost:5000/LostAndNotFound   (ca22a1cb)
2019-02-28T17:50:50.8660609+01:00 0HLKTJI5SG9UL:00000011 [INF] Route matched with "{page = \"/LostAndNotFound\", action = \"\", controller = \"\"}". Executing page "/LostAndNotFound" (547e620f)
2019-02-28T17:50:50.8688369+01:00 0HLKTJI5SG9UL:00000011 [INF] Executing an implicit handler method - ModelState is Valid (232a55d1)
2019-02-28T17:50:50.8717299+01:00 0HLKTJI5SG9UL:00000011 [INF] Executed an implicit handler method, returned result "Microsoft.AspNetCore.Mvc.RazorPages.PageResult". (f857da66)
2019-02-28T17:50:50.8752989+01:00 0HLKTJI5SG9UL:00000011 [INF] Executed page "/LostAndNotFound" in 6.0096ms (02e01280)
2019-02-28T17:50:50.8785782+01:00 0HLKTJI5SG9UL:00000011 [INF] Request finished in 14.3242ms 200 text/html; charset=utf-8 (791a596a)
2019-02-28T17:50:51.5145616+01:00 0HLKTJI5SG9UL:00000012 [INF] Request starting HTTP/1.1 GET http://localhost:5000/favicon.ico   (ca22a1cb)
2019-02-28T17:50:51.5188326+01:00 0HLKTJI5SG9UL:00000012 [INF] Route matched with "{page = \"/Post\", action = \"\", controller = \"\"}". Executing page "/Post" (547e620f)
2019-02-28T17:50:51.5237353+01:00 0HLKTJI5SG9UL:00000012 [INF] Executing handler method "hySite.PostPageModel.OnGet" with arguments (["favicon.ico"]) - ModelState is Valid (d4ff7456)
2019-02-28T17:50:51.5278648+01:00 0HLKTJI5SG9UL:00000012 [INF] Entity Framework Core "2.2.2-servicing-10034" initialized '"AppDbContext"' using provider '"Microsoft.EntityFrameworkCore.InMemory"' with options: "StoreName=db " (9958f5bb)
2019-02-28T17:50:51.5316200+01:00 0HLKTJI5SG9UL:00000012 [INF] Executed handler method "OnGet", returned result "Microsoft.AspNetCore.Mvc.RedirectToPageResult". (90fdc39c)
2019-02-28T17:50:51.5346075+01:00 0HLKTJI5SG9UL:00000012 [INF] Executing RedirectToPageResult, redirecting to "/LostAndNotFound". (07cf2c9f)
2019-02-28T17:50:51.5381571+01:00 0HLKTJI5SG9UL:00000012 [INF] Executed page "/Post" in 15.858ms (02e01280)
2019-02-28T17:50:51.5416951+01:00 0HLKTJI5SG9UL:00000012 [INF] Request finished in 27.3695ms 302  (791a596a)
2019-02-28T17:50:51.5450222+01:00 0HLKTJI5SG9UL:00000013 [INF] Request starting HTTP/1.1 GET http://localhost:5000/LostAndNotFound   (ca22a1cb)
2019-02-28T17:50:51.5487177+01:00 0HLKTJI5SG9UL:00000013 [INF] Route matched with "{page = \"/LostAndNotFound\", action = \"\", controller = \"\"}". Executing page "/LostAndNotFound" (547e620f)
2019-02-28T17:50:51.5527523+01:00 0HLKTJI5SG9UL:00000013 [INF] Executing an implicit handler method - ModelState is Valid (232a55d1)
2019-02-28T17:50:51.5558588+01:00 0HLKTJI5SG9UL:00000013 [INF] Executed an implicit handler method, returned result "Microsoft.AspNetCore.Mvc.RazorPages.PageResult". (f857da66)
2019-02-28T17:50:51.5597656+01:00 0HLKTJI5SG9UL:00000013 [INF] Executed page "/LostAndNotFound" in 7.4413ms (02e01280)
2019-02-28T17:50:51.5634269+01:00 0HLKTJI5SG9UL:00000013 [INF] Request finished in 18.0739ms 200 text/html; charset=utf-8 (791a596a)
2019-02-28T17:50:52.6285041+01:00 0HLKTJI5SG9UL:00000014 [INF] Request starting HTTP/1.1 GET http://localhost:5000/favicon.ico   (ca22a1cb)
2019-02-28T17:50:52.6321398+01:00 0HLKTJI5SG9UL:00000014 [INF] Route matched with "{page = \"/Post\", action = \"\", controller = \"\"}". Executing page "/Post" (547e620f)
2019-02-28T17:50:52.6360440+01:00 0HLKTJI5SG9UL:00000014 [INF] Executing handler method "hySite.PostPageModel.OnGet" with arguments (["favicon.ico"]) - ModelState is Valid (d4ff7456)
2019-02-28T17:50:52.6402795+01:00 0HLKTJI5SG9UL:00000014 [INF] Entity Framework Core "2.2.2-servicing-10034" initialized '"AppDbContext"' using provider '"Microsoft.EntityFrameworkCore.InMemory"' with options: "StoreName=db " (9958f5bb)
2019-02-28T17:50:52.6444415+01:00 0HLKTJI5SG9UL:00000014 [INF] Executed handler method "OnGet", returned result "Microsoft.AspNetCore.Mvc.RedirectToPageResult". (90fdc39c)
2019-02-28T17:50:52.6479020+01:00 0HLKTJI5SG9UL:00000014 [INF] Executing RedirectToPageResult, redirecting to "/LostAndNotFound". (07cf2c9f)
2019-02-28T17:50:52.6525321+01:00 0HLKTJI5SG9UL:00000014 [INF] Executed page "/Post" in 15.8145ms (02e01280)
2019-02-28T17:50:52.6569709+01:00 0HLKTJI5SG9UL:00000014 [INF] Request finished in 27.3819ms 302  (791a596a)
2019-02-28T17:50:52.6623246+01:00 0HLKTJI5SG9UL:00000015 [INF] Request starting HTTP/1.1 GET http://localhost:5000/LostAndNotFound   (ca22a1cb)
2019-02-28T17:50:52.6659180+01:00 0HLKTJI5SG9UL:00000015 [INF] Route matched with "{page = \"/LostAndNotFound\", action = \"\", controller = \"\"}". Executing page "/LostAndNotFound" (547e620f)
2019-02-28T17:50:52.6694723+01:00 0HLKTJI5SG9UL:00000015 [INF] Executing an implicit handler method - ModelState is Valid (232a55d1)
2019-02-28T17:50:52.6730872+01:00 0HLKTJI5SG9UL:00000015 [INF] Executed an implicit handler method, returned result "Microsoft.AspNetCore.Mvc.RazorPages.PageResult". (f857da66)
2019-02-28T17:50:52.6772019+01:00 0HLKTJI5SG9UL:00000015 [INF] Executed page "/LostAndNotFound" in 7.58ms (02e01280)
2019-02-28T17:50:52.6808577+01:00 0HLKTJI5SG9UL:00000015 [INF] Request finished in 18.6195ms 200 text/html; charset=utf-8 (791a596a)
2019-02-28T17:50:53.1603062+01:00 0HLKTJI5SG9UL:00000016 [INF] Request starting HTTP/1.1 GET http://localhost:5000/favicon.ico   (ca22a1cb)
2019-02-28T17:50:53.1637146+01:00 0HLKTJI5SG9UL:00000016 [INF] Route matched with "{page = \"/Post\", action = \"\", controller = \"\"}". Executing page "/Post" (547e620f)
2019-02-28T17:50:53.1677640+01:00 0HLKTJI5SG9UL:00000016 [INF] Executing handler method "hySite.PostPageModel.OnGet" with arguments (["favicon.ico"]) - ModelState is Valid (d4ff7456)
2019-02-28T17:50:53.1724663+01:00 0HLKTJI5SG9UL:00000016 [INF] Entity Framework Core "2.2.2-servicing-10034" initialized '"AppDbContext"' using provider '"Microsoft.EntityFrameworkCore.InMemory"' with options: "StoreName=db " (9958f5bb)
2019-02-28T17:50:53.1762918+01:00 0HLKTJI5SG9UL:00000016 [INF] Executed handler method "OnGet", returned result "Microsoft.AspNetCore.Mvc.RedirectToPageResult". (90fdc39c)
2019-02-28T17:50:53.1795189+01:00 0HLKTJI5SG9UL:00000016 [INF] Executing RedirectToPageResult, redirecting to "/LostAndNotFound". (07cf2c9f)
2019-02-28T17:50:53.1832582+01:00 0HLKTJI5SG9UL:00000016 [INF] Executed page "/Post" in 15.9071ms (02e01280)
2019-02-28T17:50:53.1867439+01:00 0HLKTJI5SG9UL:00000016 [INF] Request finished in 26.4078ms 302  (791a596a)
2019-02-28T17:50:53.1898168+01:00 0HLKTJI5SG9UL:00000017 [INF] Request starting HTTP/1.1 GET http://localhost:5000/LostAndNotFound   (ca22a1cb)
2019-02-28T17:50:53.1932392+01:00 0HLKTJI5SG9UL:00000017 [INF] Route matched with "{page = \"/LostAndNotFound\", action = \"\", controller = \"\"}". Executing page "/LostAndNotFound" (547e620f)
2019-02-28T17:50:53.1962774+01:00 0HLKTJI5SG9UL:00000017 [INF] Executing an implicit handler method - ModelState is Valid (232a55d1)
2019-02-28T17:50:53.1996186+01:00 0HLKTJI5SG9UL:00000017 [INF] Executed an implicit handler method, returned result "Microsoft.AspNetCore.Mvc.RazorPages.PageResult". (f857da66)
2019-02-28T17:50:53.2043052+01:00 0HLKTJI5SG9UL:00000017 [INF] Executed page "/LostAndNotFound" in 6.8054ms (02e01280)
2019-02-28T17:50:53.2077901+01:00 0HLKTJI5SG9UL:00000017 [INF] Request finished in 17.5735ms 200 text/html; charset=utf-8 (791a596a)
2019-02-28T17:50:53.3225479+01:00 0HLKTJI5SG9UL:00000018 [INF] Request starting HTTP/1.1 GET http://localhost:5000/favicon.ico   (ca22a1cb)
2019-02-28T17:50:53.3268212+01:00 0HLKTJI5SG9UL:00000018 [INF] Route matched with "{page = \"/Post\", action = \"\", controller = \"\"}". Executing page "/Post" (547e620f)
2019-02-28T17:50:53.3300058+01:00 0HLKTJI5SG9UL:00000018 [INF] Executing handler method "hySite.PostPageModel.OnGet" with arguments (["favicon.ico"]) - ModelState is Valid (d4ff7456)
2019-02-28T17:50:53.3336652+01:00 0HLKTJI5SG9UL:00000018 [INF] Entity Framework Core "2.2.2-servicing-10034" initialized '"AppDbContext"' using provider '"Microsoft.EntityFrameworkCore.InMemory"' with options: "StoreName=db " (9958f5bb)
2019-02-28T17:50:53.3406294+01:00 0HLKTJI5SG9UL:00000018 [INF] Executed handler method "OnGet", returned result "Microsoft.AspNetCore.Mvc.RedirectToPageResult". (90fdc39c)
2019-02-28T17:50:53.3444672+01:00 0HLKTJI5SG9UL:00000018 [INF] Executing RedirectToPageResult, redirecting to "/LostAndNotFound". (07cf2c9f)
2019-02-28T17:50:53.3477865+01:00 0HLKTJI5SG9UL:00000018 [INF] Executed page "/Post" in 17.7032ms (02e01280)
2019-02-28T17:50:53.3520928+01:00 0HLKTJI5SG9UL:00000018 [INF] Request finished in 29.3111ms 302  (791a596a)
2019-02-28T17:50:53.3561038+01:00 0HLKTJI5SG9UL:00000019 [INF] Request starting HTTP/1.1 GET http://localhost:5000/LostAndNotFound   (ca22a1cb)
2019-02-28T17:50:53.3590305+01:00 0HLKTJI5SG9UL:00000019 [INF] Route matched with "{page = \"/LostAndNotFound\", action = \"\", controller = \"\"}". Executing page "/LostAndNotFound" (547e620f)
2019-02-28T17:50:53.3625515+01:00 0HLKTJI5SG9UL:00000019 [INF] Executing an implicit handler method - ModelState is Valid (232a55d1)
2019-02-28T17:50:53.3661841+01:00 0HLKTJI5SG9UL:00000019 [INF] Executed an implicit handler method, returned result "Microsoft.AspNetCore.Mvc.RazorPages.PageResult". (f857da66)
2019-02-28T17:50:53.3723753+01:00 0HLKTJI5SG9UL:00000019 [INF] Executed page "/LostAndNotFound" in 7.6047ms (02e01280)
2019-02-28T17:50:53.3767111+01:00 0HLKTJI5SG9UL:00000019 [INF] Request finished in 20.2397ms 200 text/html; charset=utf-8 (791a596a)
2019-02-28T17:50:57.4583164+01:00 0HLKTJI5SG9UL:0000001A [INF] Request starting HTTP/1.1 GET http://localhost:5000/favicon.ico   (ca22a1cb)
2019-02-28T17:50:57.4628475+01:00 0HLKTJI5SG9UL:0000001A [INF] Route matched with "{page = \"/Post\", action = \"\", controller = \"\"}". Executing page "/Post" (547e620f)
2019-02-28T17:50:57.4681124+01:00 0HLKTJI5SG9UL:0000001A [INF] Executing handler method "hySite.PostPageModel.OnGet" with arguments (["favicon.ico"]) - ModelState is Valid (d4ff7456)
2019-02-28T17:50:57.4725648+01:00 0HLKTJI5SG9UL:0000001A [INF] Entity Framework Core "2.2.2-servicing-10034" initialized '"AppDbContext"' using provider '"Microsoft.EntityFrameworkCore.InMemory"' with options: "StoreName=db " (9958f5bb)
2019-02-28T17:50:57.4770424+01:00 0HLKTJI5SG9UL:0000001A [INF] Executed handler method "OnGet", returned result "Microsoft.AspNetCore.Mvc.RedirectToPageResult". (90fdc39c)
2019-02-28T17:50:57.4816522+01:00 0HLKTJI5SG9UL:0000001A [INF] Executing RedirectToPageResult, redirecting to "/LostAndNotFound". (07cf2c9f)
2019-02-28T17:50:57.4853661+01:00 0HLKTJI5SG9UL:0000001A [INF] Executed page "/Post" in 18.87ms (02e01280)
2019-02-28T17:50:57.4888013+01:00 0HLKTJI5SG9UL:0000001A [INF] Request finished in 30.4762ms 302  (791a596a)
2019-02-28T17:50:57.4921952+01:00 0HLKTJI5SG9UL:0000001B [INF] Request starting HTTP/1.1 GET http://localhost:5000/LostAndNotFound   (ca22a1cb)
2019-02-28T17:50:57.4958110+01:00 0HLKTJI5SG9UL:0000001B [INF] Route matched with "{page = \"/LostAndNotFound\", action = \"\", controller = \"\"}". Executing page "/LostAndNotFound" (547e620f)
2019-02-28T17:50:57.4999606+01:00 0HLKTJI5SG9UL:0000001B [INF] Executing an implicit handler method - ModelState is Valid (232a55d1)
2019-02-28T17:50:57.5033962+01:00 0HLKTJI5SG9UL:0000001B [INF] Executed an implicit handler method, returned result "Microsoft.AspNetCore.Mvc.RazorPages.PageResult". (f857da66)
2019-02-28T17:50:57.5071027+01:00 0HLKTJI5SG9UL:0000001B [INF] Executed page "/LostAndNotFound" in 7.968ms (02e01280)
2019-02-28T17:50:57.5108562+01:00 0HLKTJI5SG9UL:0000001B [INF] Request finished in 18.313ms 200 text/html; charset=utf-8 (791a596a)
2019-02-28T17:50:58.0839083+01:00 0HLKTJI5SG9UL:0000001C [INF] Request starting HTTP/1.1 GET http://localhost:5000/favicon.ico   (ca22a1cb)
2019-02-28T17:50:58.0877011+01:00 0HLKTJI5SG9UL:0000001C [INF] Route matched with "{page = \"/Post\", action = \"\", controller = \"\"}". Executing page "/Post" (547e620f)
2019-02-28T17:50:58.0908739+01:00 0HLKTJI5SG9UL:0000001C [INF] Executing handler method "hySite.PostPageModel.OnGet" with arguments (["favicon.ico"]) - ModelState is Valid (d4ff7456)
2019-02-28T17:50:58.0947373+01:00 0HLKTJI5SG9UL:0000001C [INF] Entity Framework Core "2.2.2-servicing-10034" initialized '"AppDbContext"' using provider '"Microsoft.EntityFrameworkCore.InMemory"' with options: "StoreName=db " (9958f5bb)
2019-02-28T17:50:58.0986187+01:00 0HLKTJI5SG9UL:0000001C [INF] Executed handler method "OnGet", returned result "Microsoft.AspNetCore.Mvc.RedirectToPageResult". (90fdc39c)
2019-02-28T17:50:58.1025261+01:00 0HLKTJI5SG9UL:0000001C [INF] Executing RedirectToPageResult, redirecting to "/LostAndNotFound". (07cf2c9f)
2019-02-28T17:50:58.1054748+01:00 0HLKTJI5SG9UL:0000001C [INF] Executed page "/Post" in 14.8748ms (02e01280)
2019-02-28T17:50:58.1097931+01:00 0HLKTJI5SG9UL:0000001C [INF] Request finished in 25.8628ms 302  (791a596a)
2019-02-28T17:50:58.1134762+01:00 0HLKTJI5SG9UL:0000001D [INF] Request starting HTTP/1.1 GET http://localhost:5000/LostAndNotFound   (ca22a1cb)
2019-02-28T17:50:58.1188778+01:00 0HLKTJI5SG9UL:0000001D [INF] Route matched with "{page = \"/LostAndNotFound\", action = \"\", controller = \"\"}". Executing page "/LostAndNotFound" (547e620f)
2019-02-28T17:50:58.1225784+01:00 0HLKTJI5SG9UL:0000001D [INF] Executing an implicit handler method - ModelState is Valid (232a55d1)
2019-02-28T17:50:58.1254493+01:00 0HLKTJI5SG9UL:0000001D [INF] Executed an implicit handler method, returned result "Microsoft.AspNetCore.Mvc.RazorPages.PageResult". (f857da66)
2019-02-28T17:50:58.1289836+01:00 0HLKTJI5SG9UL:0000001D [INF] Executed page "/LostAndNotFound" in 6.9988ms (02e01280)
2019-02-28T17:50:58.1321125+01:00 0HLKTJI5SG9UL:0000001D [INF] Request finished in 19.1243ms 200 text/html; charset=utf-8 (791a596a)
2019-02-28T17:50:59.1705768+01:00 0HLKTJI5SG9UL:0000001E [INF] Request starting HTTP/1.1 GET http://localhost:5000/favicon.ico   (ca22a1cb)
2019-02-28T17:50:59.1748119+01:00 0HLKTJI5SG9UL:0000001E [INF] Route matched with "{page = \"/Post\", action = \"\", controller = \"\"}". Executing page "/Post" (547e620f)
2019-02-28T17:50:59.1778564+01:00 0HLKTJI5SG9UL:0000001E [INF] Executing handler method "hySite.PostPageModel.OnGet" with arguments (["favicon.ico"]) - ModelState is Valid (d4ff7456)
2019-02-28T17:50:59.1810745+01:00 0HLKTJI5SG9UL:0000001E [INF] Entity Framework Core "2.2.2-servicing-10034" initialized '"AppDbContext"' using provider '"Microsoft.EntityFrameworkCore.InMemory"' with options: "StoreName=db " (9958f5bb)
2019-02-28T17:50:59.1860336+01:00 0HLKTJI5SG9UL:0000001E [INF] Executed handler method "OnGet", returned result "Microsoft.AspNetCore.Mvc.RedirectToPageResult". (90fdc39c)
2019-02-28T17:50:59.1896794+01:00 0HLKTJI5SG9UL:0000001E [INF] Executing RedirectToPageResult, redirecting to "/LostAndNotFound". (07cf2c9f)
2019-02-28T17:50:59.1926989+01:00 0HLKTJI5SG9UL:0000001E [INF] Executed page "/Post" in 14.8959ms (02e01280)
2019-02-28T17:50:59.1963390+01:00 0HLKTJI5SG9UL:0000001E [INF] Request finished in 25.4713ms 302  (791a596a)
2019-02-28T17:50:59.2003276+01:00 0HLKTJI5SG9UL:0000001F [INF] Request starting HTTP/1.1 GET http://localhost:5000/LostAndNotFound   (ca22a1cb)
2019-02-28T17:50:59.2038895+01:00 0HLKTJI5SG9UL:0000001F [INF] Route matched with "{page = \"/LostAndNotFound\", action = \"\", controller = \"\"}". Executing page "/LostAndNotFound" (547e620f)
2019-02-28T17:50:59.2073192+01:00 0HLKTJI5SG9UL:0000001F [INF] Executing an implicit handler method - ModelState is Valid (232a55d1)
2019-02-28T17:50:59.2101443+01:00 0HLKTJI5SG9UL:0000001F [INF] Executed an implicit handler method, returned result "Microsoft.AspNetCore.Mvc.RazorPages.PageResult". (f857da66)
2019-02-28T17:50:59.2134498+01:00 0HLKTJI5SG9UL:0000001F [INF] Executed page "/LostAndNotFound" in 6.4854ms (02e01280)
2019-02-28T17:50:59.2179792+01:00 0HLKTJI5SG9UL:0000001F [INF] Request finished in 16.2325ms 200 text/html; charset=utf-8 (791a596a)
2019-02-28T17:51:01.1589464+01:00 0HLKTJI5SG9UL:00000020 [INF] Request starting HTTP/1.1 GET http://localhost:5000/favicon.ico   (ca22a1cb)
2019-02-28T17:51:01.1636716+01:00 0HLKTJI5SG9UL:00000020 [INF] Route matched with "{page = \"/Post\", action = \"\", controller = \"\"}". Executing page "/Post" (547e620f)
2019-02-28T17:51:01.1666485+01:00 0HLKTJI5SG9UL:00000020 [INF] Executing handler method "hySite.PostPageModel.OnGet" with arguments (["favicon.ico"]) - ModelState is Valid (d4ff7456)
2019-02-28T17:51:01.1710106+01:00 0HLKTJI5SG9UL:00000020 [INF] Entity Framework Core "2.2.2-servicing-10034" initialized '"AppDbContext"' using provider '"Microsoft.EntityFrameworkCore.InMemory"' with options: "StoreName=db " (9958f5bb)
2019-02-28T17:51:01.1764530+01:00 0HLKTJI5SG9UL:00000020 [INF] Executed handler method "OnGet", returned result "Microsoft.AspNetCore.Mvc.RedirectToPageResult". (90fdc39c)
2019-02-28T17:51:01.1808329+01:00 0HLKTJI5SG9UL:00000020 [INF] Executing RedirectToPageResult, redirecting to "/LostAndNotFound". (07cf2c9f)
2019-02-28T17:51:01.1840778+01:00 0HLKTJI5SG9UL:00000020 [INF] Executed page "/Post" in 17.17ms (02e01280)
2019-02-28T17:51:01.1887029+01:00 0HLKTJI5SG9UL:00000020 [INF] Request finished in 28.8428ms 302  (791a596a)
2019-02-28T17:51:01.1916216+01:00 0HLKTJI5SG9UL:00000021 [INF] Request starting HTTP/1.1 GET http://localhost:5000/LostAndNotFound   (ca22a1cb)
2019-02-28T17:51:01.1942876+01:00 0HLKTJI5SG9UL:00000021 [INF] Route matched with "{page = \"/LostAndNotFound\", action = \"\", controller = \"\"}". Executing page "/LostAndNotFound" (547e620f)
2019-02-28T17:51:01.1971094+01:00 0HLKTJI5SG9UL:00000021 [INF] Executing an implicit handler method - ModelState is Valid (232a55d1)
2019-02-28T17:51:01.2001797+01:00 0HLKTJI5SG9UL:00000021 [INF] Executed an implicit handler method, returned result "Microsoft.AspNetCore.Mvc.RazorPages.PageResult". (f857da66)
2019-02-28T17:51:01.2045457+01:00 0HLKTJI5SG9UL:00000021 [INF] Executed page "/LostAndNotFound" in 6.2114ms (02e01280)
2019-02-28T17:51:01.2079263+01:00 0HLKTJI5SG9UL:00000021 [INF] Request finished in 15.8522ms 200 text/html; charset=utf-8 (791a596a)
2019-02-28T17:51:02.0828871+01:00 0HLKTJI5SG9UL:00000022 [INF] Request starting HTTP/1.1 GET http://localhost:5000/favicon.ico   (ca22a1cb)
2019-02-28T17:51:02.0871355+01:00 0HLKTJI5SG9UL:00000022 [INF] Route matched with "{page = \"/Post\", action = \"\", controller = \"\"}". Executing page "/Post" (547e620f)
2019-02-28T17:51:02.0922998+01:00 0HLKTJI5SG9UL:00000022 [INF] Executing handler method "hySite.PostPageModel.OnGet" with arguments (["favicon.ico"]) - ModelState is Valid (d4ff7456)
2019-02-28T17:51:02.0965241+01:00 0HLKTJI5SG9UL:00000022 [INF] Entity Framework Core "2.2.2-servicing-10034" initialized '"AppDbContext"' using provider '"Microsoft.EntityFrameworkCore.InMemory"' with options: "StoreName=db " (9958f5bb)
2019-02-28T17:51:02.1003153+01:00 0HLKTJI5SG9UL:00000022 [INF] Executed handler method "OnGet", returned result "Microsoft.AspNetCore.Mvc.RedirectToPageResult". (90fdc39c)
2019-02-28T17:51:02.1048600+01:00 0HLKTJI5SG9UL:00000022 [INF] Executing RedirectToPageResult, redirecting to "/LostAndNotFound". (07cf2c9f)
2019-02-28T17:51:02.1091429+01:00 0HLKTJI5SG9UL:00000022 [INF] Executed page "/Post" in 17.906ms (02e01280)
2019-02-28T17:51:02.1128956+01:00 0HLKTJI5SG9UL:00000022 [INF] Request finished in 30.0188ms 302  (791a596a)
2019-02-28T17:51:02.1165700+01:00 0HLKTJI5SG9UL:00000023 [INF] Request starting HTTP/1.1 GET http://localhost:5000/LostAndNotFound   (ca22a1cb)
2019-02-28T17:51:02.1214830+01:00 0HLKTJI5SG9UL:00000023 [INF] Route matched with "{page = \"/LostAndNotFound\", action = \"\", controller = \"\"}". Executing page "/LostAndNotFound" (547e620f)
2019-02-28T17:51:02.1255274+01:00 0HLKTJI5SG9UL:00000023 [INF] Executing an implicit handler method - ModelState is Valid (232a55d1)
2019-02-28T17:51:02.1284548+01:00 0HLKTJI5SG9UL:00000023 [INF] Executed an implicit handler method, returned result "Microsoft.AspNetCore.Mvc.RazorPages.PageResult". (f857da66)
2019-02-28T17:51:02.1325509+01:00 0HLKTJI5SG9UL:00000023 [INF] Executed page "/LostAndNotFound" in 7.0618ms (02e01280)
2019-02-28T17:51:02.1367942+01:00 0HLKTJI5SG9UL:00000023 [INF] Request finished in 19.7059ms 200 text/html; charset=utf-8 (791a596a)
2019-02-28T17:51:02.2861003+01:00 0HLKTJI5SG9UL:00000024 [INF] Request starting HTTP/1.1 GET http://localhost:5000/favicon.ico   (ca22a1cb)
2019-02-28T17:51:02.2932053+01:00 0HLKTJI5SG9UL:00000024 [INF] Route matched with "{page = \"/Post\", action = \"\", controller = \"\"}". Executing page "/Post" (547e620f)
2019-02-28T17:51:02.2968724+01:00 0HLKTJI5SG9UL:00000024 [INF] Executing handler method "hySite.PostPageModel.OnGet" with arguments (["favicon.ico"]) - ModelState is Valid (d4ff7456)
2019-02-28T17:51:02.3005413+01:00 0HLKTJI5SG9UL:00000024 [INF] Entity Framework Core "2.2.2-servicing-10034" initialized '"AppDbContext"' using provider '"Microsoft.EntityFrameworkCore.InMemory"' with options: "StoreName=db " (9958f5bb)
2019-02-28T17:51:02.3052226+01:00 0HLKTJI5SG9UL:00000024 [INF] Executed handler method "OnGet", returned result "Microsoft.AspNetCore.Mvc.RedirectToPageResult". (90fdc39c)
2019-02-28T17:51:02.3095050+01:00 0HLKTJI5SG9UL:00000024 [INF] Executing RedirectToPageResult, redirecting to "/LostAndNotFound". (07cf2c9f)
2019-02-28T17:51:02.3134944+01:00 0HLKTJI5SG9UL:00000024 [INF] Executed page "/Post" in 16.3394ms (02e01280)
2019-02-28T17:51:02.3170928+01:00 0HLKTJI5SG9UL:00000024 [INF] Request finished in 31.8135ms 302  (791a596a)
2019-02-28T17:51:02.3212720+01:00 0HLKTJI5SG9UL:00000025 [INF] Request starting HTTP/1.1 GET http://localhost:5000/LostAndNotFound   (ca22a1cb)
2019-02-28T17:51:02.3248435+01:00 0HLKTJI5SG9UL:00000025 [INF] Route matched with "{page = \"/LostAndNotFound\", action = \"\", controller = \"\"}". Executing page "/LostAndNotFound" (547e620f)
2019-02-28T17:51:02.3284467+01:00 0HLKTJI5SG9UL:00000025 [INF] Executing an implicit handler method - ModelState is Valid (232a55d1)
2019-02-28T17:51:02.3315386+01:00 0HLKTJI5SG9UL:00000025 [INF] Executed an implicit handler method, returned result "Microsoft.AspNetCore.Mvc.RazorPages.PageResult". (f857da66)
2019-02-28T17:51:02.3354441+01:00 0HLKTJI5SG9UL:00000025 [INF] Executed page "/LostAndNotFound" in 6.9981ms (02e01280)
2019-02-28T17:51:02.3393235+01:00 0HLKTJI5SG9UL:00000025 [INF] Request finished in 18.3773ms 200 text/html; charset=utf-8 (791a596a)
2019-02-28T17:51:02.4804416+01:00 0HLKTJI5SG9UL:00000026 [INF] Request starting HTTP/1.1 GET http://localhost:5000/favicon.ico   (ca22a1cb)
2019-02-28T17:51:02.4835813+01:00 0HLKTJI5SG9UL:00000026 [INF] Route matched with "{page = \"/Post\", action = \"\", controller = \"\"}". Executing page "/Post" (547e620f)
2019-02-28T17:51:02.4871053+01:00 0HLKTJI5SG9UL:00000026 [INF] Executing handler method "hySite.PostPageModel.OnGet" with arguments (["favicon.ico"]) - ModelState is Valid (d4ff7456)
2019-02-28T17:51:02.4907206+01:00 0HLKTJI5SG9UL:00000026 [INF] Entity Framework Core "2.2.2-servicing-10034" initialized '"AppDbContext"' using provider '"Microsoft.EntityFrameworkCore.InMemory"' with options: "StoreName=db " (9958f5bb)
2019-02-28T17:51:02.4941617+01:00 0HLKTJI5SG9UL:00000026 [INF] Executed handler method "OnGet", returned result "Microsoft.AspNetCore.Mvc.RedirectToPageResult". (90fdc39c)
2019-02-28T17:51:02.4974886+01:00 0HLKTJI5SG9UL:00000026 [INF] Executing RedirectToPageResult, redirecting to "/LostAndNotFound". (07cf2c9f)
2019-02-28T17:51:02.5004042+01:00 0HLKTJI5SG9UL:00000026 [INF] Executed page "/Post" in 13.9374ms (02e01280)
2019-02-28T17:51:02.5061222+01:00 0HLKTJI5SG9UL:00000026 [INF] Request finished in 24.1136ms 302  (791a596a)
2019-02-28T17:51:02.5100840+01:00 0HLKTJI5SG9UL:00000027 [INF] Request starting HTTP/1.1 GET http://localhost:5000/LostAndNotFound   (ca22a1cb)
2019-02-28T17:51:02.5135459+01:00 0HLKTJI5SG9UL:00000027 [INF] Route matched with "{page = \"/LostAndNotFound\", action = \"\", controller = \"\"}". Executing page "/LostAndNotFound" (547e620f)
2019-02-28T17:51:02.5163517+01:00 0HLKTJI5SG9UL:00000027 [INF] Executing an implicit handler method - ModelState is Valid (232a55d1)
2019-02-28T17:51:02.5199494+01:00 0HLKTJI5SG9UL:00000027 [INF] Executed an implicit handler method, returned result "Microsoft.AspNetCore.Mvc.RazorPages.PageResult". (f857da66)
2019-02-28T17:51:02.5234802+01:00 0HLKTJI5SG9UL:00000027 [INF] Executed page "/LostAndNotFound" in 6.7892ms (02e01280)
2019-02-28T17:51:02.5263090+01:00 0HLKTJI5SG9UL:00000027 [INF] Request finished in 17.2438ms 200 text/html; charset=utf-8 (791a596a)
2019-02-28T17:51:02.6629424+01:00 0HLKTJI5SG9UL:00000028 [INF] Request starting HTTP/1.1 GET http://localhost:5000/favicon.ico   (ca22a1cb)
2019-02-28T17:51:02.6669953+01:00 0HLKTJI5SG9UL:00000028 [INF] Route matched with "{page = \"/Post\", action = \"\", controller = \"\"}". Executing page "/Post" (547e620f)
2019-02-28T17:51:02.6713397+01:00 0HLKTJI5SG9UL:00000028 [INF] Executing handler method "hySite.PostPageModel.OnGet" with arguments (["favicon.ico"]) - ModelState is Valid (d4ff7456)
2019-02-28T17:51:02.6743047+01:00 0HLKTJI5SG9UL:00000028 [INF] Entity Framework Core "2.2.2-servicing-10034" initialized '"AppDbContext"' using provider '"Microsoft.EntityFrameworkCore.InMemory"' with options: "StoreName=db " (9958f5bb)
2019-02-28T17:51:02.6776342+01:00 0HLKTJI5SG9UL:00000028 [INF] Executed handler method "OnGet", returned result "Microsoft.AspNetCore.Mvc.RedirectToPageResult". (90fdc39c)
2019-02-28T17:51:02.6807691+01:00 0HLKTJI5SG9UL:00000028 [INF] Executing RedirectToPageResult, redirecting to "/LostAndNotFound". (07cf2c9f)
2019-02-28T17:51:02.6836941+01:00 0HLKTJI5SG9UL:00000028 [INF] Executed page "/Post" in 13.7333ms (02e01280)
2019-02-28T17:51:02.6870050+01:00 0HLKTJI5SG9UL:00000028 [INF] Request finished in 25.2602ms 302  (791a596a)
2019-02-28T17:51:02.6909806+01:00 0HLKTJI5SG9UL:00000029 [INF] Request starting HTTP/1.1 GET http://localhost:5000/LostAndNotFound   (ca22a1cb)
2019-02-28T17:51:02.6946638+01:00 0HLKTJI5SG9UL:00000029 [INF] Route matched with "{page = \"/LostAndNotFound\", action = \"\", controller = \"\"}". Executing page "/LostAndNotFound" (547e620f)
2019-02-28T17:51:02.6984407+01:00 0HLKTJI5SG9UL:00000029 [INF] Executing an implicit handler method - ModelState is Valid (232a55d1)
2019-02-28T17:51:02.7021580+01:00 0HLKTJI5SG9UL:00000029 [INF] Executed an implicit handler method, returned result "Microsoft.AspNetCore.Mvc.RazorPages.PageResult". (f857da66)
2019-02-28T17:51:02.7052552+01:00 0HLKTJI5SG9UL:00000029 [INF] Executed page "/LostAndNotFound" in 7.7279ms (02e01280)
2019-02-28T17:51:02.7082199+01:00 0HLKTJI5SG9UL:00000029 [INF] Request finished in 17.8038ms 200 text/html; charset=utf-8 (791a596a)
2019-02-28T17:55:28.2244470+01:00 0HLKTJI5SG9UL:0000002A [INF] Request starting HTTP/1.1 GET http://localhost:5000/favicon.ico   (ca22a1cb)
2019-02-28T17:55:28.2329364+01:00 0HLKTJI5SG9UL:0000002A [INF] Route matched with "{page = \"/Post\", action = \"\", controller = \"\"}". Executing page "/Post" (547e620f)
2019-02-28T17:55:28.2363018+01:00 0HLKTJI5SG9UL:0000002A [INF] Executing handler method "hySite.PostPageModel.OnGet" with arguments (["favicon.ico"]) - ModelState is Valid (d4ff7456)
2019-02-28T17:55:28.2396109+01:00 0HLKTJI5SG9UL:0000002A [INF] Entity Framework Core "2.2.2-servicing-10034" initialized '"AppDbContext"' using provider '"Microsoft.EntityFrameworkCore.InMemory"' with options: "StoreName=db " (9958f5bb)
2019-02-28T17:55:28.2432562+01:00 0HLKTJI5SG9UL:0000002A [INF] Executed handler method "OnGet", returned result "Microsoft.AspNetCore.Mvc.RedirectToPageResult". (90fdc39c)
2019-02-28T17:55:28.2470498+01:00 0HLKTJI5SG9UL:0000002A [INF] Executing RedirectToPageResult, redirecting to "/LostAndNotFound". (07cf2c9f)
2019-02-28T17:55:28.2502044+01:00 0HLKTJI5SG9UL:0000002A [INF] Executed page "/Post" in 14.1817ms (02e01280)
2019-02-28T17:55:28.2544124+01:00 0HLKTJI5SG9UL:0000002A [INF] Request finished in 33.7602ms 302  (791a596a)
2019-02-28T17:55:28.2630798+01:00 0HLKTJI5SG9UL:0000002B [INF] Request starting HTTP/1.1 GET http://localhost:5000/LostAndNotFound   (ca22a1cb)
2019-02-28T17:55:28.2662805+01:00 0HLKTJI5SG9UL:0000002B [INF] Route matched with "{page = \"/LostAndNotFound\", action = \"\", controller = \"\"}". Executing page "/LostAndNotFound" (547e620f)
2019-02-28T17:55:28.2697522+01:00 0HLKTJI5SG9UL:0000002B [INF] Executing an implicit handler method - ModelState is Valid (232a55d1)
2019-02-28T17:55:28.2728233+01:00 0HLKTJI5SG9UL:0000002B [INF] Executed an implicit handler method, returned result "Microsoft.AspNetCore.Mvc.RazorPages.PageResult". (f857da66)
2019-02-28T17:55:28.2765018+01:00 0HLKTJI5SG9UL:0000002B [INF] Executed page "/LostAndNotFound" in 6.9638ms (02e01280)
2019-02-28T17:55:28.2799869+01:00 0HLKTJI5SG9UL:0000002B [INF] Request finished in 16.648ms 200 text/html; charset=utf-8 (791a596a)
2019-02-28T17:55:28.6812124+01:00 0HLKTJI5SG9UL:0000002C [INF] Request starting HTTP/1.1 GET http://localhost:5000/favicon.ico   (ca22a1cb)
2019-02-28T17:55:28.6861630+01:00 0HLKTJI5SG9UL:0000002C [INF] Route matched with "{page = \"/Post\", action = \"\", controller = \"\"}". Executing page "/Post" (547e620f)
2019-02-28T17:55:28.6902559+01:00 0HLKTJI5SG9UL:0000002C [INF] Executing handler method "hySite.PostPageModel.OnGet" with arguments (["favicon.ico"]) - ModelState is Valid (d4ff7456)
2019-02-28T17:55:28.6945382+01:00 0HLKTJI5SG9UL:0000002C [INF] Entity Framework Core "2.2.2-servicing-10034" initialized '"AppDbContext"' using provider '"Microsoft.EntityFrameworkCore.InMemory"' with options: "StoreName=db " (9958f5bb)
2019-02-28T17:55:28.6982455+01:00 0HLKTJI5SG9UL:0000002C [INF] Executed handler method "OnGet", returned result "Microsoft.AspNetCore.Mvc.RedirectToPageResult". (90fdc39c)
2019-02-28T17:55:28.7009072+01:00 0HLKTJI5SG9UL:0000002C [INF] Executing RedirectToPageResult, redirecting to "/LostAndNotFound". (07cf2c9f)
2019-02-28T17:55:28.7042300+01:00 0HLKTJI5SG9UL:0000002C [INF] Executed page "/Post" in 14.6862ms (02e01280)
2019-02-28T17:55:28.7071474+01:00 0HLKTJI5SG9UL:0000002C [INF] Request finished in 26.9806ms 302  (791a596a)
2019-02-28T17:55:28.7099274+01:00 0HLKTJI5SG9UL:0000002D [INF] Request starting HTTP/1.1 GET http://localhost:5000/LostAndNotFound   (ca22a1cb)
2019-02-28T17:55:28.7126084+01:00 0HLKTJI5SG9UL:0000002D [INF] Route matched with "{page = \"/LostAndNotFound\", action = \"\", controller = \"\"}". Executing page "/LostAndNotFound" (547e620f)
2019-02-28T17:55:28.7153490+01:00 0HLKTJI5SG9UL:0000002D [INF] Executing an implicit handler method - ModelState is Valid (232a55d1)
2019-02-28T17:55:28.7180357+01:00 0HLKTJI5SG9UL:0000002D [INF] Executed an implicit handler method, returned result "Microsoft.AspNetCore.Mvc.RazorPages.PageResult". (f857da66)
2019-02-28T17:55:28.7216202+01:00 0HLKTJI5SG9UL:0000002D [INF] Executed page "/LostAndNotFound" in 5.7892ms (02e01280)
2019-02-28T17:55:28.7258760+01:00 0HLKTJI5SG9UL:0000002D [INF] Request finished in 14.5706ms 200 text/html; charset=utf-8 (791a596a)
2019-02-28T17:55:28.8518096+01:00 0HLKTJI5SG9UL:0000002E [INF] Request starting HTTP/1.1 GET http://localhost:5000/favicon.ico   (ca22a1cb)
2019-02-28T17:55:28.8563420+01:00 0HLKTJI5SG9UL:0000002E [INF] Route matched with "{page = \"/Post\", action = \"\", controller = \"\"}". Executing page "/Post" (547e620f)
2019-02-28T17:55:28.8602625+01:00 0HLKTJI5SG9UL:0000002E [INF] Executing handler method "hySite.PostPageModel.OnGet" with arguments (["favicon.ico"]) - ModelState is Valid (d4ff7456)
2019-02-28T17:55:28.8641632+01:00 0HLKTJI5SG9UL:0000002E [INF] Entity Framework Core "2.2.2-servicing-10034" initialized '"AppDbContext"' using provider '"Microsoft.EntityFrameworkCore.InMemory"' with options: "StoreName=db " (9958f5bb)
2019-02-28T17:55:28.8686629+01:00 0HLKTJI5SG9UL:0000002E [INF] Executed handler method "OnGet", returned result "Microsoft.AspNetCore.Mvc.RedirectToPageResult". (90fdc39c)
2019-02-28T17:55:28.8733439+01:00 0HLKTJI5SG9UL:0000002E [INF] Executing RedirectToPageResult, redirecting to "/LostAndNotFound". (07cf2c9f)
2019-02-28T17:55:28.8768882+01:00 0HLKTJI5SG9UL:0000002E [INF] Executed page "/Post" in 17.0741ms (02e01280)
2019-02-28T17:55:28.8803627+01:00 0HLKTJI5SG9UL:0000002E [INF] Request finished in 30.6303ms 302  (791a596a)
2019-02-28T17:55:28.8896952+01:00 0HLKTJI5SG9UL:0000002F [INF] Request starting HTTP/1.1 GET http://localhost:5000/LostAndNotFound   (ca22a1cb)
2019-02-28T17:55:28.8930966+01:00 0HLKTJI5SG9UL:0000002F [INF] Route matched with "{page = \"/LostAndNotFound\", action = \"\", controller = \"\"}". Executing page "/LostAndNotFound" (547e620f)
2019-02-28T17:55:28.8959905+01:00 0HLKTJI5SG9UL:0000002F [INF] Executing an implicit handler method - ModelState is Valid (232a55d1)
2019-02-28T17:55:28.8988023+01:00 0HLKTJI5SG9UL:0000002F [INF] Executed an implicit handler method, returned result "Microsoft.AspNetCore.Mvc.RazorPages.PageResult". (f857da66)
2019-02-28T17:55:28.9024021+01:00 0HLKTJI5SG9UL:0000002F [INF] Executed page "/LostAndNotFound" in 6.2383ms (02e01280)
2019-02-28T17:55:28.9063892+01:00 0HLKTJI5SG9UL:0000002F [INF] Request finished in 16.1645ms 200 text/html; charset=utf-8 (791a596a)
2019-02-28T17:55:30.3737868+01:00 0HLKTJI5SG9UL:00000030 [INF] Request starting HTTP/1.1 GET http://localhost:5000/favicon.ico   (ca22a1cb)
2019-02-28T17:55:30.3789551+01:00 0HLKTJI5SG9UL:00000030 [INF] Route matched with "{page = \"/Post\", action = \"\", controller = \"\"}". Executing page "/Post" (547e620f)
2019-02-28T17:55:30.3822924+01:00 0HLKTJI5SG9UL:00000030 [INF] Executing handler method "hySite.PostPageModel.OnGet" with arguments (["favicon.ico"]) - ModelState is Valid (d4ff7456)
2019-02-28T17:55:30.3869170+01:00 0HLKTJI5SG9UL:00000030 [INF] Entity Framework Core "2.2.2-servicing-10034" initialized '"AppDbContext"' using provider '"Microsoft.EntityFrameworkCore.InMemory"' with options: "StoreName=db " (9958f5bb)
2019-02-28T17:55:30.3949546+01:00 0HLKTJI5SG9UL:00000030 [INF] Executed handler method "OnGet", returned result "Microsoft.AspNetCore.Mvc.RedirectToPageResult". (90fdc39c)
2019-02-28T17:55:30.3985008+01:00 0HLKTJI5SG9UL:00000030 [INF] Executing RedirectToPageResult, redirecting to "/LostAndNotFound". (07cf2c9f)
2019-02-28T17:55:30.4010420+01:00 0HLKTJI5SG9UL:00000030 [INF] Executed page "/Post" in 19.587ms (02e01280)
2019-02-28T17:55:30.4080070+01:00 0HLKTJI5SG9UL:00000030 [INF] Request finished in 35.8671ms 302  (791a596a)
2019-02-28T17:55:30.4126688+01:00 0HLKTJI5SG9UL:00000031 [INF] Request starting HTTP/1.1 GET http://localhost:5000/LostAndNotFound   (ca22a1cb)
2019-02-28T17:55:30.4153939+01:00 0HLKTJI5SG9UL:00000031 [INF] Route matched with "{page = \"/LostAndNotFound\", action = \"\", controller = \"\"}". Executing page "/LostAndNotFound" (547e620f)
2019-02-28T17:55:30.4183231+01:00 0HLKTJI5SG9UL:00000031 [INF] Executing an implicit handler method - ModelState is Valid (232a55d1)
2019-02-28T17:55:30.4286806+01:00 0HLKTJI5SG9UL:00000031 [INF] Executed an implicit handler method, returned result "Microsoft.AspNetCore.Mvc.RazorPages.PageResult". (f857da66)
2019-02-28T17:55:30.4338935+01:00 0HLKTJI5SG9UL:00000031 [INF] Executed page "/LostAndNotFound" in 13.7009ms (02e01280)
2019-02-28T17:55:30.4400105+01:00 0HLKTJI5SG9UL:00000031 [INF] Request finished in 25.8825ms 200 text/html; charset=utf-8 (791a596a)
2019-02-28T17:55:30.9582398+01:00 0HLKTJI5SG9UL:00000032 [INF] Request starting HTTP/1.1 GET http://localhost:5000/favicon.ico   (ca22a1cb)
2019-02-28T17:55:30.9621614+01:00 0HLKTJI5SG9UL:00000032 [INF] Route matched with "{page = \"/Post\", action = \"\", controller = \"\"}". Executing page "/Post" (547e620f)
2019-02-28T17:55:30.9671353+01:00 0HLKTJI5SG9UL:00000032 [INF] Executing handler method "hySite.PostPageModel.OnGet" with arguments (["favicon.ico"]) - ModelState is Valid (d4ff7456)
2019-02-28T17:55:30.9724975+01:00 0HLKTJI5SG9UL:00000032 [INF] Entity Framework Core "2.2.2-servicing-10034" initialized '"AppDbContext"' using provider '"Microsoft.EntityFrameworkCore.InMemory"' with options: "StoreName=db " (9958f5bb)
2019-02-28T17:55:30.9766086+01:00 0HLKTJI5SG9UL:00000032 [INF] Executed handler method "OnGet", returned result "Microsoft.AspNetCore.Mvc.RedirectToPageResult". (90fdc39c)
2019-02-28T17:55:30.9802966+01:00 0HLKTJI5SG9UL:00000032 [INF] Executing RedirectToPageResult, redirecting to "/LostAndNotFound". (07cf2c9f)
2019-02-28T17:55:30.9840581+01:00 0HLKTJI5SG9UL:00000032 [INF] Executed page "/Post" in 18.1794ms (02e01280)
2019-02-28T17:55:30.9876310+01:00 0HLKTJI5SG9UL:00000032 [INF] Request finished in 29.7ms 302  (791a596a)
2019-02-28T17:55:30.9914771+01:00 0HLKTJI5SG9UL:00000033 [INF] Request starting HTTP/1.1 GET http://localhost:5000/LostAndNotFound   (ca22a1cb)
2019-02-28T17:55:30.9951095+01:00 0HLKTJI5SG9UL:00000033 [INF] Route matched with "{page = \"/LostAndNotFound\", action = \"\", controller = \"\"}". Executing page "/LostAndNotFound" (547e620f)
2019-02-28T17:55:30.9990135+01:00 0HLKTJI5SG9UL:00000033 [INF] Executing an implicit handler method - ModelState is Valid (232a55d1)
2019-02-28T17:55:31.0025385+01:00 0HLKTJI5SG9UL:00000033 [INF] Executed an implicit handler method, returned result "Microsoft.AspNetCore.Mvc.RazorPages.PageResult". (f857da66)
2019-02-28T17:55:31.0065716+01:00 0HLKTJI5SG9UL:00000033 [INF] Executed page "/LostAndNotFound" in 7.7615ms (02e01280)
2019-02-28T17:55:31.0108667+01:00 0HLKTJI5SG9UL:00000033 [INF] Request finished in 18.83ms 200 text/html; charset=utf-8 (791a596a)
2019-02-28T17:55:31.1330638+01:00 0HLKTJI5SG9UL:00000034 [INF] Request starting HTTP/1.1 GET http://localhost:5000/favicon.ico   (ca22a1cb)
2019-02-28T17:55:31.1391991+01:00 0HLKTJI5SG9UL:00000034 [INF] Route matched with "{page = \"/Post\", action = \"\", controller = \"\"}". Executing page "/Post" (547e620f)
2019-02-28T17:55:31.1429402+01:00 0HLKTJI5SG9UL:00000034 [INF] Executing handler method "hySite.PostPageModel.OnGet" with arguments (["favicon.ico"]) - ModelState is Valid (d4ff7456)
2019-02-28T17:55:31.1461396+01:00 0HLKTJI5SG9UL:00000034 [INF] Entity Framework Core "2.2.2-servicing-10034" initialized '"AppDbContext"' using provider '"Microsoft.EntityFrameworkCore.InMemory"' with options: "StoreName=db " (9958f5bb)
2019-02-28T17:55:31.1497205+01:00 0HLKTJI5SG9UL:00000034 [INF] Executed handler method "OnGet", returned result "Microsoft.AspNetCore.Mvc.RedirectToPageResult". (90fdc39c)
2019-02-28T17:55:31.1538930+01:00 0HLKTJI5SG9UL:00000034 [INF] Executing RedirectToPageResult, redirecting to "/LostAndNotFound". (07cf2c9f)
2019-02-28T17:55:31.1593877+01:00 0HLKTJI5SG9UL:00000034 [INF] Executed page "/Post" in 14.5799ms (02e01280)
2019-02-28T17:55:31.1631084+01:00 0HLKTJI5SG9UL:00000034 [INF] Request finished in 30.8051ms 302  (791a596a)
2019-02-28T17:55:31.1665082+01:00 0HLKTJI5SG9UL:00000035 [INF] Request starting HTTP/1.1 GET http://localhost:5000/LostAndNotFound   (ca22a1cb)
2019-02-28T17:55:31.1712787+01:00 0HLKTJI5SG9UL:00000035 [INF] Route matched with "{page = \"/LostAndNotFound\", action = \"\", controller = \"\"}". Executing page "/LostAndNotFound" (547e620f)
2019-02-28T17:55:31.1750421+01:00 0HLKTJI5SG9UL:00000035 [INF] Executing an implicit handler method - ModelState is Valid (232a55d1)
2019-02-28T17:55:31.1785317+01:00 0HLKTJI5SG9UL:00000035 [INF] Executed an implicit handler method, returned result "Microsoft.AspNetCore.Mvc.RazorPages.PageResult". (f857da66)
2019-02-28T17:55:31.1819103+01:00 0HLKTJI5SG9UL:00000035 [INF] Executed page "/LostAndNotFound" in 7.5982ms (02e01280)
2019-02-28T17:55:31.1854276+01:00 0HLKTJI5SG9UL:00000035 [INF] Request finished in 18.742ms 200 text/html; charset=utf-8 (791a596a)
2019-02-28T17:55:31.2994881+01:00 0HLKTJI5SG9UL:00000036 [INF] Request starting HTTP/1.1 GET http://localhost:5000/favicon.ico   (ca22a1cb)
2019-02-28T17:55:31.3044293+01:00 0HLKTJI5SG9UL:00000036 [INF] Route matched with "{page = \"/Post\", action = \"\", controller = \"\"}". Executing page "/Post" (547e620f)
2019-02-28T17:55:31.3086938+01:00 0HLKTJI5SG9UL:00000036 [INF] Executing handler method "hySite.PostPageModel.OnGet" with arguments (["favicon.ico"]) - ModelState is Valid (d4ff7456)
2019-02-28T17:55:31.3123005+01:00 0HLKTJI5SG9UL:00000036 [INF] Entity Framework Core "2.2.2-servicing-10034" initialized '"AppDbContext"' using provider '"Microsoft.EntityFrameworkCore.InMemory"' with options: "StoreName=db " (9958f5bb)
2019-02-28T17:55:31.3164193+01:00 0HLKTJI5SG9UL:00000036 [INF] Executed handler method "OnGet", returned result "Microsoft.AspNetCore.Mvc.RedirectToPageResult". (90fdc39c)
2019-02-28T17:55:31.3224143+01:00 0HLKTJI5SG9UL:00000036 [INF] Executing RedirectToPageResult, redirecting to "/LostAndNotFound". (07cf2c9f)
2019-02-28T17:55:31.3256925+01:00 0HLKTJI5SG9UL:00000036 [INF] Executed page "/Post" in 17.9898ms (02e01280)
2019-02-28T17:55:31.3292718+01:00 0HLKTJI5SG9UL:00000036 [INF] Request finished in 31.0062ms 302  (791a596a)
2019-02-28T17:55:31.3392080+01:00 0HLKTJI5SG9UL:00000037 [INF] Request starting HTTP/1.1 GET http://localhost:5000/LostAndNotFound   (ca22a1cb)
2019-02-28T17:55:31.3740943+01:00 0HLKTJI5SG9UL:00000037 [INF] Route matched with "{page = \"/LostAndNotFound\", action = \"\", controller = \"\"}". Executing page "/LostAndNotFound" (547e620f)
2019-02-28T17:55:31.3784377+01:00 0HLKTJI5SG9UL:00000037 [INF] Executing an implicit handler method - ModelState is Valid (232a55d1)
2019-02-28T17:55:31.3815977+01:00 0HLKTJI5SG9UL:00000037 [INF] Executed an implicit handler method, returned result "Microsoft.AspNetCore.Mvc.RazorPages.PageResult". (f857da66)
2019-02-28T17:55:31.3851171+01:00 0HLKTJI5SG9UL:00000037 [INF] Executed page "/LostAndNotFound" in 7.8449ms (02e01280)
2019-02-28T17:55:31.3899702+01:00 0HLKTJI5SG9UL:00000037 [INF] Request finished in 51.545ms 200 text/html; charset=utf-8 (791a596a)
2019-02-28T17:55:31.4441562+01:00 0HLKTJI5SG9UL:00000038 [INF] Request starting HTTP/1.1 GET http://localhost:5000/favicon.ico   (ca22a1cb)
2019-02-28T17:55:31.4477037+01:00 0HLKTJI5SG9UL:00000038 [INF] Route matched with "{page = \"/Post\", action = \"\", controller = \"\"}". Executing page "/Post" (547e620f)
2019-02-28T17:55:31.4505467+01:00 0HLKTJI5SG9UL:00000038 [INF] Executing handler method "hySite.PostPageModel.OnGet" with arguments (["favicon.ico"]) - ModelState is Valid (d4ff7456)
2019-02-28T17:55:31.4545038+01:00 0HLKTJI5SG9UL:00000038 [INF] Entity Framework Core "2.2.2-servicing-10034" initialized '"AppDbContext"' using provider '"Microsoft.EntityFrameworkCore.InMemory"' with options: "StoreName=db " (9958f5bb)
2019-02-28T17:55:31.4586247+01:00 0HLKTJI5SG9UL:00000038 [INF] Executed handler method "OnGet", returned result "Microsoft.AspNetCore.Mvc.RedirectToPageResult". (90fdc39c)
2019-02-28T17:55:31.4620050+01:00 0HLKTJI5SG9UL:00000038 [INF] Executing RedirectToPageResult, redirecting to "/LostAndNotFound". (07cf2c9f)
2019-02-28T17:55:31.4649861+01:00 0HLKTJI5SG9UL:00000038 [INF] Executed page "/Post" in 14.3341ms (02e01280)
2019-02-28T17:55:31.4681166+01:00 0HLKTJI5SG9UL:00000038 [INF] Request finished in 24.6634ms 302  (791a596a)
2019-02-28T17:55:31.4716308+01:00 0HLKTJI5SG9UL:00000039 [INF] Request starting HTTP/1.1 GET http://localhost:5000/LostAndNotFound   (ca22a1cb)
2019-02-28T17:55:31.4753046+01:00 0HLKTJI5SG9UL:00000039 [INF] Route matched with "{page = \"/LostAndNotFound\", action = \"\", controller = \"\"}". Executing page "/LostAndNotFound" (547e620f)
2019-02-28T17:55:31.4787006+01:00 0HLKTJI5SG9UL:00000039 [INF] Executing an implicit handler method - ModelState is Valid (232a55d1)
2019-02-28T17:55:31.4814608+01:00 0HLKTJI5SG9UL:00000039 [INF] Executed an implicit handler method, returned result "Microsoft.AspNetCore.Mvc.RazorPages.PageResult". (f857da66)
2019-02-28T17:55:31.4851371+01:00 0HLKTJI5SG9UL:00000039 [INF] Executed page "/LostAndNotFound" in 6.4311ms (02e01280)
2019-02-28T17:55:31.4883764+01:00 0HLKTJI5SG9UL:00000039 [INF] Request finished in 16.9896ms 200 text/html; charset=utf-8 (791a596a)
2019-02-28T17:55:31.6071034+01:00 0HLKTJI5SG9UL:0000003A [INF] Request starting HTTP/1.1 GET http://localhost:5000/favicon.ico   (ca22a1cb)
2019-02-28T17:55:31.6102725+01:00 0HLKTJI5SG9UL:0000003A [INF] Route matched with "{page = \"/Post\", action = \"\", controller = \"\"}". Executing page "/Post" (547e620f)
2019-02-28T17:55:31.6132098+01:00 0HLKTJI5SG9UL:0000003A [INF] Executing handler method "hySite.PostPageModel.OnGet" with arguments (["favicon.ico"]) - ModelState is Valid (d4ff7456)
2019-02-28T17:55:31.6170781+01:00 0HLKTJI5SG9UL:0000003A [INF] Entity Framework Core "2.2.2-servicing-10034" initialized '"AppDbContext"' using provider '"Microsoft.EntityFrameworkCore.InMemory"' with options: "StoreName=db " (9958f5bb)
2019-02-28T17:55:31.6218190+01:00 0HLKTJI5SG9UL:0000003A [INF] Executed handler method "OnGet", returned result "Microsoft.AspNetCore.Mvc.RedirectToPageResult". (90fdc39c)
2019-02-28T17:55:31.6262813+01:00 0HLKTJI5SG9UL:0000003A [INF] Executing RedirectToPageResult, redirecting to "/LostAndNotFound". (07cf2c9f)
2019-02-28T17:55:31.6301195+01:00 0HLKTJI5SG9UL:0000003A [INF] Executed page "/Post" in 15.9936ms (02e01280)
2019-02-28T17:55:31.6338229+01:00 0HLKTJI5SG9UL:0000003A [INF] Request finished in 27.1972ms 302  (791a596a)
2019-02-28T17:55:31.6373166+01:00 0HLKTJI5SG9UL:0000003B [INF] Request starting HTTP/1.1 GET http://localhost:5000/LostAndNotFound   (ca22a1cb)
2019-02-28T17:55:31.6438928+01:00 0HLKTJI5SG9UL:0000003B [INF] Route matched with "{page = \"/LostAndNotFound\", action = \"\", controller = \"\"}". Executing page "/LostAndNotFound" (547e620f)
2019-02-28T17:55:31.6477781+01:00 0HLKTJI5SG9UL:0000003B [INF] Executing an implicit handler method - ModelState is Valid (232a55d1)
2019-02-28T17:55:31.6513039+01:00 0HLKTJI5SG9UL:0000003B [INF] Executed an implicit handler method, returned result "Microsoft.AspNetCore.Mvc.RazorPages.PageResult". (f857da66)
2019-02-28T17:55:31.6562074+01:00 0HLKTJI5SG9UL:0000003B [INF] Executed page "/LostAndNotFound" in 7.9669ms (02e01280)
2019-02-28T17:55:31.6601521+01:00 0HLKTJI5SG9UL:0000003B [INF] Request finished in 22.3518ms 200 text/html; charset=utf-8 (791a596a)
